2026-02-11 15:16:54 | traffic | [31mERROR[0m | get_traffic_flow:84 | Traffic fetch failed: HTTPSConnectionPool(host='api.tomtom.com', port=443): Max retries exceeded with url: /traffic/services/4/flowSegmentData/absolute/10/json?point=17.385,78.4867&key=Ri0LrJjjYgFqE3LToDzy2MAr8MCyYs9D (Caused by NameResolutionError("HTTPSConnection(host='api.tomtom.com', port=443): Failed to resolve 'api.tomtom.com' ([Errno 11001] getaddrinfo failed)"))
Traceback (most recent call last):
  File "C:\Users\chera\OneDrive\Desktop\projectbot1\venv\Lib\site-packages\urllib3\connection.py", line 204, in _new_conn
    sock = connection.create_connection(
        (self._dns_host, self.port),
    ...<2 lines>...
        socket_options=self.socket_options,
    )
  File "C:\Users\chera\OneDrive\Desktop\projectbot1\venv\Lib\site-packages\urllib3\util\connection.py", line 60, in create_connection
    for res in socket.getaddrinfo(host, port, family, socket.SOCK_STREAM):
               ~~~~~~~~~~~~~~~~~~^^^^^^^^^^^^^^^^^^^^^^^^^^^^^^^^^^^^^^^^
  File "C:\Users\chera\AppData\Local\Programs\Python\Python314\Lib\socket.py", line 983, in getaddrinfo
    for res in _socket.getaddrinfo(host, port, family, type, proto, flags):
               ~~~~~~~~~~~~~~~~~~~^^^^^^^^^^^^^^^^^^^^^^^^^^^^^^^^^^^^^^^^
socket.gaierror: [Errno 11001] getaddrinfo failed

The above exception was the direct cause of the following exception:

Traceback (most recent call last):
  File "C:\Users\chera\OneDrive\Desktop\projectbot1\venv\Lib\site-packages\urllib3\connectionpool.py", line 787, in urlopen
    response = self._make_request(
        conn,
    ...<10 lines>...
        **response_kw,
    )
  File "C:\Users\chera\OneDrive\Desktop\projectbot1\venv\Lib\site-packages\urllib3\connectionpool.py", line 488, in _make_request
    raise new_e
  File "C:\Users\chera\OneDrive\Desktop\projectbot1\venv\Lib\site-packages\urllib3\connectionpool.py", line 464, in _make_request
    self._validate_conn(conn)
    ~~~~~~~~~~~~~~~~~~~^^^^^^
  File "C:\Users\chera\OneDrive\Desktop\projectbot1\venv\Lib\site-packages\urllib3\connectionpool.py", line 1093, in _validate_conn
    conn.connect()
    ~~~~~~~~~~~~^^
  File "C:\Users\chera\OneDrive\Desktop\projectbot1\venv\Lib\site-packages\urllib3\connection.py", line 759, in connect
    self.sock = sock = self._new_conn()
                       ~~~~~~~~~~~~~~^^
  File "C:\Users\chera\OneDrive\Desktop\projectbot1\venv\Lib\site-packages\urllib3\connection.py", line 211, in _new_conn
    raise NameResolutionError(self.host, self, e) from e
urllib3.exceptions.NameResolutionError: HTTPSConnection(host='api.tomtom.com', port=443): Failed to resolve 'api.tomtom.com' ([Errno 11001] getaddrinfo failed)

The above exception was the direct cause of the following exception:

Traceback (most recent call last):
  File "C:\Users\chera\OneDrive\Desktop\projectbot1\venv\Lib\site-packages\requests\adapters.py", line 486, in send
    resp = conn.urlopen(
        method=request.method,
    ...<9 lines>...
        chunked=chunked,
    )
  File "C:\Users\chera\OneDrive\Desktop\projectbot1\venv\Lib\site-packages\urllib3\connectionpool.py", line 841, in urlopen
    retries = retries.increment(
        method, url, error=new_e, _pool=self, _stacktrace=sys.exc_info()[2]
    )
  File "C:\Users\chera\OneDrive\Desktop\projectbot1\venv\Lib\site-packages\urllib3\util\retry.py", line 535, in increment
    raise MaxRetryError(_pool, url, reason) from reason  # type: ignore[arg-type]
    ^^^^^^^^^^^^^^^^^^^^^^^^^^^^^^^^^^^^^^^^^^^^^^^^^^^
urllib3.exceptions.MaxRetryError: HTTPSConnectionPool(host='api.tomtom.com', port=443): Max retries exceeded with url: /traffic/services/4/flowSegmentData/absolute/10/json?point=17.385,78.4867&key=Ri0LrJjjYgFqE3LToDzy2MAr8MCyYs9D (Caused by NameResolutionError("HTTPSConnection(host='api.tomtom.com', port=443): Failed to resolve 'api.tomtom.com' ([Errno 11001] getaddrinfo failed)"))

During handling of the above exception, another exception occurred:

Traceback (most recent call last):
  File "C:\Users\chera\OneDrive\Desktop\projectbot1\services\traffic.py", line 61, in get_traffic_flow
    response = requests.get(url, timeout=config.api.TRAFFIC_TIMEOUT)
  File "C:\Users\chera\OneDrive\Desktop\projectbot1\venv\Lib\site-packages\requests\api.py", line 73, in get
    return request("get", url, params=params, **kwargs)
  File "C:\Users\chera\OneDrive\Desktop\projectbot1\venv\Lib\site-packages\requests\api.py", line 59, in request
    return session.request(method=method, url=url, **kwargs)
           ~~~~~~~~~~~~~~~^^^^^^^^^^^^^^^^^^^^^^^^^^^^^^^^^^
  File "C:\Users\chera\OneDrive\Desktop\projectbot1\venv\Lib\site-packages\requests\sessions.py", line 589, in request
    resp = self.send(prep, **send_kwargs)
  File "C:\Users\chera\OneDrive\Desktop\projectbot1\venv\Lib\site-packages\requests\sessions.py", line 703, in send
    r = adapter.send(request, **kwargs)
  File "C:\Users\chera\OneDrive\Desktop\projectbot1\venv\Lib\site-packages\requests\adapters.py", line 519, in send
    raise ConnectionError(e, request=request)
requests.exceptions.ConnectionError: HTTPSConnectionPool(host='api.tomtom.com', port=443): Max retries exceeded with url: /traffic/services/4/flowSegmentData/absolute/10/json?point=17.385,78.4867&key=Ri0LrJjjYgFqE3LToDzy2MAr8MCyYs9D (Caused by NameResolutionError("HTTPSConnection(host='api.tomtom.com', port=443): Failed to resolve 'api.tomtom.com' ([Errno 11001] getaddrinfo failed)"))
2026-02-11 15:17:06 | traffic | [31mERROR[0m | get_traffic_flow:84 | Traffic fetch failed: HTTPSConnectionPool(host='api.tomtom.com', port=443): Max retries exceeded with url: /traffic/services/4/flowSegmentData/absolute/10/json?point=17.385,78.4867&key=Ri0LrJjjYgFqE3LToDzy2MAr8MCyYs9D (Caused by NameResolutionError("HTTPSConnection(host='api.tomtom.com', port=443): Failed to resolve 'api.tomtom.com' ([Errno 11001] getaddrinfo failed)"))
Traceback (most recent call last):
  File "C:\Users\chera\OneDrive\Desktop\projectbot1\venv\Lib\site-packages\urllib3\connection.py", line 204, in _new_conn
    sock = connection.create_connection(
        (self._dns_host, self.port),
    ...<2 lines>...
        socket_options=self.socket_options,
    )
  File "C:\Users\chera\OneDrive\Desktop\projectbot1\venv\Lib\site-packages\urllib3\util\connection.py", line 60, in create_connection
    for res in socket.getaddrinfo(host, port, family, socket.SOCK_STREAM):
               ~~~~~~~~~~~~~~~~~~^^^^^^^^^^^^^^^^^^^^^^^^^^^^^^^^^^^^^^^^
  File "C:\Users\chera\AppData\Local\Programs\Python\Python314\Lib\socket.py", line 983, in getaddrinfo
    for res in _socket.getaddrinfo(host, port, family, type, proto, flags):
               ~~~~~~~~~~~~~~~~~~~^^^^^^^^^^^^^^^^^^^^^^^^^^^^^^^^^^^^^^^^
socket.gaierror: [Errno 11001] getaddrinfo failed

The above exception was the direct cause of the following exception:

Traceback (most recent call last):
  File "C:\Users\chera\OneDrive\Desktop\projectbot1\venv\Lib\site-packages\urllib3\connectionpool.py", line 787, in urlopen
    response = self._make_request(
        conn,
    ...<10 lines>...
        **response_kw,
    )
  File "C:\Users\chera\OneDrive\Desktop\projectbot1\venv\Lib\site-packages\urllib3\connectionpool.py", line 488, in _make_request
    raise new_e
  File "C:\Users\chera\OneDrive\Desktop\projectbot1\venv\Lib\site-packages\urllib3\connectionpool.py", line 464, in _make_request
    self._validate_conn(conn)
    ~~~~~~~~~~~~~~~~~~~^^^^^^
  File "C:\Users\chera\OneDrive\Desktop\projectbot1\venv\Lib\site-packages\urllib3\connectionpool.py", line 1093, in _validate_conn
    conn.connect()
    ~~~~~~~~~~~~^^
  File "C:\Users\chera\OneDrive\Desktop\projectbot1\venv\Lib\site-packages\urllib3\connection.py", line 759, in connect
    self.sock = sock = self._new_conn()
                       ~~~~~~~~~~~~~~^^
  File "C:\Users\chera\OneDrive\Desktop\projectbot1\venv\Lib\site-packages\urllib3\connection.py", line 211, in _new_conn
    raise NameResolutionError(self.host, self, e) from e
urllib3.exceptions.NameResolutionError: HTTPSConnection(host='api.tomtom.com', port=443): Failed to resolve 'api.tomtom.com' ([Errno 11001] getaddrinfo failed)

The above exception was the direct cause of the following exception:

Traceback (most recent call last):
  File "C:\Users\chera\OneDrive\Desktop\projectbot1\venv\Lib\site-packages\requests\adapters.py", line 486, in send
    resp = conn.urlopen(
        method=request.method,
    ...<9 lines>...
        chunked=chunked,
    )
  File "C:\Users\chera\OneDrive\Desktop\projectbot1\venv\Lib\site-packages\urllib3\connectionpool.py", line 841, in urlopen
    retries = retries.increment(
        method, url, error=new_e, _pool=self, _stacktrace=sys.exc_info()[2]
    )
  File "C:\Users\chera\OneDrive\Desktop\projectbot1\venv\Lib\site-packages\urllib3\util\retry.py", line 535, in increment
    raise MaxRetryError(_pool, url, reason) from reason  # type: ignore[arg-type]
    ^^^^^^^^^^^^^^^^^^^^^^^^^^^^^^^^^^^^^^^^^^^^^^^^^^^
urllib3.exceptions.MaxRetryError: HTTPSConnectionPool(host='api.tomtom.com', port=443): Max retries exceeded with url: /traffic/services/4/flowSegmentData/absolute/10/json?point=17.385,78.4867&key=Ri0LrJjjYgFqE3LToDzy2MAr8MCyYs9D (Caused by NameResolutionError("HTTPSConnection(host='api.tomtom.com', port=443): Failed to resolve 'api.tomtom.com' ([Errno 11001] getaddrinfo failed)"))

During handling of the above exception, another exception occurred:

Traceback (most recent call last):
  File "C:\Users\chera\OneDrive\Desktop\projectbot1\services\traffic.py", line 61, in get_traffic_flow
    response = requests.get(url, timeout=config.api.TRAFFIC_TIMEOUT)
  File "C:\Users\chera\OneDrive\Desktop\projectbot1\venv\Lib\site-packages\requests\api.py", line 73, in get
    return request("get", url, params=params, **kwargs)
  File "C:\Users\chera\OneDrive\Desktop\projectbot1\venv\Lib\site-packages\requests\api.py", line 59, in request
    return session.request(method=method, url=url, **kwargs)
           ~~~~~~~~~~~~~~~^^^^^^^^^^^^^^^^^^^^^^^^^^^^^^^^^^
  File "C:\Users\chera\OneDrive\Desktop\projectbot1\venv\Lib\site-packages\requests\sessions.py", line 589, in request
    resp = self.send(prep, **send_kwargs)
  File "C:\Users\chera\OneDrive\Desktop\projectbot1\venv\Lib\site-packages\requests\sessions.py", line 703, in send
    r = adapter.send(request, **kwargs)
  File "C:\Users\chera\OneDrive\Desktop\projectbot1\venv\Lib\site-packages\requests\adapters.py", line 519, in send
    raise ConnectionError(e, request=request)
requests.exceptions.ConnectionError: HTTPSConnectionPool(host='api.tomtom.com', port=443): Max retries exceeded with url: /traffic/services/4/flowSegmentData/absolute/10/json?point=17.385,78.4867&key=Ri0LrJjjYgFqE3LToDzy2MAr8MCyYs9D (Caused by NameResolutionError("HTTPSConnection(host='api.tomtom.com', port=443): Failed to resolve 'api.tomtom.com' ([Errno 11001] getaddrinfo failed)"))
2026-02-11 15:17:29 | traffic | [32mINFO[0m | get_traffic_flow:73 | Traffic status: moderate (current: 19 km/h, free flow: 28 km/h)
2026-02-11 15:17:47 | traffic | [32mINFO[0m | get_traffic_flow:73 | Traffic status: moderate (current: 19 km/h, free flow: 28 km/h)
2026-02-11 15:17:56 | traffic | [32mINFO[0m | get_traffic_flow:73 | Traffic status: moderate (current: 18 km/h, free flow: 27 km/h)
2026-02-11 15:18:26 | traffic | [32mINFO[0m | get_traffic_flow:73 | Traffic status: moderate (current: 18 km/h, free flow: 27 km/h)
2026-02-11 15:18:30 | traffic | [32mINFO[0m | get_traffic_flow:73 | Traffic status: moderate (current: 19 km/h, free flow: 27 km/h)
2026-02-11 15:18:49 | traffic | [32mINFO[0m | get_traffic_flow:73 | Traffic status: moderate (current: 19 km/h, free flow: 27 km/h)
2026-02-11 15:19:00 | traffic | [32mINFO[0m | get_traffic_flow:73 | Traffic status: moderate (current: 18 km/h, free flow: 27 km/h)
2026-02-11 15:44:08 | traffic | [32mINFO[0m | get_traffic_flow:73 | Traffic status: moderate (current: 19 km/h, free flow: 28 km/h)
2026-02-11 15:44:27 | traffic | [32mINFO[0m | get_traffic_flow:73 | Traffic status: moderate (current: 18 km/h, free flow: 28 km/h)
2026-02-11 16:42:43 | traffic | [32mINFO[0m | get_traffic_flow:73 | Traffic status: moderate (current: 16 km/h, free flow: 28 km/h)
2026-02-11 16:42:43 | traffic | [32mINFO[0m | get_traffic_flow:73 | Traffic status: moderate (current: 16 km/h, free flow: 28 km/h)
2026-02-11 16:42:44 | traffic | [32mINFO[0m | get_traffic_flow:73 | Traffic status: moderate (current: 16 km/h, free flow: 28 km/h)
2026-02-11 16:42:44 | traffic | [32mINFO[0m | get_traffic_flow:73 | Traffic status: moderate (current: 16 km/h, free flow: 28 km/h)
2026-02-11 16:42:44 | traffic | [32mINFO[0m | get_traffic_flow:73 | Traffic status: moderate (current: 16 km/h, free flow: 28 km/h)
2026-02-11 16:42:44 | traffic | [32mINFO[0m | get_traffic_flow:73 | Traffic status: moderate (current: 16 km/h, free flow: 28 km/h)
2026-02-11 16:42:44 | traffic | [32mINFO[0m | get_traffic_flow:73 | Traffic status: moderate (current: 16 km/h, free flow: 28 km/h)
2026-02-11 16:42:54 | traffic | [32mINFO[0m | get_traffic_flow:73 | Traffic status: moderate (current: 16 km/h, free flow: 28 km/h)
2026-02-11 16:42:57 | traffic | [32mINFO[0m | get_traffic_flow:73 | Traffic status: moderate (current: 16 km/h, free flow: 28 km/h)
2026-02-11 16:42:57 | traffic | [32mINFO[0m | get_traffic_flow:73 | Traffic status: moderate (current: 16 km/h, free flow: 28 km/h)
2026-02-11 16:43:25 | traffic | [32mINFO[0m | get_traffic_flow:73 | Traffic status: moderate (current: 17 km/h, free flow: 27 km/h)
2026-02-11 16:58:51 | traffic | [32mINFO[0m | get_traffic_flow:73 | Traffic status: moderate (current: 18 km/h, free flow: 28 km/h)
2026-02-11 16:58:51 | traffic | [32mINFO[0m | get_traffic_flow:73 | Traffic status: moderate (current: 18 km/h, free flow: 28 km/h)
2026-02-11 16:58:54 | traffic | [32mINFO[0m | get_traffic_flow:73 | Traffic status: moderate (current: 19 km/h, free flow: 27 km/h)
2026-02-11 16:58:55 | traffic | [32mINFO[0m | get_traffic_flow:73 | Traffic status: moderate (current: 19 km/h, free flow: 27 km/h)
2026-02-11 16:58:55 | traffic | [32mINFO[0m | get_traffic_flow:73 | Traffic status: moderate (current: 19 km/h, free flow: 27 km/h)
2026-02-11 16:59:03 | traffic | [32mINFO[0m | get_traffic_flow:73 | Traffic status: moderate (current: 19 km/h, free flow: 27 km/h)
2026-02-11 16:59:04 | traffic | [32mINFO[0m | get_traffic_flow:73 | Traffic status: moderate (current: 19 km/h, free flow: 27 km/h)
2026-02-11 16:59:04 | traffic | [32mINFO[0m | get_traffic_flow:73 | Traffic status: moderate (current: 19 km/h, free flow: 27 km/h)
2026-02-11 16:59:26 | traffic | [32mINFO[0m | get_traffic_flow:73 | Traffic status: moderate (current: 19 km/h, free flow: 27 km/h)
2026-02-11 16:59:28 | traffic | [32mINFO[0m | get_traffic_flow:73 | Traffic status: moderate (current: 19 km/h, free flow: 27 km/h)
2026-02-11 16:59:30 | traffic | [32mINFO[0m | get_traffic_flow:73 | Traffic status: moderate (current: 18 km/h, free flow: 28 km/h)
2026-02-11 16:59:30 | traffic | [32mINFO[0m | get_traffic_flow:73 | Traffic status: moderate (current: 18 km/h, free flow: 28 km/h)
2026-02-11 16:59:54 | traffic | [32mINFO[0m | get_traffic_flow:73 | Traffic status: moderate (current: 18 km/h, free flow: 28 km/h)
2026-02-11 16:59:54 | traffic | [32mINFO[0m | get_traffic_flow:73 | Traffic status: moderate (current: 18 km/h, free flow: 28 km/h)
2026-02-11 16:59:54 | traffic | [32mINFO[0m | get_traffic_flow:73 | Traffic status: moderate (current: 18 km/h, free flow: 28 km/h)
2026-02-11 17:00:05 | traffic | [32mINFO[0m | get_traffic_flow:73 | Traffic status: moderate (current: 16 km/h, free flow: 28 km/h)
2026-02-11 17:00:06 | traffic | [32mINFO[0m | get_traffic_flow:73 | Traffic status: moderate (current: 16 km/h, free flow: 28 km/h)
2026-02-11 17:00:06 | traffic | [32mINFO[0m | get_traffic_flow:73 | Traffic status: moderate (current: 16 km/h, free flow: 28 km/h)
2026-02-11 17:01:21 | traffic | [32mINFO[0m | get_traffic_flow:73 | Traffic status: moderate (current: 18 km/h, free flow: 28 km/h)
2026-02-11 17:01:23 | traffic | [32mINFO[0m | get_traffic_flow:73 | Traffic status: moderate (current: 18 km/h, free flow: 28 km/h)
2026-02-11 17:01:26 | traffic | [32mINFO[0m | get_traffic_flow:73 | Traffic status: moderate (current: 18 km/h, free flow: 28 km/h)
2026-02-11 17:01:27 | traffic | [32mINFO[0m | get_traffic_flow:73 | Traffic status: moderate (current: 18 km/h, free flow: 28 km/h)
2026-02-11 17:01:27 | traffic | [32mINFO[0m | get_traffic_flow:73 | Traffic status: moderate (current: 18 km/h, free flow: 28 km/h)
2026-02-11 17:01:54 | traffic | [32mINFO[0m | get_traffic_flow:73 | Traffic status: moderate (current: 18 km/h, free flow: 28 km/h)
2026-02-11 17:01:55 | traffic | [32mINFO[0m | get_traffic_flow:73 | Traffic status: moderate (current: 18 km/h, free flow: 28 km/h)
2026-02-11 17:01:55 | traffic | [32mINFO[0m | get_traffic_flow:73 | Traffic status: moderate (current: 18 km/h, free flow: 28 km/h)
2026-02-11 17:02:10 | traffic | [32mINFO[0m | get_traffic_flow:73 | Traffic status: moderate (current: 18 km/h, free flow: 28 km/h)
2026-02-11 17:02:11 | traffic | [32mINFO[0m | get_traffic_flow:73 | Traffic status: moderate (current: 18 km/h, free flow: 28 km/h)
2026-02-11 17:02:11 | traffic | [32mINFO[0m | get_traffic_flow:73 | Traffic status: moderate (current: 18 km/h, free flow: 28 km/h)
2026-02-11 17:02:13 | traffic | [32mINFO[0m | get_traffic_flow:73 | Traffic status: moderate (current: 18 km/h, free flow: 28 km/h)
2026-02-11 17:02:14 | traffic | [32mINFO[0m | get_traffic_flow:73 | Traffic status: moderate (current: 18 km/h, free flow: 28 km/h)
2026-02-11 17:02:15 | traffic | [32mINFO[0m | get_traffic_flow:73 | Traffic status: moderate (current: 18 km/h, free flow: 28 km/h)
2026-02-11 17:02:27 | traffic | [32mINFO[0m | get_traffic_flow:73 | Traffic status: moderate (current: 18 km/h, free flow: 28 km/h)
2026-02-11 17:02:28 | traffic | [32mINFO[0m | get_traffic_flow:73 | Traffic status: moderate (current: 18 km/h, free flow: 28 km/h)
2026-02-11 17:02:28 | traffic | [32mINFO[0m | get_traffic_flow:73 | Traffic status: moderate (current: 18 km/h, free flow: 28 km/h)
2026-02-11 17:02:30 | traffic | [32mINFO[0m | get_traffic_flow:73 | Traffic status: moderate (current: 18 km/h, free flow: 28 km/h)
2026-02-11 17:02:32 | traffic | [32mINFO[0m | get_traffic_flow:73 | Traffic status: moderate (current: 18 km/h, free flow: 28 km/h)
2026-02-11 17:02:32 | traffic | [32mINFO[0m | get_traffic_flow:73 | Traffic status: moderate (current: 18 km/h, free flow: 28 km/h)
2026-02-11 17:02:42 | traffic | [32mINFO[0m | get_traffic_flow:73 | Traffic status: moderate (current: 19 km/h, free flow: 28 km/h)
2026-02-11 17:02:44 | traffic | [32mINFO[0m | get_traffic_flow:73 | Traffic status: moderate (current: 19 km/h, free flow: 28 km/h)
2026-02-11 17:02:44 | traffic | [32mINFO[0m | get_traffic_flow:73 | Traffic status: moderate (current: 19 km/h, free flow: 28 km/h)
2026-02-11 17:02:55 | traffic | [32mINFO[0m | get_traffic_flow:73 | Traffic status: moderate (current: 19 km/h, free flow: 28 km/h)
2026-02-11 17:02:55 | traffic | [32mINFO[0m | get_traffic_flow:73 | Traffic status: moderate (current: 19 km/h, free flow: 28 km/h)
2026-02-11 17:02:55 | traffic | [32mINFO[0m | get_traffic_flow:73 | Traffic status: moderate (current: 19 km/h, free flow: 28 km/h)
2026-02-11 17:02:56 | traffic | [32mINFO[0m | get_traffic_flow:73 | Traffic status: moderate (current: 19 km/h, free flow: 28 km/h)
2026-02-11 17:02:59 | traffic | [32mINFO[0m | get_traffic_flow:73 | Traffic status: moderate (current: 17 km/h, free flow: 28 km/h)
2026-02-11 17:03:00 | traffic | [32mINFO[0m | get_traffic_flow:73 | Traffic status: moderate (current: 17 km/h, free flow: 28 km/h)
2026-02-11 17:03:00 | traffic | [32mINFO[0m | get_traffic_flow:73 | Traffic status: moderate (current: 17 km/h, free flow: 28 km/h)
2026-02-11 17:03:03 | traffic | [32mINFO[0m | get_traffic_flow:73 | Traffic status: moderate (current: 17 km/h, free flow: 28 km/h)
2026-02-11 17:03:05 | traffic | [32mINFO[0m | get_traffic_flow:73 | Traffic status: moderate (current: 17 km/h, free flow: 28 km/h)
2026-02-11 17:03:05 | traffic | [32mINFO[0m | get_traffic_flow:73 | Traffic status: moderate (current: 17 km/h, free flow: 28 km/h)
2026-02-11 17:03:27 | traffic | [32mINFO[0m | get_traffic_flow:73 | Traffic status: moderate (current: 16 km/h, free flow: 28 km/h)
2026-02-11 17:03:28 | traffic | [32mINFO[0m | get_traffic_flow:73 | Traffic status: moderate (current: 16 km/h, free flow: 28 km/h)
2026-02-11 17:03:28 | traffic | [32mINFO[0m | get_traffic_flow:73 | Traffic status: moderate (current: 16 km/h, free flow: 28 km/h)
2026-02-11 17:03:34 | traffic | [32mINFO[0m | get_traffic_flow:73 | Traffic status: moderate (current: 16 km/h, free flow: 28 km/h)
2026-02-11 17:03:36 | traffic | [32mINFO[0m | get_traffic_flow:73 | Traffic status: moderate (current: 16 km/h, free flow: 28 km/h)
2026-02-11 17:03:36 | traffic | [32mINFO[0m | get_traffic_flow:73 | Traffic status: moderate (current: 16 km/h, free flow: 28 km/h)
2026-02-11 17:04:29 | traffic | [32mINFO[0m | get_traffic_flow:73 | Traffic status: moderate (current: 17 km/h, free flow: 27 km/h)
2026-02-11 17:04:30 | traffic | [32mINFO[0m | get_traffic_flow:73 | Traffic status: moderate (current: 17 km/h, free flow: 27 km/h)
2026-02-11 17:04:30 | traffic | [32mINFO[0m | get_traffic_flow:73 | Traffic status: moderate (current: 17 km/h, free flow: 27 km/h)
2026-02-11 17:04:43 | traffic | [32mINFO[0m | get_traffic_flow:73 | Traffic status: moderate (current: 17 km/h, free flow: 27 km/h)
2026-02-11 17:04:44 | traffic | [32mINFO[0m | get_traffic_flow:73 | Traffic status: moderate (current: 17 km/h, free flow: 27 km/h)
2026-02-11 17:04:44 | traffic | [32mINFO[0m | get_traffic_flow:73 | Traffic status: moderate (current: 17 km/h, free flow: 27 km/h)
2026-02-11 17:04:47 | traffic | [32mINFO[0m | get_traffic_flow:73 | Traffic status: moderate (current: 17 km/h, free flow: 27 km/h)
2026-02-11 17:04:48 | traffic | [32mINFO[0m | get_traffic_flow:73 | Traffic status: moderate (current: 17 km/h, free flow: 27 km/h)
2026-02-11 17:04:48 | traffic | [32mINFO[0m | get_traffic_flow:73 | Traffic status: moderate (current: 17 km/h, free flow: 27 km/h)
2026-02-11 17:05:00 | traffic | [32mINFO[0m | get_traffic_flow:73 | Traffic status: moderate (current: 17 km/h, free flow: 28 km/h)
2026-02-11 17:05:00 | traffic | [32mINFO[0m | get_traffic_flow:73 | Traffic status: moderate (current: 17 km/h, free flow: 28 km/h)
2026-02-11 17:05:00 | traffic | [32mINFO[0m | get_traffic_flow:73 | Traffic status: moderate (current: 17 km/h, free flow: 28 km/h)
2026-02-11 17:05:03 | traffic | [32mINFO[0m | get_traffic_flow:73 | Traffic status: moderate (current: 17 km/h, free flow: 28 km/h)
2026-02-11 17:05:04 | traffic | [32mINFO[0m | get_traffic_flow:73 | Traffic status: moderate (current: 17 km/h, free flow: 28 km/h)
2026-02-11 17:05:04 | traffic | [32mINFO[0m | get_traffic_flow:73 | Traffic status: moderate (current: 17 km/h, free flow: 28 km/h)
2026-02-11 17:05:09 | traffic | [32mINFO[0m | get_traffic_flow:73 | Traffic status: moderate (current: 17 km/h, free flow: 28 km/h)
2026-02-11 17:05:11 | traffic | [32mINFO[0m | get_traffic_flow:73 | Traffic status: moderate (current: 17 km/h, free flow: 28 km/h)
2026-02-11 17:05:11 | traffic | [32mINFO[0m | get_traffic_flow:73 | Traffic status: moderate (current: 17 km/h, free flow: 28 km/h)
2026-02-11 17:05:11 | traffic | [32mINFO[0m | get_traffic_flow:73 | Traffic status: moderate (current: 17 km/h, free flow: 28 km/h)
2026-02-11 17:05:12 | traffic | [32mINFO[0m | get_traffic_flow:73 | Traffic status: moderate (current: 17 km/h, free flow: 28 km/h)
2026-02-11 17:05:13 | traffic | [32mINFO[0m | get_traffic_flow:73 | Traffic status: moderate (current: 17 km/h, free flow: 28 km/h)
2026-02-11 17:05:13 | traffic | [32mINFO[0m | get_traffic_flow:73 | Traffic status: moderate (current: 17 km/h, free flow: 28 km/h)
2026-02-11 17:05:14 | traffic | [32mINFO[0m | get_traffic_flow:73 | Traffic status: moderate (current: 17 km/h, free flow: 28 km/h)
2026-02-11 17:05:15 | traffic | [32mINFO[0m | get_traffic_flow:73 | Traffic status: moderate (current: 17 km/h, free flow: 28 km/h)
2026-02-11 17:05:15 | traffic | [32mINFO[0m | get_traffic_flow:73 | Traffic status: moderate (current: 17 km/h, free flow: 28 km/h)
2026-02-11 17:05:17 | traffic | [32mINFO[0m | get_traffic_flow:73 | Traffic status: moderate (current: 17 km/h, free flow: 28 km/h)
2026-02-11 17:05:17 | traffic | [32mINFO[0m | get_traffic_flow:73 | Traffic status: moderate (current: 17 km/h, free flow: 28 km/h)
2026-02-11 17:05:25 | traffic | [32mINFO[0m | get_traffic_flow:73 | Traffic status: moderate (current: 17 km/h, free flow: 28 km/h)
2026-02-11 17:05:33 | traffic | [32mINFO[0m | get_traffic_flow:73 | Traffic status: moderate (current: 17 km/h, free flow: 28 km/h)
2026-02-11 17:05:34 | traffic | [32mINFO[0m | get_traffic_flow:73 | Traffic status: moderate (current: 17 km/h, free flow: 28 km/h)
2026-02-11 17:05:35 | traffic | [32mINFO[0m | get_traffic_flow:73 | Traffic status: moderate (current: 17 km/h, free flow: 28 km/h)
2026-02-11 17:05:35 | traffic | [32mINFO[0m | get_traffic_flow:73 | Traffic status: moderate (current: 17 km/h, free flow: 28 km/h)
2026-02-11 17:05:37 | traffic | [32mINFO[0m | get_traffic_flow:73 | Traffic status: moderate (current: 17 km/h, free flow: 28 km/h)
2026-02-11 17:05:37 | traffic | [32mINFO[0m | get_traffic_flow:73 | Traffic status: moderate (current: 17 km/h, free flow: 28 km/h)
2026-02-11 17:07:20 | traffic | [32mINFO[0m | get_traffic_flow:73 | Traffic status: moderate (current: 17 km/h, free flow: 28 km/h)
2026-02-11 17:07:23 | traffic | [32mINFO[0m | get_traffic_flow:73 | Traffic status: moderate (current: 17 km/h, free flow: 28 km/h)
2026-02-11 17:07:24 | traffic | [32mINFO[0m | get_traffic_flow:73 | Traffic status: moderate (current: 17 km/h, free flow: 28 km/h)
2026-02-11 17:07:27 | traffic | [32mINFO[0m | get_traffic_flow:73 | Traffic status: moderate (current: 17 km/h, free flow: 28 km/h)
2026-02-11 17:07:28 | traffic | [32mINFO[0m | get_traffic_flow:73 | Traffic status: moderate (current: 17 km/h, free flow: 28 km/h)
2026-02-11 17:07:28 | traffic | [32mINFO[0m | get_traffic_flow:73 | Traffic status: moderate (current: 17 km/h, free flow: 28 km/h)
2026-02-11 17:07:32 | traffic | [32mINFO[0m | get_traffic_flow:73 | Traffic status: moderate (current: 17 km/h, free flow: 28 km/h)
2026-02-11 17:07:32 | traffic | [32mINFO[0m | get_traffic_flow:73 | Traffic status: moderate (current: 17 km/h, free flow: 28 km/h)
2026-02-11 17:07:32 | traffic | [32mINFO[0m | get_traffic_flow:73 | Traffic status: moderate (current: 17 km/h, free flow: 28 km/h)
2026-02-11 17:07:33 | traffic | [32mINFO[0m | get_traffic_flow:73 | Traffic status: moderate (current: 17 km/h, free flow: 28 km/h)
2026-02-11 17:07:34 | traffic | [32mINFO[0m | get_traffic_flow:73 | Traffic status: moderate (current: 17 km/h, free flow: 28 km/h)
2026-02-11 17:07:34 | traffic | [32mINFO[0m | get_traffic_flow:73 | Traffic status: moderate (current: 17 km/h, free flow: 28 km/h)
2026-02-11 17:07:35 | traffic | [32mINFO[0m | get_traffic_flow:73 | Traffic status: moderate (current: 17 km/h, free flow: 28 km/h)
2026-02-11 17:07:36 | traffic | [32mINFO[0m | get_traffic_flow:73 | Traffic status: moderate (current: 17 km/h, free flow: 28 km/h)
2026-02-11 17:07:37 | traffic | [32mINFO[0m | get_traffic_flow:73 | Traffic status: moderate (current: 17 km/h, free flow: 28 km/h)
2026-02-11 17:07:37 | traffic | [32mINFO[0m | get_traffic_flow:73 | Traffic status: moderate (current: 17 km/h, free flow: 28 km/h)
2026-02-11 17:07:38 | traffic | [32mINFO[0m | get_traffic_flow:73 | Traffic status: moderate (current: 17 km/h, free flow: 28 km/h)
2026-02-11 17:07:39 | traffic | [32mINFO[0m | get_traffic_flow:73 | Traffic status: moderate (current: 17 km/h, free flow: 28 km/h)
2026-02-11 17:07:47 | traffic | [32mINFO[0m | get_traffic_flow:73 | Traffic status: moderate (current: 17 km/h, free flow: 28 km/h)
2026-02-11 17:07:49 | traffic | [32mINFO[0m | get_traffic_flow:73 | Traffic status: moderate (current: 17 km/h, free flow: 28 km/h)
2026-02-11 17:07:49 | traffic | [32mINFO[0m | get_traffic_flow:73 | Traffic status: moderate (current: 17 km/h, free flow: 28 km/h)
2026-02-11 17:07:57 | traffic | [32mINFO[0m | get_traffic_flow:73 | Traffic status: moderate (current: 17 km/h, free flow: 28 km/h)
2026-02-11 17:07:58 | traffic | [32mINFO[0m | get_traffic_flow:73 | Traffic status: moderate (current: 17 km/h, free flow: 27 km/h)
2026-02-11 17:07:58 | traffic | [32mINFO[0m | get_traffic_flow:73 | Traffic status: moderate (current: 17 km/h, free flow: 27 km/h)
2026-02-11 17:08:16 | traffic | [32mINFO[0m | get_traffic_flow:73 | Traffic status: moderate (current: 17 km/h, free flow: 27 km/h)
2026-02-11 17:08:17 | traffic | [32mINFO[0m | get_traffic_flow:73 | Traffic status: moderate (current: 17 km/h, free flow: 27 km/h)
2026-02-11 17:08:17 | traffic | [32mINFO[0m | get_traffic_flow:73 | Traffic status: moderate (current: 17 km/h, free flow: 27 km/h)
2026-02-11 17:08:21 | traffic | [32mINFO[0m | get_traffic_flow:73 | Traffic status: moderate (current: 17 km/h, free flow: 27 km/h)
2026-02-11 17:08:23 | traffic | [32mINFO[0m | get_traffic_flow:73 | Traffic status: moderate (current: 17 km/h, free flow: 27 km/h)
2026-02-11 17:08:23 | traffic | [32mINFO[0m | get_traffic_flow:73 | Traffic status: moderate (current: 17 km/h, free flow: 27 km/h)
2026-02-11 17:08:23 | traffic | [32mINFO[0m | get_traffic_flow:73 | Traffic status: moderate (current: 17 km/h, free flow: 27 km/h)
2026-02-11 17:08:25 | traffic | [32mINFO[0m | get_traffic_flow:73 | Traffic status: moderate (current: 17 km/h, free flow: 27 km/h)
2026-02-11 17:08:25 | traffic | [32mINFO[0m | get_traffic_flow:73 | Traffic status: moderate (current: 17 km/h, free flow: 27 km/h)
2026-02-11 17:08:38 | traffic | [32mINFO[0m | get_traffic_flow:73 | Traffic status: moderate (current: 17 km/h, free flow: 28 km/h)
2026-02-11 17:08:38 | traffic | [32mINFO[0m | get_traffic_flow:73 | Traffic status: moderate (current: 17 km/h, free flow: 28 km/h)
2026-02-11 17:08:38 | traffic | [32mINFO[0m | get_traffic_flow:73 | Traffic status: moderate (current: 17 km/h, free flow: 28 km/h)
2026-02-11 17:08:48 | traffic | [32mINFO[0m | get_traffic_flow:73 | Traffic status: moderate (current: 17 km/h, free flow: 27 km/h)
2026-02-11 17:08:49 | traffic | [32mINFO[0m | get_traffic_flow:73 | Traffic status: moderate (current: 17 km/h, free flow: 27 km/h)
2026-02-11 17:08:49 | traffic | [32mINFO[0m | get_traffic_flow:73 | Traffic status: moderate (current: 17 km/h, free flow: 27 km/h)
2026-02-11 17:08:50 | traffic | [32mINFO[0m | get_traffic_flow:73 | Traffic status: moderate (current: 17 km/h, free flow: 27 km/h)
2026-02-11 17:08:54 | traffic | [32mINFO[0m | get_traffic_flow:73 | Traffic status: moderate (current: 17 km/h, free flow: 27 km/h)
2026-02-11 17:09:00 | traffic | [32mINFO[0m | get_traffic_flow:73 | Traffic status: moderate (current: 17 km/h, free flow: 27 km/h)
2026-02-11 17:09:01 | traffic | [32mINFO[0m | get_traffic_flow:73 | Traffic status: moderate (current: 17 km/h, free flow: 27 km/h)
2026-02-11 17:09:01 | traffic | [32mINFO[0m | get_traffic_flow:73 | Traffic status: moderate (current: 17 km/h, free flow: 27 km/h)
2026-02-11 17:09:27 | traffic | [32mINFO[0m | get_traffic_flow:73 | Traffic status: moderate (current: 16 km/h, free flow: 28 km/h)
2026-02-11 17:09:28 | traffic | [32mINFO[0m | get_traffic_flow:73 | Traffic status: moderate (current: 16 km/h, free flow: 28 km/h)
2026-02-11 17:09:28 | traffic | [32mINFO[0m | get_traffic_flow:73 | Traffic status: moderate (current: 16 km/h, free flow: 28 km/h)
2026-02-11 17:09:31 | traffic | [32mINFO[0m | get_traffic_flow:73 | Traffic status: moderate (current: 16 km/h, free flow: 28 km/h)
2026-02-11 17:09:32 | traffic | [32mINFO[0m | get_traffic_flow:73 | Traffic status: moderate (current: 16 km/h, free flow: 28 km/h)
2026-02-11 17:09:32 | traffic | [32mINFO[0m | get_traffic_flow:73 | Traffic status: moderate (current: 16 km/h, free flow: 28 km/h)
2026-02-11 17:09:35 | traffic | [32mINFO[0m | get_traffic_flow:73 | Traffic status: moderate (current: 16 km/h, free flow: 28 km/h)
2026-02-11 17:09:35 | traffic | [32mINFO[0m | get_traffic_flow:73 | Traffic status: moderate (current: 16 km/h, free flow: 28 km/h)
2026-02-11 17:09:35 | traffic | [32mINFO[0m | get_traffic_flow:73 | Traffic status: moderate (current: 16 km/h, free flow: 28 km/h)
2026-02-11 17:09:48 | traffic | [32mINFO[0m | get_traffic_flow:73 | Traffic status: moderate (current: 16 km/h, free flow: 28 km/h)
2026-02-11 17:09:49 | traffic | [32mINFO[0m | get_traffic_flow:73 | Traffic status: moderate (current: 16 km/h, free flow: 28 km/h)
2026-02-11 17:09:50 | traffic | [32mINFO[0m | get_traffic_flow:73 | Traffic status: moderate (current: 16 km/h, free flow: 28 km/h)
2026-02-11 17:10:20 | traffic | [32mINFO[0m | get_traffic_flow:73 | Traffic status: moderate (current: 17 km/h, free flow: 28 km/h)
2026-02-11 17:10:21 | traffic | [32mINFO[0m | get_traffic_flow:73 | Traffic status: moderate (current: 17 km/h, free flow: 28 km/h)
2026-02-11 17:10:21 | traffic | [32mINFO[0m | get_traffic_flow:73 | Traffic status: moderate (current: 17 km/h, free flow: 28 km/h)
2026-02-11 17:10:27 | traffic | [32mINFO[0m | get_traffic_flow:73 | Traffic status: moderate (current: 17 km/h, free flow: 28 km/h)
2026-02-11 17:10:28 | traffic | [32mINFO[0m | get_traffic_flow:73 | Traffic status: moderate (current: 17 km/h, free flow: 28 km/h)
2026-02-11 17:10:28 | traffic | [32mINFO[0m | get_traffic_flow:73 | Traffic status: moderate (current: 17 km/h, free flow: 28 km/h)
2026-02-11 17:10:40 | traffic | [32mINFO[0m | get_traffic_flow:73 | Traffic status: moderate (current: 17 km/h, free flow: 28 km/h)
2026-02-11 17:11:33 | traffic | [32mINFO[0m | get_traffic_flow:73 | Traffic status: moderate (current: 17 km/h, free flow: 28 km/h)
2026-02-11 17:11:33 | traffic | [32mINFO[0m | get_traffic_flow:73 | Traffic status: moderate (current: 17 km/h, free flow: 28 km/h)
2026-02-11 17:11:33 | traffic | [32mINFO[0m | get_traffic_flow:73 | Traffic status: moderate (current: 17 km/h, free flow: 28 km/h)
2026-02-12 11:59:11 | traffic | [32mINFO[0m | get_traffic_flow:73 | Traffic status: smooth (current: 27 km/h, free flow: 27 km/h)
2026-02-12 12:01:24 | traffic | [32mINFO[0m | get_traffic_flow:73 | Traffic status: smooth (current: 21 km/h, free flow: 26 km/h)
2026-02-12 12:01:24 | traffic | [32mINFO[0m | get_traffic_flow:73 | Traffic status: smooth (current: 21 km/h, free flow: 26 km/h)
2026-02-12 12:01:24 | traffic | [32mINFO[0m | get_traffic_flow:73 | Traffic status: smooth (current: 21 km/h, free flow: 26 km/h)
2026-02-12 12:01:25 | traffic | [32mINFO[0m | get_traffic_flow:73 | Traffic status: smooth (current: 21 km/h, free flow: 26 km/h)
2026-02-12 12:01:25 | traffic | [32mINFO[0m | get_traffic_flow:73 | Traffic status: smooth (current: 21 km/h, free flow: 26 km/h)
2026-02-12 12:01:25 | traffic | [32mINFO[0m | get_traffic_flow:73 | Traffic status: smooth (current: 21 km/h, free flow: 26 km/h)
2026-02-12 12:01:25 | traffic | [32mINFO[0m | get_traffic_flow:73 | Traffic status: smooth (current: 21 km/h, free flow: 26 km/h)
2026-02-12 12:01:25 | traffic | [32mINFO[0m | get_traffic_flow:73 | Traffic status: smooth (current: 21 km/h, free flow: 26 km/h)
2026-02-12 12:01:25 | traffic | [32mINFO[0m | get_traffic_flow:73 | Traffic status: smooth (current: 21 km/h, free flow: 26 km/h)
2026-02-12 12:01:25 | traffic | [32mINFO[0m | get_traffic_flow:73 | Traffic status: smooth (current: 21 km/h, free flow: 26 km/h)
2026-02-12 12:01:26 | traffic | [32mINFO[0m | get_traffic_flow:73 | Traffic status: smooth (current: 21 km/h, free flow: 26 km/h)
2026-02-12 12:01:27 | traffic | [32mINFO[0m | get_traffic_flow:73 | Traffic status: smooth (current: 21 km/h, free flow: 26 km/h)
2026-02-12 12:01:34 | traffic | [32mINFO[0m | get_traffic_flow:73 | Traffic status: smooth (current: 21 km/h, free flow: 26 km/h)
2026-02-12 12:01:35 | traffic | [32mINFO[0m | get_traffic_flow:73 | Traffic status: smooth (current: 21 km/h, free flow: 26 km/h)
2026-02-12 12:01:35 | traffic | [32mINFO[0m | get_traffic_flow:73 | Traffic status: smooth (current: 21 km/h, free flow: 26 km/h)
2026-02-12 12:01:44 | traffic | [32mINFO[0m | get_traffic_flow:73 | Traffic status: smooth (current: 21 km/h, free flow: 26 km/h)
2026-02-12 12:02:04 | traffic | [32mINFO[0m | get_traffic_flow:73 | Traffic status: smooth (current: 27 km/h, free flow: 27 km/h)
2026-02-12 12:02:05 | traffic | [32mINFO[0m | get_traffic_flow:73 | Traffic status: smooth (current: 27 km/h, free flow: 27 km/h)
2026-02-12 12:02:05 | traffic | [32mINFO[0m | get_traffic_flow:73 | Traffic status: smooth (current: 27 km/h, free flow: 27 km/h)
2026-02-12 12:02:05 | traffic | [32mINFO[0m | get_traffic_flow:73 | Traffic status: smooth (current: 27 km/h, free flow: 27 km/h)
2026-02-12 12:02:05 | traffic | [32mINFO[0m | get_traffic_flow:73 | Traffic status: smooth (current: 27 km/h, free flow: 27 km/h)
2026-02-12 12:02:13 | traffic | [32mINFO[0m | get_traffic_flow:73 | Traffic status: smooth (current: 27 km/h, free flow: 27 km/h)
2026-02-12 12:02:14 | traffic | [32mINFO[0m | get_traffic_flow:73 | Traffic status: smooth (current: 27 km/h, free flow: 27 km/h)
2026-02-12 12:02:20 | traffic | [32mINFO[0m | get_traffic_flow:73 | Traffic status: smooth (current: 27 km/h, free flow: 27 km/h)
2026-02-12 12:02:22 | traffic | [32mINFO[0m | get_traffic_flow:73 | Traffic status: smooth (current: 22 km/h, free flow: 26 km/h)
2026-02-12 12:02:29 | traffic | [32mINFO[0m | get_traffic_flow:73 | Traffic status: smooth (current: 22 km/h, free flow: 26 km/h)
2026-02-12 12:02:33 | traffic | [32mINFO[0m | get_traffic_flow:73 | Traffic status: smooth (current: 22 km/h, free flow: 26 km/h)
2026-02-12 12:02:40 | traffic | [32mINFO[0m | get_traffic_flow:73 | Traffic status: smooth (current: 22 km/h, free flow: 26 km/h)
2026-02-12 12:02:45 | traffic | [32mINFO[0m | get_traffic_flow:73 | Traffic status: smooth (current: 22 km/h, free flow: 26 km/h)
2026-02-12 13:29:45 | traffic | [32mINFO[0m | get_traffic_flow:73 | Traffic status: smooth (current: 22 km/h, free flow: 27 km/h)
2026-02-12 13:29:46 | traffic | [32mINFO[0m | get_traffic_flow:73 | Traffic status: smooth (current: 22 km/h, free flow: 27 km/h)
2026-02-12 13:30:39 | traffic | [32mINFO[0m | get_traffic_flow:73 | Traffic status: smooth (current: 23 km/h, free flow: 27 km/h)
2026-02-12 13:30:41 | traffic | [32mINFO[0m | get_traffic_flow:73 | Traffic status: smooth (current: 23 km/h, free flow: 27 km/h)
2026-02-12 13:33:27 | traffic | [32mINFO[0m | get_traffic_flow:73 | Traffic status: moderate (current: 19 km/h, free flow: 26 km/h)
2026-02-12 13:33:27 | traffic | [32mINFO[0m | get_traffic_flow:73 | Traffic status: moderate (current: 19 km/h, free flow: 26 km/h)
2026-02-12 13:33:27 | traffic | [32mINFO[0m | get_traffic_flow:73 | Traffic status: moderate (current: 19 km/h, free flow: 26 km/h)
2026-02-12 13:33:27 | traffic | [32mINFO[0m | get_traffic_flow:73 | Traffic status: moderate (current: 19 km/h, free flow: 26 km/h)
2026-02-12 13:33:27 | traffic | [32mINFO[0m | get_traffic_flow:73 | Traffic status: moderate (current: 19 km/h, free flow: 26 km/h)
2026-02-12 13:33:27 | traffic | [32mINFO[0m | get_traffic_flow:73 | Traffic status: moderate (current: 19 km/h, free flow: 26 km/h)
2026-02-12 13:33:52 | traffic | [32mINFO[0m | get_traffic_flow:73 | Traffic status: moderate (current: 20 km/h, free flow: 27 km/h)
2026-02-12 13:33:53 | traffic | [32mINFO[0m | get_traffic_flow:73 | Traffic status: moderate (current: 20 km/h, free flow: 27 km/h)
2026-02-12 13:34:45 | traffic | [32mINFO[0m | get_traffic_flow:73 | Traffic status: moderate (current: 21 km/h, free flow: 27 km/h)
2026-02-12 13:34:45 | traffic | [32mINFO[0m | get_traffic_flow:73 | Traffic status: moderate (current: 21 km/h, free flow: 27 km/h)
2026-02-12 13:34:46 | traffic | [32mINFO[0m | get_traffic_flow:73 | Traffic status: moderate (current: 21 km/h, free flow: 27 km/h)
2026-02-12 13:34:47 | traffic | [32mINFO[0m | get_traffic_flow:73 | Traffic status: moderate (current: 21 km/h, free flow: 27 km/h)
2026-02-12 13:34:48 | traffic | [32mINFO[0m | get_traffic_flow:73 | Traffic status: moderate (current: 21 km/h, free flow: 27 km/h)
2026-02-12 13:34:48 | traffic | [32mINFO[0m | get_traffic_flow:73 | Traffic status: moderate (current: 21 km/h, free flow: 27 km/h)
2026-02-12 13:34:48 | traffic | [32mINFO[0m | get_traffic_flow:73 | Traffic status: moderate (current: 21 km/h, free flow: 27 km/h)
2026-02-12 13:34:48 | traffic | [32mINFO[0m | get_traffic_flow:73 | Traffic status: moderate (current: 21 km/h, free flow: 27 km/h)
2026-02-12 13:35:08 | traffic | [32mINFO[0m | get_traffic_flow:73 | Traffic status: moderate (current: 20 km/h, free flow: 28 km/h)
2026-02-12 13:35:08 | traffic | [32mINFO[0m | get_traffic_flow:73 | Traffic status: moderate (current: 20 km/h, free flow: 28 km/h)
2026-02-12 13:36:13 | traffic | [32mINFO[0m | get_traffic_flow:73 | Traffic status: smooth (current: 22 km/h, free flow: 27 km/h)
2026-02-13 09:16:32 | traffic | [32mINFO[0m | get_traffic_flow:73 | Traffic status: smooth (current: 27 km/h, free flow: 27 km/h)
2026-02-13 09:18:09 | traffic | [32mINFO[0m | get_traffic_flow:73 | Traffic status: smooth (current: 27 km/h, free flow: 27 km/h)
2026-02-13 09:18:30 | traffic | [32mINFO[0m | get_traffic_flow:73 | Traffic status: smooth (current: 27 km/h, free flow: 27 km/h)
2026-02-13 09:19:34 | traffic | [32mINFO[0m | get_traffic_flow:73 | Traffic status: smooth (current: 27 km/h, free flow: 27 km/h)
2026-02-13 09:19:45 | traffic | [32mINFO[0m | get_traffic_flow:73 | Traffic status: smooth (current: 27 km/h, free flow: 27 km/h)
2026-02-13 09:19:47 | traffic | [32mINFO[0m | get_traffic_flow:73 | Traffic status: smooth (current: 27 km/h, free flow: 27 km/h)
2026-02-13 09:19:50 | traffic | [32mINFO[0m | get_traffic_flow:73 | Traffic status: smooth (current: 27 km/h, free flow: 27 km/h)
2026-02-13 09:19:52 | traffic | [32mINFO[0m | get_traffic_flow:73 | Traffic status: smooth (current: 27 km/h, free flow: 27 km/h)
2026-02-13 09:19:52 | traffic | [32mINFO[0m | get_traffic_flow:73 | Traffic status: smooth (current: 27 km/h, free flow: 27 km/h)
2026-02-13 09:19:52 | traffic | [32mINFO[0m | get_traffic_flow:73 | Traffic status: smooth (current: 27 km/h, free flow: 27 km/h)
2026-02-13 09:19:52 | traffic | [32mINFO[0m | get_traffic_flow:73 | Traffic status: smooth (current: 27 km/h, free flow: 27 km/h)
2026-02-13 09:19:58 | traffic | [32mINFO[0m | get_traffic_flow:73 | Traffic status: smooth (current: 27 km/h, free flow: 27 km/h)
2026-02-13 09:20:01 | traffic | [32mINFO[0m | get_traffic_flow:73 | Traffic status: smooth (current: 27 km/h, free flow: 27 km/h)
2026-02-13 09:20:05 | traffic | [32mINFO[0m | get_traffic_flow:73 | Traffic status: smooth (current: 27 km/h, free flow: 27 km/h)
2026-02-13 09:31:23 | traffic | [31mERROR[0m | get_traffic_flow:84 | Traffic fetch failed: HTTPSConnectionPool(host='api.tomtom.com', port=443): Max retries exceeded with url: /traffic/services/4/flowSegmentData/absolute/10/json?point=17.385,78.4867&key=Ri0LrJjjYgFqE3LToDzy2MAr8MCyYs9D (Caused by NameResolutionError("HTTPSConnection(host='api.tomtom.com', port=443): Failed to resolve 'api.tomtom.com' ([Errno 11001] getaddrinfo failed)"))
Traceback (most recent call last):
  File "C:\Users\chera\OneDrive\Desktop\projectbot1\venv\Lib\site-packages\urllib3\connection.py", line 204, in _new_conn
    sock = connection.create_connection(
        (self._dns_host, self.port),
    ...<2 lines>...
        socket_options=self.socket_options,
    )
  File "C:\Users\chera\OneDrive\Desktop\projectbot1\venv\Lib\site-packages\urllib3\util\connection.py", line 60, in create_connection
    for res in socket.getaddrinfo(host, port, family, socket.SOCK_STREAM):
               ~~~~~~~~~~~~~~~~~~^^^^^^^^^^^^^^^^^^^^^^^^^^^^^^^^^^^^^^^^
  File "C:\Users\chera\AppData\Local\Programs\Python\Python314\Lib\socket.py", line 983, in getaddrinfo
    for res in _socket.getaddrinfo(host, port, family, type, proto, flags):
               ~~~~~~~~~~~~~~~~~~~^^^^^^^^^^^^^^^^^^^^^^^^^^^^^^^^^^^^^^^^
socket.gaierror: [Errno 11001] getaddrinfo failed

The above exception was the direct cause of the following exception:

Traceback (most recent call last):
  File "C:\Users\chera\OneDrive\Desktop\projectbot1\venv\Lib\site-packages\urllib3\connectionpool.py", line 787, in urlopen
    response = self._make_request(
        conn,
    ...<10 lines>...
        **response_kw,
    )
  File "C:\Users\chera\OneDrive\Desktop\projectbot1\venv\Lib\site-packages\urllib3\connectionpool.py", line 488, in _make_request
    raise new_e
  File "C:\Users\chera\OneDrive\Desktop\projectbot1\venv\Lib\site-packages\urllib3\connectionpool.py", line 464, in _make_request
    self._validate_conn(conn)
    ~~~~~~~~~~~~~~~~~~~^^^^^^
  File "C:\Users\chera\OneDrive\Desktop\projectbot1\venv\Lib\site-packages\urllib3\connectionpool.py", line 1093, in _validate_conn
    conn.connect()
    ~~~~~~~~~~~~^^
  File "C:\Users\chera\OneDrive\Desktop\projectbot1\venv\Lib\site-packages\urllib3\connection.py", line 759, in connect
    self.sock = sock = self._new_conn()
                       ~~~~~~~~~~~~~~^^
  File "C:\Users\chera\OneDrive\Desktop\projectbot1\venv\Lib\site-packages\urllib3\connection.py", line 211, in _new_conn
    raise NameResolutionError(self.host, self, e) from e
urllib3.exceptions.NameResolutionError: HTTPSConnection(host='api.tomtom.com', port=443): Failed to resolve 'api.tomtom.com' ([Errno 11001] getaddrinfo failed)

The above exception was the direct cause of the following exception:

Traceback (most recent call last):
  File "C:\Users\chera\OneDrive\Desktop\projectbot1\venv\Lib\site-packages\requests\adapters.py", line 486, in send
    resp = conn.urlopen(
        method=request.method,
    ...<9 lines>...
        chunked=chunked,
    )
  File "C:\Users\chera\OneDrive\Desktop\projectbot1\venv\Lib\site-packages\urllib3\connectionpool.py", line 841, in urlopen
    retries = retries.increment(
        method, url, error=new_e, _pool=self, _stacktrace=sys.exc_info()[2]
    )
  File "C:\Users\chera\OneDrive\Desktop\projectbot1\venv\Lib\site-packages\urllib3\util\retry.py", line 535, in increment
    raise MaxRetryError(_pool, url, reason) from reason  # type: ignore[arg-type]
    ^^^^^^^^^^^^^^^^^^^^^^^^^^^^^^^^^^^^^^^^^^^^^^^^^^^
urllib3.exceptions.MaxRetryError: HTTPSConnectionPool(host='api.tomtom.com', port=443): Max retries exceeded with url: /traffic/services/4/flowSegmentData/absolute/10/json?point=17.385,78.4867&key=Ri0LrJjjYgFqE3LToDzy2MAr8MCyYs9D (Caused by NameResolutionError("HTTPSConnection(host='api.tomtom.com', port=443): Failed to resolve 'api.tomtom.com' ([Errno 11001] getaddrinfo failed)"))

During handling of the above exception, another exception occurred:

Traceback (most recent call last):
  File "C:\Users\chera\OneDrive\Desktop\projectbot1\services\traffic.py", line 61, in get_traffic_flow
    response = requests.get(url, timeout=config.api.TRAFFIC_TIMEOUT)
  File "C:\Users\chera\OneDrive\Desktop\projectbot1\venv\Lib\site-packages\requests\api.py", line 73, in get
    return request("get", url, params=params, **kwargs)
  File "C:\Users\chera\OneDrive\Desktop\projectbot1\venv\Lib\site-packages\requests\api.py", line 59, in request
    return session.request(method=method, url=url, **kwargs)
           ~~~~~~~~~~~~~~~^^^^^^^^^^^^^^^^^^^^^^^^^^^^^^^^^^
  File "C:\Users\chera\OneDrive\Desktop\projectbot1\venv\Lib\site-packages\requests\sessions.py", line 589, in request
    resp = self.send(prep, **send_kwargs)
  File "C:\Users\chera\OneDrive\Desktop\projectbot1\venv\Lib\site-packages\requests\sessions.py", line 703, in send
    r = adapter.send(request, **kwargs)
  File "C:\Users\chera\OneDrive\Desktop\projectbot1\venv\Lib\site-packages\requests\adapters.py", line 519, in send
    raise ConnectionError(e, request=request)
requests.exceptions.ConnectionError: HTTPSConnectionPool(host='api.tomtom.com', port=443): Max retries exceeded with url: /traffic/services/4/flowSegmentData/absolute/10/json?point=17.385,78.4867&key=Ri0LrJjjYgFqE3LToDzy2MAr8MCyYs9D (Caused by NameResolutionError("HTTPSConnection(host='api.tomtom.com', port=443): Failed to resolve 'api.tomtom.com' ([Errno 11001] getaddrinfo failed)"))
2026-02-13 09:31:40 | traffic | [31mERROR[0m | get_traffic_flow:84 | Traffic fetch failed: HTTPSConnectionPool(host='api.tomtom.com', port=443): Max retries exceeded with url: /traffic/services/4/flowSegmentData/absolute/10/json?point=17.385,78.4867&key=Ri0LrJjjYgFqE3LToDzy2MAr8MCyYs9D (Caused by NameResolutionError("HTTPSConnection(host='api.tomtom.com', port=443): Failed to resolve 'api.tomtom.com' ([Errno 11001] getaddrinfo failed)"))
Traceback (most recent call last):
  File "C:\Users\chera\OneDrive\Desktop\projectbot1\venv\Lib\site-packages\urllib3\connection.py", line 204, in _new_conn
    sock = connection.create_connection(
        (self._dns_host, self.port),
    ...<2 lines>...
        socket_options=self.socket_options,
    )
  File "C:\Users\chera\OneDrive\Desktop\projectbot1\venv\Lib\site-packages\urllib3\util\connection.py", line 60, in create_connection
    for res in socket.getaddrinfo(host, port, family, socket.SOCK_STREAM):
               ~~~~~~~~~~~~~~~~~~^^^^^^^^^^^^^^^^^^^^^^^^^^^^^^^^^^^^^^^^
  File "C:\Users\chera\AppData\Local\Programs\Python\Python314\Lib\socket.py", line 983, in getaddrinfo
    for res in _socket.getaddrinfo(host, port, family, type, proto, flags):
               ~~~~~~~~~~~~~~~~~~~^^^^^^^^^^^^^^^^^^^^^^^^^^^^^^^^^^^^^^^^
socket.gaierror: [Errno 11001] getaddrinfo failed

The above exception was the direct cause of the following exception:

Traceback (most recent call last):
  File "C:\Users\chera\OneDrive\Desktop\projectbot1\venv\Lib\site-packages\urllib3\connectionpool.py", line 787, in urlopen
    response = self._make_request(
        conn,
    ...<10 lines>...
        **response_kw,
    )
  File "C:\Users\chera\OneDrive\Desktop\projectbot1\venv\Lib\site-packages\urllib3\connectionpool.py", line 488, in _make_request
    raise new_e
  File "C:\Users\chera\OneDrive\Desktop\projectbot1\venv\Lib\site-packages\urllib3\connectionpool.py", line 464, in _make_request
    self._validate_conn(conn)
    ~~~~~~~~~~~~~~~~~~~^^^^^^
  File "C:\Users\chera\OneDrive\Desktop\projectbot1\venv\Lib\site-packages\urllib3\connectionpool.py", line 1093, in _validate_conn
    conn.connect()
    ~~~~~~~~~~~~^^
  File "C:\Users\chera\OneDrive\Desktop\projectbot1\venv\Lib\site-packages\urllib3\connection.py", line 759, in connect
    self.sock = sock = self._new_conn()
                       ~~~~~~~~~~~~~~^^
  File "C:\Users\chera\OneDrive\Desktop\projectbot1\venv\Lib\site-packages\urllib3\connection.py", line 211, in _new_conn
    raise NameResolutionError(self.host, self, e) from e
urllib3.exceptions.NameResolutionError: HTTPSConnection(host='api.tomtom.com', port=443): Failed to resolve 'api.tomtom.com' ([Errno 11001] getaddrinfo failed)

The above exception was the direct cause of the following exception:

Traceback (most recent call last):
  File "C:\Users\chera\OneDrive\Desktop\projectbot1\venv\Lib\site-packages\requests\adapters.py", line 486, in send
    resp = conn.urlopen(
        method=request.method,
    ...<9 lines>...
        chunked=chunked,
    )
  File "C:\Users\chera\OneDrive\Desktop\projectbot1\venv\Lib\site-packages\urllib3\connectionpool.py", line 841, in urlopen
    retries = retries.increment(
        method, url, error=new_e, _pool=self, _stacktrace=sys.exc_info()[2]
    )
  File "C:\Users\chera\OneDrive\Desktop\projectbot1\venv\Lib\site-packages\urllib3\util\retry.py", line 535, in increment
    raise MaxRetryError(_pool, url, reason) from reason  # type: ignore[arg-type]
    ^^^^^^^^^^^^^^^^^^^^^^^^^^^^^^^^^^^^^^^^^^^^^^^^^^^
urllib3.exceptions.MaxRetryError: HTTPSConnectionPool(host='api.tomtom.com', port=443): Max retries exceeded with url: /traffic/services/4/flowSegmentData/absolute/10/json?point=17.385,78.4867&key=Ri0LrJjjYgFqE3LToDzy2MAr8MCyYs9D (Caused by NameResolutionError("HTTPSConnection(host='api.tomtom.com', port=443): Failed to resolve 'api.tomtom.com' ([Errno 11001] getaddrinfo failed)"))

During handling of the above exception, another exception occurred:

Traceback (most recent call last):
  File "C:\Users\chera\OneDrive\Desktop\projectbot1\services\traffic.py", line 61, in get_traffic_flow
    response = requests.get(url, timeout=config.api.TRAFFIC_TIMEOUT)
  File "C:\Users\chera\OneDrive\Desktop\projectbot1\venv\Lib\site-packages\requests\api.py", line 73, in get
    return request("get", url, params=params, **kwargs)
  File "C:\Users\chera\OneDrive\Desktop\projectbot1\venv\Lib\site-packages\requests\api.py", line 59, in request
    return session.request(method=method, url=url, **kwargs)
           ~~~~~~~~~~~~~~~^^^^^^^^^^^^^^^^^^^^^^^^^^^^^^^^^^
  File "C:\Users\chera\OneDrive\Desktop\projectbot1\venv\Lib\site-packages\requests\sessions.py", line 589, in request
    resp = self.send(prep, **send_kwargs)
  File "C:\Users\chera\OneDrive\Desktop\projectbot1\venv\Lib\site-packages\requests\sessions.py", line 703, in send
    r = adapter.send(request, **kwargs)
  File "C:\Users\chera\OneDrive\Desktop\projectbot1\venv\Lib\site-packages\requests\adapters.py", line 519, in send
    raise ConnectionError(e, request=request)
requests.exceptions.ConnectionError: HTTPSConnectionPool(host='api.tomtom.com', port=443): Max retries exceeded with url: /traffic/services/4/flowSegmentData/absolute/10/json?point=17.385,78.4867&key=Ri0LrJjjYgFqE3LToDzy2MAr8MCyYs9D (Caused by NameResolutionError("HTTPSConnection(host='api.tomtom.com', port=443): Failed to resolve 'api.tomtom.com' ([Errno 11001] getaddrinfo failed)"))
2026-02-13 09:31:45 | traffic | [32mINFO[0m | get_traffic_flow:73 | Traffic status: smooth (current: 27 km/h, free flow: 27 km/h)
2026-02-13 09:32:51 | traffic | [31mERROR[0m | get_traffic_flow:84 | Traffic fetch failed: HTTPSConnectionPool(host='api.tomtom.com', port=443): Max retries exceeded with url: /traffic/services/4/flowSegmentData/absolute/10/json?point=17.385,78.4867&key=Ri0LrJjjYgFqE3LToDzy2MAr8MCyYs9D (Caused by NameResolutionError("HTTPSConnection(host='api.tomtom.com', port=443): Failed to resolve 'api.tomtom.com' ([Errno 11001] getaddrinfo failed)"))
Traceback (most recent call last):
  File "C:\Users\chera\OneDrive\Desktop\projectbot1\venv\Lib\site-packages\urllib3\connection.py", line 204, in _new_conn
    sock = connection.create_connection(
        (self._dns_host, self.port),
    ...<2 lines>...
        socket_options=self.socket_options,
    )
  File "C:\Users\chera\OneDrive\Desktop\projectbot1\venv\Lib\site-packages\urllib3\util\connection.py", line 60, in create_connection
    for res in socket.getaddrinfo(host, port, family, socket.SOCK_STREAM):
               ~~~~~~~~~~~~~~~~~~^^^^^^^^^^^^^^^^^^^^^^^^^^^^^^^^^^^^^^^^
  File "C:\Users\chera\AppData\Local\Programs\Python\Python314\Lib\socket.py", line 983, in getaddrinfo
    for res in _socket.getaddrinfo(host, port, family, type, proto, flags):
               ~~~~~~~~~~~~~~~~~~~^^^^^^^^^^^^^^^^^^^^^^^^^^^^^^^^^^^^^^^^
socket.gaierror: [Errno 11001] getaddrinfo failed

The above exception was the direct cause of the following exception:

Traceback (most recent call last):
  File "C:\Users\chera\OneDrive\Desktop\projectbot1\venv\Lib\site-packages\urllib3\connectionpool.py", line 787, in urlopen
    response = self._make_request(
        conn,
    ...<10 lines>...
        **response_kw,
    )
  File "C:\Users\chera\OneDrive\Desktop\projectbot1\venv\Lib\site-packages\urllib3\connectionpool.py", line 488, in _make_request
    raise new_e
  File "C:\Users\chera\OneDrive\Desktop\projectbot1\venv\Lib\site-packages\urllib3\connectionpool.py", line 464, in _make_request
    self._validate_conn(conn)
    ~~~~~~~~~~~~~~~~~~~^^^^^^
  File "C:\Users\chera\OneDrive\Desktop\projectbot1\venv\Lib\site-packages\urllib3\connectionpool.py", line 1093, in _validate_conn
    conn.connect()
    ~~~~~~~~~~~~^^
  File "C:\Users\chera\OneDrive\Desktop\projectbot1\venv\Lib\site-packages\urllib3\connection.py", line 759, in connect
    self.sock = sock = self._new_conn()
                       ~~~~~~~~~~~~~~^^
  File "C:\Users\chera\OneDrive\Desktop\projectbot1\venv\Lib\site-packages\urllib3\connection.py", line 211, in _new_conn
    raise NameResolutionError(self.host, self, e) from e
urllib3.exceptions.NameResolutionError: HTTPSConnection(host='api.tomtom.com', port=443): Failed to resolve 'api.tomtom.com' ([Errno 11001] getaddrinfo failed)

The above exception was the direct cause of the following exception:

Traceback (most recent call last):
  File "C:\Users\chera\OneDrive\Desktop\projectbot1\venv\Lib\site-packages\requests\adapters.py", line 486, in send
    resp = conn.urlopen(
        method=request.method,
    ...<9 lines>...
        chunked=chunked,
    )
  File "C:\Users\chera\OneDrive\Desktop\projectbot1\venv\Lib\site-packages\urllib3\connectionpool.py", line 841, in urlopen
    retries = retries.increment(
        method, url, error=new_e, _pool=self, _stacktrace=sys.exc_info()[2]
    )
  File "C:\Users\chera\OneDrive\Desktop\projectbot1\venv\Lib\site-packages\urllib3\util\retry.py", line 535, in increment
    raise MaxRetryError(_pool, url, reason) from reason  # type: ignore[arg-type]
    ^^^^^^^^^^^^^^^^^^^^^^^^^^^^^^^^^^^^^^^^^^^^^^^^^^^
urllib3.exceptions.MaxRetryError: HTTPSConnectionPool(host='api.tomtom.com', port=443): Max retries exceeded with url: /traffic/services/4/flowSegmentData/absolute/10/json?point=17.385,78.4867&key=Ri0LrJjjYgFqE3LToDzy2MAr8MCyYs9D (Caused by NameResolutionError("HTTPSConnection(host='api.tomtom.com', port=443): Failed to resolve 'api.tomtom.com' ([Errno 11001] getaddrinfo failed)"))

During handling of the above exception, another exception occurred:

Traceback (most recent call last):
  File "C:\Users\chera\OneDrive\Desktop\projectbot1\services\traffic.py", line 61, in get_traffic_flow
    response = requests.get(url, timeout=config.api.TRAFFIC_TIMEOUT)
  File "C:\Users\chera\OneDrive\Desktop\projectbot1\venv\Lib\site-packages\requests\api.py", line 73, in get
    return request("get", url, params=params, **kwargs)
  File "C:\Users\chera\OneDrive\Desktop\projectbot1\venv\Lib\site-packages\requests\api.py", line 59, in request
    return session.request(method=method, url=url, **kwargs)
           ~~~~~~~~~~~~~~~^^^^^^^^^^^^^^^^^^^^^^^^^^^^^^^^^^
  File "C:\Users\chera\OneDrive\Desktop\projectbot1\venv\Lib\site-packages\requests\sessions.py", line 589, in request
    resp = self.send(prep, **send_kwargs)
  File "C:\Users\chera\OneDrive\Desktop\projectbot1\venv\Lib\site-packages\requests\sessions.py", line 703, in send
    r = adapter.send(request, **kwargs)
  File "C:\Users\chera\OneDrive\Desktop\projectbot1\venv\Lib\site-packages\requests\adapters.py", line 519, in send
    raise ConnectionError(e, request=request)
requests.exceptions.ConnectionError: HTTPSConnectionPool(host='api.tomtom.com', port=443): Max retries exceeded with url: /traffic/services/4/flowSegmentData/absolute/10/json?point=17.385,78.4867&key=Ri0LrJjjYgFqE3LToDzy2MAr8MCyYs9D (Caused by NameResolutionError("HTTPSConnection(host='api.tomtom.com', port=443): Failed to resolve 'api.tomtom.com' ([Errno 11001] getaddrinfo failed)"))
2026-02-13 09:32:53 | traffic | [32mINFO[0m | get_traffic_flow:73 | Traffic status: smooth (current: 27 km/h, free flow: 27 km/h)
2026-02-13 09:34:53 | traffic | [31mERROR[0m | get_traffic_flow:84 | Traffic fetch failed: HTTPSConnectionPool(host='api.tomtom.com', port=443): Max retries exceeded with url: /traffic/services/4/flowSegmentData/absolute/10/json?point=17.385,78.4867&key=Ri0LrJjjYgFqE3LToDzy2MAr8MCyYs9D (Caused by NameResolutionError("HTTPSConnection(host='api.tomtom.com', port=443): Failed to resolve 'api.tomtom.com' ([Errno 11001] getaddrinfo failed)"))
Traceback (most recent call last):
  File "C:\Users\chera\OneDrive\Desktop\projectbot1\venv\Lib\site-packages\urllib3\connection.py", line 204, in _new_conn
    sock = connection.create_connection(
        (self._dns_host, self.port),
    ...<2 lines>...
        socket_options=self.socket_options,
    )
  File "C:\Users\chera\OneDrive\Desktop\projectbot1\venv\Lib\site-packages\urllib3\util\connection.py", line 60, in create_connection
    for res in socket.getaddrinfo(host, port, family, socket.SOCK_STREAM):
               ~~~~~~~~~~~~~~~~~~^^^^^^^^^^^^^^^^^^^^^^^^^^^^^^^^^^^^^^^^
  File "C:\Users\chera\AppData\Local\Programs\Python\Python314\Lib\socket.py", line 983, in getaddrinfo
    for res in _socket.getaddrinfo(host, port, family, type, proto, flags):
               ~~~~~~~~~~~~~~~~~~~^^^^^^^^^^^^^^^^^^^^^^^^^^^^^^^^^^^^^^^^
socket.gaierror: [Errno 11001] getaddrinfo failed

The above exception was the direct cause of the following exception:

Traceback (most recent call last):
  File "C:\Users\chera\OneDrive\Desktop\projectbot1\venv\Lib\site-packages\urllib3\connectionpool.py", line 787, in urlopen
    response = self._make_request(
        conn,
    ...<10 lines>...
        **response_kw,
    )
  File "C:\Users\chera\OneDrive\Desktop\projectbot1\venv\Lib\site-packages\urllib3\connectionpool.py", line 488, in _make_request
    raise new_e
  File "C:\Users\chera\OneDrive\Desktop\projectbot1\venv\Lib\site-packages\urllib3\connectionpool.py", line 464, in _make_request
    self._validate_conn(conn)
    ~~~~~~~~~~~~~~~~~~~^^^^^^
  File "C:\Users\chera\OneDrive\Desktop\projectbot1\venv\Lib\site-packages\urllib3\connectionpool.py", line 1093, in _validate_conn
    conn.connect()
    ~~~~~~~~~~~~^^
  File "C:\Users\chera\OneDrive\Desktop\projectbot1\venv\Lib\site-packages\urllib3\connection.py", line 759, in connect
    self.sock = sock = self._new_conn()
                       ~~~~~~~~~~~~~~^^
  File "C:\Users\chera\OneDrive\Desktop\projectbot1\venv\Lib\site-packages\urllib3\connection.py", line 211, in _new_conn
    raise NameResolutionError(self.host, self, e) from e
urllib3.exceptions.NameResolutionError: HTTPSConnection(host='api.tomtom.com', port=443): Failed to resolve 'api.tomtom.com' ([Errno 11001] getaddrinfo failed)

The above exception was the direct cause of the following exception:

Traceback (most recent call last):
  File "C:\Users\chera\OneDrive\Desktop\projectbot1\venv\Lib\site-packages\requests\adapters.py", line 486, in send
    resp = conn.urlopen(
        method=request.method,
    ...<9 lines>...
        chunked=chunked,
    )
  File "C:\Users\chera\OneDrive\Desktop\projectbot1\venv\Lib\site-packages\urllib3\connectionpool.py", line 841, in urlopen
    retries = retries.increment(
        method, url, error=new_e, _pool=self, _stacktrace=sys.exc_info()[2]
    )
  File "C:\Users\chera\OneDrive\Desktop\projectbot1\venv\Lib\site-packages\urllib3\util\retry.py", line 535, in increment
    raise MaxRetryError(_pool, url, reason) from reason  # type: ignore[arg-type]
    ^^^^^^^^^^^^^^^^^^^^^^^^^^^^^^^^^^^^^^^^^^^^^^^^^^^
urllib3.exceptions.MaxRetryError: HTTPSConnectionPool(host='api.tomtom.com', port=443): Max retries exceeded with url: /traffic/services/4/flowSegmentData/absolute/10/json?point=17.385,78.4867&key=Ri0LrJjjYgFqE3LToDzy2MAr8MCyYs9D (Caused by NameResolutionError("HTTPSConnection(host='api.tomtom.com', port=443): Failed to resolve 'api.tomtom.com' ([Errno 11001] getaddrinfo failed)"))

During handling of the above exception, another exception occurred:

Traceback (most recent call last):
  File "C:\Users\chera\OneDrive\Desktop\projectbot1\services\traffic.py", line 61, in get_traffic_flow
    response = requests.get(url, timeout=config.api.TRAFFIC_TIMEOUT)
  File "C:\Users\chera\OneDrive\Desktop\projectbot1\venv\Lib\site-packages\requests\api.py", line 73, in get
    return request("get", url, params=params, **kwargs)
  File "C:\Users\chera\OneDrive\Desktop\projectbot1\venv\Lib\site-packages\requests\api.py", line 59, in request
    return session.request(method=method, url=url, **kwargs)
           ~~~~~~~~~~~~~~~^^^^^^^^^^^^^^^^^^^^^^^^^^^^^^^^^^
  File "C:\Users\chera\OneDrive\Desktop\projectbot1\venv\Lib\site-packages\requests\sessions.py", line 589, in request
    resp = self.send(prep, **send_kwargs)
  File "C:\Users\chera\OneDrive\Desktop\projectbot1\venv\Lib\site-packages\requests\sessions.py", line 703, in send
    r = adapter.send(request, **kwargs)
  File "C:\Users\chera\OneDrive\Desktop\projectbot1\venv\Lib\site-packages\requests\adapters.py", line 519, in send
    raise ConnectionError(e, request=request)
requests.exceptions.ConnectionError: HTTPSConnectionPool(host='api.tomtom.com', port=443): Max retries exceeded with url: /traffic/services/4/flowSegmentData/absolute/10/json?point=17.385,78.4867&key=Ri0LrJjjYgFqE3LToDzy2MAr8MCyYs9D (Caused by NameResolutionError("HTTPSConnection(host='api.tomtom.com', port=443): Failed to resolve 'api.tomtom.com' ([Errno 11001] getaddrinfo failed)"))
2026-02-13 09:37:10 | traffic | [33mWARNING[0m | get_traffic_flow:78 | Traffic API timeout for (17.3850, 78.4867)
2026-02-13 09:38:28 | traffic | [32mINFO[0m | get_traffic_flow:73 | Traffic status: moderate (current: 22 km/h, free flow: 28 km/h)
2026-02-13 09:38:40 | traffic | [33mWARNING[0m | get_traffic_flow:78 | Traffic API timeout for (17.3850, 78.4867)
2026-02-13 09:38:52 | traffic | [33mWARNING[0m | get_traffic_flow:78 | Traffic API timeout for (17.3850, 78.4867)
2026-02-13 09:39:35 | traffic | [33mWARNING[0m | get_traffic_flow:78 | Traffic API timeout for (17.3850, 78.4867)
2026-02-13 09:39:35 | traffic | [33mWARNING[0m | get_traffic_flow:78 | Traffic API timeout for (17.3850, 78.4867)
2026-02-13 09:39:35 | traffic | [33mWARNING[0m | get_traffic_flow:78 | Traffic API timeout for (17.3850, 78.4867)
2026-02-13 09:39:37 | traffic | [33mWARNING[0m | get_traffic_flow:78 | Traffic API timeout for (17.3850, 78.4867)
2026-02-13 09:39:37 | traffic | [32mINFO[0m | get_traffic_flow:73 | Traffic status: smooth (current: 24 km/h, free flow: 27 km/h)
2026-02-13 09:39:38 | traffic | [32mINFO[0m | get_traffic_flow:73 | Traffic status: smooth (current: 24 km/h, free flow: 27 km/h)
2026-02-13 09:39:38 | traffic | [32mINFO[0m | get_traffic_flow:73 | Traffic status: smooth (current: 24 km/h, free flow: 27 km/h)
2026-02-13 09:39:38 | traffic | [32mINFO[0m | get_traffic_flow:73 | Traffic status: smooth (current: 24 km/h, free flow: 27 km/h)
2026-02-13 09:39:39 | traffic | [32mINFO[0m | get_traffic_flow:73 | Traffic status: smooth (current: 24 km/h, free flow: 27 km/h)
2026-02-13 09:39:49 | traffic | [32mINFO[0m | get_traffic_flow:73 | Traffic status: smooth (current: 24 km/h, free flow: 27 km/h)
2026-02-13 09:39:50 | traffic | [32mINFO[0m | get_traffic_flow:73 | Traffic status: smooth (current: 24 km/h, free flow: 27 km/h)
2026-02-13 09:39:51 | traffic | [32mINFO[0m | get_traffic_flow:73 | Traffic status: smooth (current: 24 km/h, free flow: 27 km/h)
2026-02-13 09:39:51 | traffic | [32mINFO[0m | get_traffic_flow:73 | Traffic status: smooth (current: 24 km/h, free flow: 27 km/h)
2026-02-13 09:39:57 | traffic | [33mWARNING[0m | get_traffic_flow:78 | Traffic API timeout for (17.3850, 78.4867)
2026-02-13 09:39:57 | traffic | [33mWARNING[0m | get_traffic_flow:78 | Traffic API timeout for (17.3850, 78.4867)
2026-02-13 09:39:57 | traffic | [33mWARNING[0m | get_traffic_flow:78 | Traffic API timeout for (17.3850, 78.4867)
2026-02-13 09:40:14 | traffic | [31mERROR[0m | get_traffic_flow:84 | Traffic fetch failed: HTTPSConnectionPool(host='api.tomtom.com', port=443): Max retries exceeded with url: /traffic/services/4/flowSegmentData/absolute/10/json?point=17.385,78.4867&key=Ri0LrJjjYgFqE3LToDzy2MAr8MCyYs9D (Caused by NameResolutionError("HTTPSConnection(host='api.tomtom.com', port=443): Failed to resolve 'api.tomtom.com' ([Errno 11001] getaddrinfo failed)"))
Traceback (most recent call last):
  File "C:\Users\chera\OneDrive\Desktop\projectbot1\venv\Lib\site-packages\urllib3\connection.py", line 204, in _new_conn
    sock = connection.create_connection(
        (self._dns_host, self.port),
    ...<2 lines>...
        socket_options=self.socket_options,
    )
  File "C:\Users\chera\OneDrive\Desktop\projectbot1\venv\Lib\site-packages\urllib3\util\connection.py", line 60, in create_connection
    for res in socket.getaddrinfo(host, port, family, socket.SOCK_STREAM):
               ~~~~~~~~~~~~~~~~~~^^^^^^^^^^^^^^^^^^^^^^^^^^^^^^^^^^^^^^^^
  File "C:\Users\chera\AppData\Local\Programs\Python\Python314\Lib\socket.py", line 983, in getaddrinfo
    for res in _socket.getaddrinfo(host, port, family, type, proto, flags):
               ~~~~~~~~~~~~~~~~~~~^^^^^^^^^^^^^^^^^^^^^^^^^^^^^^^^^^^^^^^^
socket.gaierror: [Errno 11001] getaddrinfo failed

The above exception was the direct cause of the following exception:

Traceback (most recent call last):
  File "C:\Users\chera\OneDrive\Desktop\projectbot1\venv\Lib\site-packages\urllib3\connectionpool.py", line 787, in urlopen
    response = self._make_request(
        conn,
    ...<10 lines>...
        **response_kw,
    )
  File "C:\Users\chera\OneDrive\Desktop\projectbot1\venv\Lib\site-packages\urllib3\connectionpool.py", line 488, in _make_request
    raise new_e
  File "C:\Users\chera\OneDrive\Desktop\projectbot1\venv\Lib\site-packages\urllib3\connectionpool.py", line 464, in _make_request
    self._validate_conn(conn)
    ~~~~~~~~~~~~~~~~~~~^^^^^^
  File "C:\Users\chera\OneDrive\Desktop\projectbot1\venv\Lib\site-packages\urllib3\connectionpool.py", line 1093, in _validate_conn
    conn.connect()
    ~~~~~~~~~~~~^^
  File "C:\Users\chera\OneDrive\Desktop\projectbot1\venv\Lib\site-packages\urllib3\connection.py", line 759, in connect
    self.sock = sock = self._new_conn()
                       ~~~~~~~~~~~~~~^^
  File "C:\Users\chera\OneDrive\Desktop\projectbot1\venv\Lib\site-packages\urllib3\connection.py", line 211, in _new_conn
    raise NameResolutionError(self.host, self, e) from e
urllib3.exceptions.NameResolutionError: HTTPSConnection(host='api.tomtom.com', port=443): Failed to resolve 'api.tomtom.com' ([Errno 11001] getaddrinfo failed)

The above exception was the direct cause of the following exception:

Traceback (most recent call last):
  File "C:\Users\chera\OneDrive\Desktop\projectbot1\venv\Lib\site-packages\requests\adapters.py", line 486, in send
    resp = conn.urlopen(
        method=request.method,
    ...<9 lines>...
        chunked=chunked,
    )
  File "C:\Users\chera\OneDrive\Desktop\projectbot1\venv\Lib\site-packages\urllib3\connectionpool.py", line 841, in urlopen
    retries = retries.increment(
        method, url, error=new_e, _pool=self, _stacktrace=sys.exc_info()[2]
    )
  File "C:\Users\chera\OneDrive\Desktop\projectbot1\venv\Lib\site-packages\urllib3\util\retry.py", line 535, in increment
    raise MaxRetryError(_pool, url, reason) from reason  # type: ignore[arg-type]
    ^^^^^^^^^^^^^^^^^^^^^^^^^^^^^^^^^^^^^^^^^^^^^^^^^^^
urllib3.exceptions.MaxRetryError: HTTPSConnectionPool(host='api.tomtom.com', port=443): Max retries exceeded with url: /traffic/services/4/flowSegmentData/absolute/10/json?point=17.385,78.4867&key=Ri0LrJjjYgFqE3LToDzy2MAr8MCyYs9D (Caused by NameResolutionError("HTTPSConnection(host='api.tomtom.com', port=443): Failed to resolve 'api.tomtom.com' ([Errno 11001] getaddrinfo failed)"))

During handling of the above exception, another exception occurred:

Traceback (most recent call last):
  File "C:\Users\chera\OneDrive\Desktop\projectbot1\services\traffic.py", line 61, in get_traffic_flow
    response = requests.get(url, timeout=config.api.TRAFFIC_TIMEOUT)
  File "C:\Users\chera\OneDrive\Desktop\projectbot1\venv\Lib\site-packages\requests\api.py", line 73, in get
    return request("get", url, params=params, **kwargs)
  File "C:\Users\chera\OneDrive\Desktop\projectbot1\venv\Lib\site-packages\requests\api.py", line 59, in request
    return session.request(method=method, url=url, **kwargs)
           ~~~~~~~~~~~~~~~^^^^^^^^^^^^^^^^^^^^^^^^^^^^^^^^^^
  File "C:\Users\chera\OneDrive\Desktop\projectbot1\venv\Lib\site-packages\requests\sessions.py", line 589, in request
    resp = self.send(prep, **send_kwargs)
  File "C:\Users\chera\OneDrive\Desktop\projectbot1\venv\Lib\site-packages\requests\sessions.py", line 703, in send
    r = adapter.send(request, **kwargs)
  File "C:\Users\chera\OneDrive\Desktop\projectbot1\venv\Lib\site-packages\requests\adapters.py", line 519, in send
    raise ConnectionError(e, request=request)
requests.exceptions.ConnectionError: HTTPSConnectionPool(host='api.tomtom.com', port=443): Max retries exceeded with url: /traffic/services/4/flowSegmentData/absolute/10/json?point=17.385,78.4867&key=Ri0LrJjjYgFqE3LToDzy2MAr8MCyYs9D (Caused by NameResolutionError("HTTPSConnection(host='api.tomtom.com', port=443): Failed to resolve 'api.tomtom.com' ([Errno 11001] getaddrinfo failed)"))
2026-02-13 09:41:08 | traffic | [33mWARNING[0m | get_traffic_flow:78 | Traffic API timeout for (17.3850, 78.4867)
2026-02-13 09:41:14 | traffic | [33mWARNING[0m | get_traffic_flow:78 | Traffic API timeout for (17.3850, 78.4867)
2026-02-13 09:52:47 | traffic | [33mWARNING[0m | get_traffic_flow:78 | Traffic API timeout for (17.3850, 78.4867)
2026-02-13 09:53:13 | traffic | [32mINFO[0m | get_traffic_flow:73 | Traffic status: smooth (current: 27 km/h, free flow: 27 km/h)
2026-02-13 09:55:31 | traffic | [32mINFO[0m | get_traffic_flow:73 | Traffic status: smooth (current: 23 km/h, free flow: 28 km/h)
2026-02-13 09:55:33 | traffic | [32mINFO[0m | get_traffic_flow:73 | Traffic status: smooth (current: 23 km/h, free flow: 28 km/h)
2026-02-13 09:57:17 | traffic | [32mINFO[0m | get_traffic_flow:73 | Traffic status: moderate (current: 20 km/h, free flow: 28 km/h)
2026-02-13 10:00:32 | traffic | [32mINFO[0m | get_traffic_flow:73 | Traffic status: smooth (current: 23 km/h, free flow: 28 km/h)
2026-02-13 10:02:45 | traffic | [32mINFO[0m | get_traffic_flow:73 | Traffic status: smooth (current: 24 km/h, free flow: 27 km/h)
2026-02-13 10:02:48 | traffic | [32mINFO[0m | get_traffic_flow:73 | Traffic status: smooth (current: 24 km/h, free flow: 27 km/h)
2026-02-13 10:02:59 | traffic | [32mINFO[0m | get_traffic_flow:73 | Traffic status: smooth (current: 24 km/h, free flow: 27 km/h)
2026-02-13 10:03:01 | traffic | [32mINFO[0m | get_traffic_flow:73 | Traffic status: smooth (current: 24 km/h, free flow: 27 km/h)
2026-02-13 10:03:02 | traffic | [32mINFO[0m | get_traffic_flow:73 | Traffic status: smooth (current: 24 km/h, free flow: 27 km/h)
2026-02-13 10:03:04 | traffic | [32mINFO[0m | get_traffic_flow:73 | Traffic status: smooth (current: 24 km/h, free flow: 27 km/h)
2026-02-13 10:03:06 | traffic | [32mINFO[0m | get_traffic_flow:73 | Traffic status: smooth (current: 24 km/h, free flow: 27 km/h)
2026-02-13 10:03:11 | traffic | [32mINFO[0m | get_traffic_flow:73 | Traffic status: smooth (current: 24 km/h, free flow: 27 km/h)
2026-02-13 10:03:17 | traffic | [32mINFO[0m | get_traffic_flow:73 | Traffic status: smooth (current: 24 km/h, free flow: 27 km/h)
2026-02-13 10:03:19 | traffic | [32mINFO[0m | get_traffic_flow:73 | Traffic status: smooth (current: 24 km/h, free flow: 27 km/h)
2026-02-13 10:03:28 | traffic | [32mINFO[0m | get_traffic_flow:73 | Traffic status: smooth (current: 24 km/h, free flow: 27 km/h)
2026-02-13 10:03:28 | traffic | [32mINFO[0m | get_traffic_flow:73 | Traffic status: smooth (current: 24 km/h, free flow: 27 km/h)
2026-02-13 10:03:30 | traffic | [32mINFO[0m | get_traffic_flow:73 | Traffic status: smooth (current: 24 km/h, free flow: 27 km/h)
2026-02-13 10:03:32 | traffic | [32mINFO[0m | get_traffic_flow:73 | Traffic status: smooth (current: 24 km/h, free flow: 28 km/h)
2026-02-13 10:03:36 | traffic | [32mINFO[0m | get_traffic_flow:73 | Traffic status: smooth (current: 24 km/h, free flow: 28 km/h)
2026-02-13 10:03:43 | traffic | [32mINFO[0m | get_traffic_flow:73 | Traffic status: smooth (current: 24 km/h, free flow: 28 km/h)
2026-02-13 10:03:45 | traffic | [32mINFO[0m | get_traffic_flow:73 | Traffic status: smooth (current: 24 km/h, free flow: 28 km/h)
2026-02-13 10:03:52 | traffic | [32mINFO[0m | get_traffic_flow:73 | Traffic status: smooth (current: 24 km/h, free flow: 28 km/h)
2026-02-13 10:05:25 | traffic | [32mINFO[0m | get_traffic_flow:73 | Traffic status: smooth (current: 26 km/h, free flow: 28 km/h)
2026-02-13 10:12:12 | traffic | [32mINFO[0m | get_traffic_flow:73 | Traffic status: smooth (current: 24 km/h, free flow: 28 km/h)
2026-02-13 10:12:21 | traffic | [32mINFO[0m | get_traffic_flow:73 | Traffic status: smooth (current: 24 km/h, free flow: 28 km/h)
2026-02-13 10:13:55 | traffic | [32mINFO[0m | get_traffic_flow:73 | Traffic status: smooth (current: 27 km/h, free flow: 27 km/h)
2026-02-13 10:15:00 | traffic | [32mINFO[0m | get_traffic_flow:73 | Traffic status: smooth (current: 24 km/h, free flow: 27 km/h)
2026-02-13 10:18:05 | traffic | [32mINFO[0m | get_traffic_flow:73 | Traffic status: smooth (current: 24 km/h, free flow: 27 km/h)
2026-02-13 10:18:05 | traffic | [32mINFO[0m | get_traffic_flow:73 | Traffic status: smooth (current: 24 km/h, free flow: 27 km/h)
2026-02-13 10:18:06 | traffic | [32mINFO[0m | get_traffic_flow:73 | Traffic status: smooth (current: 24 km/h, free flow: 27 km/h)
2026-02-13 10:18:06 | traffic | [32mINFO[0m | get_traffic_flow:73 | Traffic status: smooth (current: 24 km/h, free flow: 27 km/h)
2026-02-13 10:18:06 | traffic | [32mINFO[0m | get_traffic_flow:73 | Traffic status: smooth (current: 24 km/h, free flow: 27 km/h)
2026-02-13 10:18:06 | traffic | [32mINFO[0m | get_traffic_flow:73 | Traffic status: smooth (current: 24 km/h, free flow: 27 km/h)
2026-02-13 10:19:02 | traffic | [32mINFO[0m | get_traffic_flow:73 | Traffic status: smooth (current: 23 km/h, free flow: 28 km/h)
2026-02-13 10:19:26 | traffic | [32mINFO[0m | get_traffic_flow:73 | Traffic status: moderate (current: 21 km/h, free flow: 27 km/h)
2026-02-13 10:19:28 | traffic | [32mINFO[0m | get_traffic_flow:73 | Traffic status: moderate (current: 21 km/h, free flow: 27 km/h)
2026-02-13 10:19:31 | traffic | [32mINFO[0m | get_traffic_flow:73 | Traffic status: moderate (current: 21 km/h, free flow: 27 km/h)
2026-02-13 10:19:35 | traffic | [32mINFO[0m | get_traffic_flow:73 | Traffic status: smooth (current: 27 km/h, free flow: 27 km/h)
2026-02-13 10:19:40 | traffic | [32mINFO[0m | get_traffic_flow:73 | Traffic status: smooth (current: 27 km/h, free flow: 27 km/h)
2026-02-13 10:19:41 | traffic | [32mINFO[0m | get_traffic_flow:73 | Traffic status: smooth (current: 27 km/h, free flow: 27 km/h)
2026-02-13 10:19:43 | traffic | [32mINFO[0m | get_traffic_flow:73 | Traffic status: smooth (current: 27 km/h, free flow: 27 km/h)
2026-02-13 10:19:44 | traffic | [32mINFO[0m | get_traffic_flow:73 | Traffic status: smooth (current: 27 km/h, free flow: 27 km/h)
2026-02-13 10:19:49 | traffic | [32mINFO[0m | get_traffic_flow:73 | Traffic status: smooth (current: 27 km/h, free flow: 27 km/h)
2026-02-13 10:20:14 | traffic | [32mINFO[0m | get_traffic_flow:73 | Traffic status: smooth (current: 27 km/h, free flow: 27 km/h)
2026-02-13 10:20:29 | traffic | [32mINFO[0m | get_traffic_flow:73 | Traffic status: smooth (current: 27 km/h, free flow: 27 km/h)
2026-02-13 10:20:59 | traffic | [32mINFO[0m | get_traffic_flow:73 | Traffic status: smooth (current: 27 km/h, free flow: 27 km/h)
2026-02-13 10:34:44 | traffic | [32mINFO[0m | get_traffic_flow:73 | Traffic status: smooth (current: 27 km/h, free flow: 27 km/h)
2026-02-13 10:35:01 | traffic | [32mINFO[0m | get_traffic_flow:73 | Traffic status: smooth (current: 27 km/h, free flow: 27 km/h)
2026-02-13 10:35:03 | traffic | [32mINFO[0m | get_traffic_flow:73 | Traffic status: smooth (current: 27 km/h, free flow: 27 km/h)
2026-02-13 10:35:03 | traffic | [33mWARNING[0m | get_traffic_flow:78 | Traffic API timeout for (17.3850, 78.4867)
2026-02-13 10:35:14 | traffic | [33mWARNING[0m | get_traffic_flow:78 | Traffic API timeout for (17.3850, 78.4867)
2026-02-13 10:35:16 | traffic | [32mINFO[0m | get_traffic_flow:73 | Traffic status: moderate (current: 21 km/h, free flow: 27 km/h)
2026-02-13 10:35:21 | traffic | [32mINFO[0m | get_traffic_flow:73 | Traffic status: moderate (current: 21 km/h, free flow: 27 km/h)
2026-02-13 10:35:28 | traffic | [32mINFO[0m | get_traffic_flow:73 | Traffic status: moderate (current: 21 km/h, free flow: 27 km/h)
2026-02-13 10:35:32 | traffic | [32mINFO[0m | get_traffic_flow:73 | Traffic status: moderate (current: 21 km/h, free flow: 27 km/h)
2026-02-13 10:36:09 | traffic | [31mERROR[0m | get_traffic_flow:84 | Traffic fetch failed: HTTPSConnectionPool(host='api.tomtom.com', port=443): Max retries exceeded with url: /traffic/services/4/flowSegmentData/absolute/10/json?point=17.385,78.4867&key=Ri0LrJjjYgFqE3LToDzy2MAr8MCyYs9D (Caused by NameResolutionError("HTTPSConnection(host='api.tomtom.com', port=443): Failed to resolve 'api.tomtom.com' ([Errno 11001] getaddrinfo failed)"))
Traceback (most recent call last):
  File "C:\Users\chera\OneDrive\Desktop\projectbot1\venv\Lib\site-packages\urllib3\connection.py", line 204, in _new_conn
    sock = connection.create_connection(
        (self._dns_host, self.port),
    ...<2 lines>...
        socket_options=self.socket_options,
    )
  File "C:\Users\chera\OneDrive\Desktop\projectbot1\venv\Lib\site-packages\urllib3\util\connection.py", line 60, in create_connection
    for res in socket.getaddrinfo(host, port, family, socket.SOCK_STREAM):
               ~~~~~~~~~~~~~~~~~~^^^^^^^^^^^^^^^^^^^^^^^^^^^^^^^^^^^^^^^^
  File "C:\Users\chera\AppData\Local\Programs\Python\Python314\Lib\socket.py", line 983, in getaddrinfo
    for res in _socket.getaddrinfo(host, port, family, type, proto, flags):
               ~~~~~~~~~~~~~~~~~~~^^^^^^^^^^^^^^^^^^^^^^^^^^^^^^^^^^^^^^^^
socket.gaierror: [Errno 11001] getaddrinfo failed

The above exception was the direct cause of the following exception:

Traceback (most recent call last):
  File "C:\Users\chera\OneDrive\Desktop\projectbot1\venv\Lib\site-packages\urllib3\connectionpool.py", line 787, in urlopen
    response = self._make_request(
        conn,
    ...<10 lines>...
        **response_kw,
    )
  File "C:\Users\chera\OneDrive\Desktop\projectbot1\venv\Lib\site-packages\urllib3\connectionpool.py", line 488, in _make_request
    raise new_e
  File "C:\Users\chera\OneDrive\Desktop\projectbot1\venv\Lib\site-packages\urllib3\connectionpool.py", line 464, in _make_request
    self._validate_conn(conn)
    ~~~~~~~~~~~~~~~~~~~^^^^^^
  File "C:\Users\chera\OneDrive\Desktop\projectbot1\venv\Lib\site-packages\urllib3\connectionpool.py", line 1093, in _validate_conn
    conn.connect()
    ~~~~~~~~~~~~^^
  File "C:\Users\chera\OneDrive\Desktop\projectbot1\venv\Lib\site-packages\urllib3\connection.py", line 759, in connect
    self.sock = sock = self._new_conn()
                       ~~~~~~~~~~~~~~^^
  File "C:\Users\chera\OneDrive\Desktop\projectbot1\venv\Lib\site-packages\urllib3\connection.py", line 211, in _new_conn
    raise NameResolutionError(self.host, self, e) from e
urllib3.exceptions.NameResolutionError: HTTPSConnection(host='api.tomtom.com', port=443): Failed to resolve 'api.tomtom.com' ([Errno 11001] getaddrinfo failed)

The above exception was the direct cause of the following exception:

Traceback (most recent call last):
  File "C:\Users\chera\OneDrive\Desktop\projectbot1\venv\Lib\site-packages\requests\adapters.py", line 486, in send
    resp = conn.urlopen(
        method=request.method,
    ...<9 lines>...
        chunked=chunked,
    )
  File "C:\Users\chera\OneDrive\Desktop\projectbot1\venv\Lib\site-packages\urllib3\connectionpool.py", line 841, in urlopen
    retries = retries.increment(
        method, url, error=new_e, _pool=self, _stacktrace=sys.exc_info()[2]
    )
  File "C:\Users\chera\OneDrive\Desktop\projectbot1\venv\Lib\site-packages\urllib3\util\retry.py", line 535, in increment
    raise MaxRetryError(_pool, url, reason) from reason  # type: ignore[arg-type]
    ^^^^^^^^^^^^^^^^^^^^^^^^^^^^^^^^^^^^^^^^^^^^^^^^^^^
urllib3.exceptions.MaxRetryError: HTTPSConnectionPool(host='api.tomtom.com', port=443): Max retries exceeded with url: /traffic/services/4/flowSegmentData/absolute/10/json?point=17.385,78.4867&key=Ri0LrJjjYgFqE3LToDzy2MAr8MCyYs9D (Caused by NameResolutionError("HTTPSConnection(host='api.tomtom.com', port=443): Failed to resolve 'api.tomtom.com' ([Errno 11001] getaddrinfo failed)"))

During handling of the above exception, another exception occurred:

Traceback (most recent call last):
  File "C:\Users\chera\OneDrive\Desktop\projectbot1\services\traffic.py", line 61, in get_traffic_flow
    response = requests.get(url, timeout=config.api.TRAFFIC_TIMEOUT)
  File "C:\Users\chera\OneDrive\Desktop\projectbot1\venv\Lib\site-packages\requests\api.py", line 73, in get
    return request("get", url, params=params, **kwargs)
  File "C:\Users\chera\OneDrive\Desktop\projectbot1\venv\Lib\site-packages\requests\api.py", line 59, in request
    return session.request(method=method, url=url, **kwargs)
           ~~~~~~~~~~~~~~~^^^^^^^^^^^^^^^^^^^^^^^^^^^^^^^^^^
  File "C:\Users\chera\OneDrive\Desktop\projectbot1\venv\Lib\site-packages\requests\sessions.py", line 589, in request
    resp = self.send(prep, **send_kwargs)
  File "C:\Users\chera\OneDrive\Desktop\projectbot1\venv\Lib\site-packages\requests\sessions.py", line 703, in send
    r = adapter.send(request, **kwargs)
  File "C:\Users\chera\OneDrive\Desktop\projectbot1\venv\Lib\site-packages\requests\adapters.py", line 519, in send
    raise ConnectionError(e, request=request)
requests.exceptions.ConnectionError: HTTPSConnectionPool(host='api.tomtom.com', port=443): Max retries exceeded with url: /traffic/services/4/flowSegmentData/absolute/10/json?point=17.385,78.4867&key=Ri0LrJjjYgFqE3LToDzy2MAr8MCyYs9D (Caused by NameResolutionError("HTTPSConnection(host='api.tomtom.com', port=443): Failed to resolve 'api.tomtom.com' ([Errno 11001] getaddrinfo failed)"))
2026-02-13 10:36:09 | traffic | [31mERROR[0m | get_traffic_flow:84 | Traffic fetch failed: HTTPSConnectionPool(host='api.tomtom.com', port=443): Max retries exceeded with url: /traffic/services/4/flowSegmentData/absolute/10/json?point=17.385,78.4867&key=Ri0LrJjjYgFqE3LToDzy2MAr8MCyYs9D (Caused by NameResolutionError("HTTPSConnection(host='api.tomtom.com', port=443): Failed to resolve 'api.tomtom.com' ([Errno 11001] getaddrinfo failed)"))
Traceback (most recent call last):
  File "C:\Users\chera\OneDrive\Desktop\projectbot1\venv\Lib\site-packages\urllib3\connection.py", line 204, in _new_conn
    sock = connection.create_connection(
        (self._dns_host, self.port),
    ...<2 lines>...
        socket_options=self.socket_options,
    )
  File "C:\Users\chera\OneDrive\Desktop\projectbot1\venv\Lib\site-packages\urllib3\util\connection.py", line 60, in create_connection
    for res in socket.getaddrinfo(host, port, family, socket.SOCK_STREAM):
               ~~~~~~~~~~~~~~~~~~^^^^^^^^^^^^^^^^^^^^^^^^^^^^^^^^^^^^^^^^
  File "C:\Users\chera\AppData\Local\Programs\Python\Python314\Lib\socket.py", line 983, in getaddrinfo
    for res in _socket.getaddrinfo(host, port, family, type, proto, flags):
               ~~~~~~~~~~~~~~~~~~~^^^^^^^^^^^^^^^^^^^^^^^^^^^^^^^^^^^^^^^^
socket.gaierror: [Errno 11001] getaddrinfo failed

The above exception was the direct cause of the following exception:

Traceback (most recent call last):
  File "C:\Users\chera\OneDrive\Desktop\projectbot1\venv\Lib\site-packages\urllib3\connectionpool.py", line 787, in urlopen
    response = self._make_request(
        conn,
    ...<10 lines>...
        **response_kw,
    )
  File "C:\Users\chera\OneDrive\Desktop\projectbot1\venv\Lib\site-packages\urllib3\connectionpool.py", line 488, in _make_request
    raise new_e
  File "C:\Users\chera\OneDrive\Desktop\projectbot1\venv\Lib\site-packages\urllib3\connectionpool.py", line 464, in _make_request
    self._validate_conn(conn)
    ~~~~~~~~~~~~~~~~~~~^^^^^^
  File "C:\Users\chera\OneDrive\Desktop\projectbot1\venv\Lib\site-packages\urllib3\connectionpool.py", line 1093, in _validate_conn
    conn.connect()
    ~~~~~~~~~~~~^^
  File "C:\Users\chera\OneDrive\Desktop\projectbot1\venv\Lib\site-packages\urllib3\connection.py", line 759, in connect
    self.sock = sock = self._new_conn()
                       ~~~~~~~~~~~~~~^^
  File "C:\Users\chera\OneDrive\Desktop\projectbot1\venv\Lib\site-packages\urllib3\connection.py", line 211, in _new_conn
    raise NameResolutionError(self.host, self, e) from e
urllib3.exceptions.NameResolutionError: HTTPSConnection(host='api.tomtom.com', port=443): Failed to resolve 'api.tomtom.com' ([Errno 11001] getaddrinfo failed)

The above exception was the direct cause of the following exception:

Traceback (most recent call last):
  File "C:\Users\chera\OneDrive\Desktop\projectbot1\venv\Lib\site-packages\requests\adapters.py", line 486, in send
    resp = conn.urlopen(
        method=request.method,
    ...<9 lines>...
        chunked=chunked,
    )
  File "C:\Users\chera\OneDrive\Desktop\projectbot1\venv\Lib\site-packages\urllib3\connectionpool.py", line 841, in urlopen
    retries = retries.increment(
        method, url, error=new_e, _pool=self, _stacktrace=sys.exc_info()[2]
    )
  File "C:\Users\chera\OneDrive\Desktop\projectbot1\venv\Lib\site-packages\urllib3\util\retry.py", line 535, in increment
    raise MaxRetryError(_pool, url, reason) from reason  # type: ignore[arg-type]
    ^^^^^^^^^^^^^^^^^^^^^^^^^^^^^^^^^^^^^^^^^^^^^^^^^^^
urllib3.exceptions.MaxRetryError: HTTPSConnectionPool(host='api.tomtom.com', port=443): Max retries exceeded with url: /traffic/services/4/flowSegmentData/absolute/10/json?point=17.385,78.4867&key=Ri0LrJjjYgFqE3LToDzy2MAr8MCyYs9D (Caused by NameResolutionError("HTTPSConnection(host='api.tomtom.com', port=443): Failed to resolve 'api.tomtom.com' ([Errno 11001] getaddrinfo failed)"))

During handling of the above exception, another exception occurred:

Traceback (most recent call last):
  File "C:\Users\chera\OneDrive\Desktop\projectbot1\services\traffic.py", line 61, in get_traffic_flow
    response = requests.get(url, timeout=config.api.TRAFFIC_TIMEOUT)
  File "C:\Users\chera\OneDrive\Desktop\projectbot1\venv\Lib\site-packages\requests\api.py", line 73, in get
    return request("get", url, params=params, **kwargs)
  File "C:\Users\chera\OneDrive\Desktop\projectbot1\venv\Lib\site-packages\requests\api.py", line 59, in request
    return session.request(method=method, url=url, **kwargs)
           ~~~~~~~~~~~~~~~^^^^^^^^^^^^^^^^^^^^^^^^^^^^^^^^^^
  File "C:\Users\chera\OneDrive\Desktop\projectbot1\venv\Lib\site-packages\requests\sessions.py", line 589, in request
    resp = self.send(prep, **send_kwargs)
  File "C:\Users\chera\OneDrive\Desktop\projectbot1\venv\Lib\site-packages\requests\sessions.py", line 703, in send
    r = adapter.send(request, **kwargs)
  File "C:\Users\chera\OneDrive\Desktop\projectbot1\venv\Lib\site-packages\requests\adapters.py", line 519, in send
    raise ConnectionError(e, request=request)
requests.exceptions.ConnectionError: HTTPSConnectionPool(host='api.tomtom.com', port=443): Max retries exceeded with url: /traffic/services/4/flowSegmentData/absolute/10/json?point=17.385,78.4867&key=Ri0LrJjjYgFqE3LToDzy2MAr8MCyYs9D (Caused by NameResolutionError("HTTPSConnection(host='api.tomtom.com', port=443): Failed to resolve 'api.tomtom.com' ([Errno 11001] getaddrinfo failed)"))
2026-02-13 10:36:26 | traffic | [33mWARNING[0m | get_traffic_flow:78 | Traffic API timeout for (17.3850, 78.4867)
2026-02-13 10:36:35 | traffic | [32mINFO[0m | get_traffic_flow:73 | Traffic status: moderate (current: 20 km/h, free flow: 26 km/h)
2026-02-13 10:36:38 | traffic | [32mINFO[0m | get_traffic_flow:73 | Traffic status: moderate (current: 20 km/h, free flow: 26 km/h)
2026-02-13 10:36:40 | traffic | [32mINFO[0m | get_traffic_flow:73 | Traffic status: moderate (current: 20 km/h, free flow: 26 km/h)
2026-02-13 10:36:52 | traffic | [32mINFO[0m | get_traffic_flow:73 | Traffic status: moderate (current: 20 km/h, free flow: 26 km/h)
2026-02-13 10:36:57 | traffic | [32mINFO[0m | get_traffic_flow:73 | Traffic status: moderate (current: 21 km/h, free flow: 27 km/h)
2026-02-13 10:37:32 | traffic | [33mWARNING[0m | get_traffic_flow:78 | Traffic API timeout for (17.3850, 78.4867)
2026-02-13 10:37:55 | traffic | [31mERROR[0m | get_traffic_flow:84 | Traffic fetch failed: HTTPSConnectionPool(host='api.tomtom.com', port=443): Max retries exceeded with url: /traffic/services/4/flowSegmentData/absolute/10/json?point=17.385,78.4867&key=Ri0LrJjjYgFqE3LToDzy2MAr8MCyYs9D (Caused by NameResolutionError("HTTPSConnection(host='api.tomtom.com', port=443): Failed to resolve 'api.tomtom.com' ([Errno 11001] getaddrinfo failed)"))
Traceback (most recent call last):
  File "C:\Users\chera\OneDrive\Desktop\projectbot1\venv\Lib\site-packages\urllib3\connection.py", line 204, in _new_conn
    sock = connection.create_connection(
        (self._dns_host, self.port),
    ...<2 lines>...
        socket_options=self.socket_options,
    )
  File "C:\Users\chera\OneDrive\Desktop\projectbot1\venv\Lib\site-packages\urllib3\util\connection.py", line 60, in create_connection
    for res in socket.getaddrinfo(host, port, family, socket.SOCK_STREAM):
               ~~~~~~~~~~~~~~~~~~^^^^^^^^^^^^^^^^^^^^^^^^^^^^^^^^^^^^^^^^
  File "C:\Users\chera\AppData\Local\Programs\Python\Python314\Lib\socket.py", line 983, in getaddrinfo
    for res in _socket.getaddrinfo(host, port, family, type, proto, flags):
               ~~~~~~~~~~~~~~~~~~~^^^^^^^^^^^^^^^^^^^^^^^^^^^^^^^^^^^^^^^^
socket.gaierror: [Errno 11001] getaddrinfo failed

The above exception was the direct cause of the following exception:

Traceback (most recent call last):
  File "C:\Users\chera\OneDrive\Desktop\projectbot1\venv\Lib\site-packages\urllib3\connectionpool.py", line 787, in urlopen
    response = self._make_request(
        conn,
    ...<10 lines>...
        **response_kw,
    )
  File "C:\Users\chera\OneDrive\Desktop\projectbot1\venv\Lib\site-packages\urllib3\connectionpool.py", line 488, in _make_request
    raise new_e
  File "C:\Users\chera\OneDrive\Desktop\projectbot1\venv\Lib\site-packages\urllib3\connectionpool.py", line 464, in _make_request
    self._validate_conn(conn)
    ~~~~~~~~~~~~~~~~~~~^^^^^^
  File "C:\Users\chera\OneDrive\Desktop\projectbot1\venv\Lib\site-packages\urllib3\connectionpool.py", line 1093, in _validate_conn
    conn.connect()
    ~~~~~~~~~~~~^^
  File "C:\Users\chera\OneDrive\Desktop\projectbot1\venv\Lib\site-packages\urllib3\connection.py", line 759, in connect
    self.sock = sock = self._new_conn()
                       ~~~~~~~~~~~~~~^^
  File "C:\Users\chera\OneDrive\Desktop\projectbot1\venv\Lib\site-packages\urllib3\connection.py", line 211, in _new_conn
    raise NameResolutionError(self.host, self, e) from e
urllib3.exceptions.NameResolutionError: HTTPSConnection(host='api.tomtom.com', port=443): Failed to resolve 'api.tomtom.com' ([Errno 11001] getaddrinfo failed)

The above exception was the direct cause of the following exception:

Traceback (most recent call last):
  File "C:\Users\chera\OneDrive\Desktop\projectbot1\venv\Lib\site-packages\requests\adapters.py", line 486, in send
    resp = conn.urlopen(
        method=request.method,
    ...<9 lines>...
        chunked=chunked,
    )
  File "C:\Users\chera\OneDrive\Desktop\projectbot1\venv\Lib\site-packages\urllib3\connectionpool.py", line 841, in urlopen
    retries = retries.increment(
        method, url, error=new_e, _pool=self, _stacktrace=sys.exc_info()[2]
    )
  File "C:\Users\chera\OneDrive\Desktop\projectbot1\venv\Lib\site-packages\urllib3\util\retry.py", line 535, in increment
    raise MaxRetryError(_pool, url, reason) from reason  # type: ignore[arg-type]
    ^^^^^^^^^^^^^^^^^^^^^^^^^^^^^^^^^^^^^^^^^^^^^^^^^^^
urllib3.exceptions.MaxRetryError: HTTPSConnectionPool(host='api.tomtom.com', port=443): Max retries exceeded with url: /traffic/services/4/flowSegmentData/absolute/10/json?point=17.385,78.4867&key=Ri0LrJjjYgFqE3LToDzy2MAr8MCyYs9D (Caused by NameResolutionError("HTTPSConnection(host='api.tomtom.com', port=443): Failed to resolve 'api.tomtom.com' ([Errno 11001] getaddrinfo failed)"))

During handling of the above exception, another exception occurred:

Traceback (most recent call last):
  File "C:\Users\chera\OneDrive\Desktop\projectbot1\services\traffic.py", line 61, in get_traffic_flow
    response = requests.get(url, timeout=config.api.TRAFFIC_TIMEOUT)
  File "C:\Users\chera\OneDrive\Desktop\projectbot1\venv\Lib\site-packages\requests\api.py", line 73, in get
    return request("get", url, params=params, **kwargs)
  File "C:\Users\chera\OneDrive\Desktop\projectbot1\venv\Lib\site-packages\requests\api.py", line 59, in request
    return session.request(method=method, url=url, **kwargs)
           ~~~~~~~~~~~~~~~^^^^^^^^^^^^^^^^^^^^^^^^^^^^^^^^^^
  File "C:\Users\chera\OneDrive\Desktop\projectbot1\venv\Lib\site-packages\requests\sessions.py", line 589, in request
    resp = self.send(prep, **send_kwargs)
  File "C:\Users\chera\OneDrive\Desktop\projectbot1\venv\Lib\site-packages\requests\sessions.py", line 703, in send
    r = adapter.send(request, **kwargs)
  File "C:\Users\chera\OneDrive\Desktop\projectbot1\venv\Lib\site-packages\requests\adapters.py", line 519, in send
    raise ConnectionError(e, request=request)
requests.exceptions.ConnectionError: HTTPSConnectionPool(host='api.tomtom.com', port=443): Max retries exceeded with url: /traffic/services/4/flowSegmentData/absolute/10/json?point=17.385,78.4867&key=Ri0LrJjjYgFqE3LToDzy2MAr8MCyYs9D (Caused by NameResolutionError("HTTPSConnection(host='api.tomtom.com', port=443): Failed to resolve 'api.tomtom.com' ([Errno 11001] getaddrinfo failed)"))
2026-02-13 10:38:42 | traffic | [32mINFO[0m | get_traffic_flow:73 | Traffic status: smooth (current: 24 km/h, free flow: 27 km/h)
2026-02-13 10:38:42 | traffic | [32mINFO[0m | get_traffic_flow:73 | Traffic status: smooth (current: 24 km/h, free flow: 27 km/h)
2026-02-13 10:38:43 | traffic | [32mINFO[0m | get_traffic_flow:73 | Traffic status: smooth (current: 24 km/h, free flow: 27 km/h)
2026-02-13 10:38:45 | traffic | [32mINFO[0m | get_traffic_flow:73 | Traffic status: smooth (current: 24 km/h, free flow: 27 km/h)
2026-02-13 10:39:10 | traffic | [32mINFO[0m | get_traffic_flow:73 | Traffic status: smooth (current: 24 km/h, free flow: 28 km/h)
2026-02-13 10:39:17 | traffic | [32mINFO[0m | get_traffic_flow:73 | Traffic status: smooth (current: 24 km/h, free flow: 28 km/h)
2026-02-13 10:39:49 | traffic | [32mINFO[0m | get_traffic_flow:73 | Traffic status: smooth (current: 23 km/h, free flow: 27 km/h)
2026-02-13 10:39:59 | traffic | [32mINFO[0m | get_traffic_flow:73 | Traffic status: smooth (current: 23 km/h, free flow: 27 km/h)
2026-02-13 10:40:14 | traffic | [32mINFO[0m | get_traffic_flow:73 | Traffic status: smooth (current: 23 km/h, free flow: 27 km/h)
2026-02-13 10:40:51 | traffic | [32mINFO[0m | get_traffic_flow:73 | Traffic status: smooth (current: 27 km/h, free flow: 27 km/h)
2026-02-13 10:40:58 | traffic | [32mINFO[0m | get_traffic_flow:73 | Traffic status: smooth (current: 27 km/h, free flow: 27 km/h)
2026-02-13 10:40:58 | traffic | [32mINFO[0m | get_traffic_flow:73 | Traffic status: smooth (current: 27 km/h, free flow: 27 km/h)
2026-02-13 10:42:24 | traffic | [32mINFO[0m | get_traffic_flow:73 | Traffic status: smooth (current: 24 km/h, free flow: 28 km/h)
2026-02-13 10:42:31 | traffic | [32mINFO[0m | get_traffic_flow:73 | Traffic status: smooth (current: 24 km/h, free flow: 28 km/h)
2026-02-14 11:49:29 | traffic | [32mINFO[0m | get_traffic_flow:73 | Traffic status: moderate (current: 22 km/h, free flow: 28 km/h)
2026-02-14 11:49:30 | traffic | [32mINFO[0m | get_traffic_flow:73 | Traffic status: moderate (current: 22 km/h, free flow: 28 km/h)
2026-02-14 11:49:51 | traffic | [32mINFO[0m | get_traffic_flow:73 | Traffic status: moderate (current: 21 km/h, free flow: 28 km/h)
2026-02-14 11:49:52 | traffic | [32mINFO[0m | get_traffic_flow:73 | Traffic status: moderate (current: 21 km/h, free flow: 28 km/h)
2026-02-14 11:53:15 | traffic | [32mINFO[0m | get_traffic_flow:73 | Traffic status: smooth (current: 22 km/h, free flow: 27 km/h)
2026-02-14 11:53:58 | traffic | [32mINFO[0m | get_traffic_flow:73 | Traffic status: moderate (current: 22 km/h, free flow: 28 km/h)
2026-02-14 11:54:11 | traffic | [32mINFO[0m | get_traffic_flow:73 | Traffic status: smooth (current: 22 km/h, free flow: 27 km/h)
2026-02-14 11:57:12 | traffic | [32mINFO[0m | get_traffic_flow:73 | Traffic status: smooth (current: 22 km/h, free flow: 27 km/h)
2026-02-14 11:57:22 | traffic | [32mINFO[0m | get_traffic_flow:73 | Traffic status: smooth (current: 22 km/h, free flow: 27 km/h)
2026-02-14 11:57:32 | traffic | [32mINFO[0m | get_traffic_flow:73 | Traffic status: moderate (current: 22 km/h, free flow: 28 km/h)
2026-02-14 11:57:57 | traffic | [32mINFO[0m | get_traffic_flow:73 | Traffic status: smooth (current: 23 km/h, free flow: 28 km/h)
2026-02-14 11:59:08 | traffic | [32mINFO[0m | get_traffic_flow:73 | Traffic status: moderate (current: 20 km/h, free flow: 27 km/h)
2026-02-14 11:59:12 | traffic | [32mINFO[0m | get_traffic_flow:73 | Traffic status: moderate (current: 20 km/h, free flow: 27 km/h)
2026-02-14 11:59:34 | traffic | [32mINFO[0m | get_traffic_flow:73 | Traffic status: moderate (current: 20 km/h, free flow: 26 km/h)
2026-02-14 11:59:36 | traffic | [32mINFO[0m | get_traffic_flow:73 | Traffic status: moderate (current: 20 km/h, free flow: 26 km/h)
2026-02-14 12:03:27 | traffic | [32mINFO[0m | get_traffic_flow:73 | Traffic status: smooth (current: 27 km/h, free flow: 27 km/h)
2026-02-14 12:03:27 | traffic | [32mINFO[0m | get_traffic_flow:73 | Traffic status: smooth (current: 27 km/h, free flow: 27 km/h)
2026-02-14 12:03:28 | traffic | [32mINFO[0m | get_traffic_flow:73 | Traffic status: smooth (current: 27 km/h, free flow: 27 km/h)
2026-02-14 12:03:28 | traffic | [32mINFO[0m | get_traffic_flow:73 | Traffic status: smooth (current: 27 km/h, free flow: 27 km/h)
2026-02-14 12:03:28 | traffic | [32mINFO[0m | get_traffic_flow:73 | Traffic status: smooth (current: 27 km/h, free flow: 27 km/h)
2026-02-14 12:03:44 | traffic | [32mINFO[0m | get_traffic_flow:73 | Traffic status: smooth (current: 27 km/h, free flow: 27 km/h)
2026-02-14 12:03:44 | traffic | [32mINFO[0m | get_traffic_flow:73 | Traffic status: smooth (current: 27 km/h, free flow: 27 km/h)
2026-02-14 12:03:44 | traffic | [32mINFO[0m | get_traffic_flow:73 | Traffic status: smooth (current: 27 km/h, free flow: 27 km/h)
2026-02-14 12:03:45 | traffic | [32mINFO[0m | get_traffic_flow:73 | Traffic status: smooth (current: 27 km/h, free flow: 27 km/h)
2026-02-14 12:03:45 | traffic | [32mINFO[0m | get_traffic_flow:73 | Traffic status: smooth (current: 27 km/h, free flow: 27 km/h)
2026-02-14 12:04:05 | traffic | [32mINFO[0m | get_traffic_flow:73 | Traffic status: smooth (current: 27 km/h, free flow: 27 km/h)
2026-02-14 12:04:06 | traffic | [32mINFO[0m | get_traffic_flow:73 | Traffic status: smooth (current: 27 km/h, free flow: 27 km/h)
2026-02-14 12:04:06 | traffic | [32mINFO[0m | get_traffic_flow:73 | Traffic status: smooth (current: 27 km/h, free flow: 27 km/h)
2026-02-14 12:04:06 | traffic | [32mINFO[0m | get_traffic_flow:73 | Traffic status: smooth (current: 27 km/h, free flow: 27 km/h)
2026-02-14 12:04:06 | traffic | [32mINFO[0m | get_traffic_flow:73 | Traffic status: smooth (current: 27 km/h, free flow: 27 km/h)
2026-02-14 12:04:26 | traffic | [32mINFO[0m | get_traffic_flow:73 | Traffic status: smooth (current: 27 km/h, free flow: 27 km/h)
2026-02-14 12:05:01 | traffic | [32mINFO[0m | get_traffic_flow:73 | Traffic status: smooth (current: 27 km/h, free flow: 27 km/h)
2026-02-14 12:05:17 | traffic | [32mINFO[0m | get_traffic_flow:73 | Traffic status: smooth (current: 27 km/h, free flow: 27 km/h)
2026-02-14 12:05:21 | traffic | [32mINFO[0m | get_traffic_flow:73 | Traffic status: smooth (current: 27 km/h, free flow: 27 km/h)
2026-02-14 12:05:33 | traffic | [32mINFO[0m | get_traffic_flow:73 | Traffic status: moderate (current: 22 km/h, free flow: 28 km/h)
2026-02-14 12:05:35 | traffic | [32mINFO[0m | get_traffic_flow:73 | Traffic status: moderate (current: 22 km/h, free flow: 28 km/h)
2026-02-14 12:06:04 | traffic | [32mINFO[0m | get_traffic_flow:73 | Traffic status: moderate (current: 21 km/h, free flow: 27 km/h)
2026-02-14 12:08:23 | traffic | [32mINFO[0m | get_traffic_flow:73 | Traffic status: moderate (current: 20 km/h, free flow: 27 km/h)
2026-02-14 12:08:23 | traffic | [32mINFO[0m | get_traffic_flow:73 | Traffic status: moderate (current: 20 km/h, free flow: 27 km/h)
2026-02-14 12:08:44 | traffic | [32mINFO[0m | get_traffic_flow:73 | Traffic status: moderate (current: 20 km/h, free flow: 27 km/h)
2026-02-14 12:08:47 | traffic | [32mINFO[0m | get_traffic_flow:73 | Traffic status: moderate (current: 20 km/h, free flow: 27 km/h)
2026-02-14 12:09:03 | traffic | [32mINFO[0m | get_traffic_flow:73 | Traffic status: moderate (current: 21 km/h, free flow: 27 km/h)
2026-02-14 12:09:05 | traffic | [32mINFO[0m | get_traffic_flow:73 | Traffic status: moderate (current: 21 km/h, free flow: 27 km/h)
2026-02-14 12:11:41 | traffic | [32mINFO[0m | get_traffic_flow:73 | Traffic status: moderate (current: 21 km/h, free flow: 28 km/h)
2026-02-14 12:11:41 | traffic | [32mINFO[0m | get_traffic_flow:73 | Traffic status: moderate (current: 21 km/h, free flow: 28 km/h)
2026-02-14 12:11:41 | traffic | [32mINFO[0m | get_traffic_flow:73 | Traffic status: moderate (current: 21 km/h, free flow: 28 km/h)
2026-02-14 12:11:41 | traffic | [32mINFO[0m | get_traffic_flow:73 | Traffic status: moderate (current: 21 km/h, free flow: 28 km/h)
2026-02-14 12:11:42 | traffic | [32mINFO[0m | get_traffic_flow:73 | Traffic status: moderate (current: 21 km/h, free flow: 28 km/h)
2026-02-14 12:11:42 | traffic | [32mINFO[0m | get_traffic_flow:73 | Traffic status: moderate (current: 21 km/h, free flow: 28 km/h)
2026-02-14 12:11:42 | traffic | [32mINFO[0m | get_traffic_flow:73 | Traffic status: moderate (current: 21 km/h, free flow: 28 km/h)
2026-02-14 12:11:42 | traffic | [32mINFO[0m | get_traffic_flow:73 | Traffic status: moderate (current: 21 km/h, free flow: 28 km/h)
2026-02-14 12:11:42 | traffic | [32mINFO[0m | get_traffic_flow:73 | Traffic status: moderate (current: 21 km/h, free flow: 28 km/h)
2026-02-14 12:11:42 | traffic | [32mINFO[0m | get_traffic_flow:73 | Traffic status: moderate (current: 21 km/h, free flow: 28 km/h)
2026-02-14 12:11:42 | traffic | [32mINFO[0m | get_traffic_flow:73 | Traffic status: moderate (current: 21 km/h, free flow: 28 km/h)
2026-02-14 12:11:43 | traffic | [32mINFO[0m | get_traffic_flow:73 | Traffic status: moderate (current: 21 km/h, free flow: 28 km/h)
2026-02-14 12:11:44 | traffic | [32mINFO[0m | get_traffic_flow:73 | Traffic status: moderate (current: 21 km/h, free flow: 28 km/h)
2026-02-14 12:11:44 | traffic | [32mINFO[0m | get_traffic_flow:73 | Traffic status: moderate (current: 21 km/h, free flow: 28 km/h)
2026-02-14 12:11:45 | traffic | [32mINFO[0m | get_traffic_flow:73 | Traffic status: moderate (current: 21 km/h, free flow: 28 km/h)
2026-02-14 12:11:45 | traffic | [32mINFO[0m | get_traffic_flow:73 | Traffic status: moderate (current: 21 km/h, free flow: 28 km/h)
2026-02-14 12:11:45 | traffic | [32mINFO[0m | get_traffic_flow:73 | Traffic status: moderate (current: 21 km/h, free flow: 28 km/h)
2026-02-14 12:11:45 | traffic | [32mINFO[0m | get_traffic_flow:73 | Traffic status: moderate (current: 21 km/h, free flow: 28 km/h)
2026-02-14 12:11:45 | traffic | [32mINFO[0m | get_traffic_flow:73 | Traffic status: moderate (current: 21 km/h, free flow: 28 km/h)
2026-02-14 12:11:45 | traffic | [32mINFO[0m | get_traffic_flow:73 | Traffic status: moderate (current: 21 km/h, free flow: 28 km/h)
2026-02-14 12:13:27 | traffic | [32mINFO[0m | get_traffic_flow:73 | Traffic status: moderate (current: 18 km/h, free flow: 27 km/h)
2026-02-14 12:13:27 | traffic | [32mINFO[0m | get_traffic_flow:73 | Traffic status: moderate (current: 18 km/h, free flow: 27 km/h)
2026-02-14 12:14:02 | traffic | [32mINFO[0m | get_traffic_flow:73 | Traffic status: moderate (current: 20 km/h, free flow: 27 km/h)
2026-02-14 12:14:27 | traffic | [32mINFO[0m | get_traffic_flow:73 | Traffic status: moderate (current: 21 km/h, free flow: 27 km/h)
2026-02-14 12:14:31 | traffic | [32mINFO[0m | get_traffic_flow:73 | Traffic status: moderate (current: 21 km/h, free flow: 27 km/h)
2026-02-14 12:14:48 | traffic | [32mINFO[0m | get_traffic_flow:73 | Traffic status: moderate (current: 20 km/h, free flow: 26 km/h)
2026-02-14 12:19:33 | traffic | [32mINFO[0m | get_traffic_flow:73 | Traffic status: moderate (current: 22 km/h, free flow: 28 km/h)
2026-02-14 12:20:29 | traffic | [32mINFO[0m | get_traffic_flow:73 | Traffic status: moderate (current: 21 km/h, free flow: 28 km/h)
2026-02-14 12:21:05 | traffic | [32mINFO[0m | get_traffic_flow:73 | Traffic status: moderate (current: 19 km/h, free flow: 28 km/h)
2026-02-14 12:21:17 | traffic | [32mINFO[0m | get_traffic_flow:73 | Traffic status: moderate (current: 19 km/h, free flow: 28 km/h)
2026-02-14 12:22:02 | traffic | [33mWARNING[0m | get_traffic_flow:78 | Traffic API timeout for (17.3850, 78.4867)
2026-02-15 13:55:43 | traffic | [32mINFO[0m | get_traffic_flow:73 | Traffic status: smooth (current: 22 km/h, free flow: 27 km/h)
2026-02-15 13:56:14 | traffic | [32mINFO[0m | get_traffic_flow:73 | Traffic status: smooth (current: 23 km/h, free flow: 28 km/h)
2026-02-15 13:56:18 | traffic | [32mINFO[0m | get_traffic_flow:73 | Traffic status: smooth (current: 23 km/h, free flow: 28 km/h)
2026-02-15 13:56:34 | traffic | [32mINFO[0m | get_traffic_flow:73 | Traffic status: smooth (current: 24 km/h, free flow: 27 km/h)
2026-02-15 13:56:59 | traffic | [32mINFO[0m | get_traffic_flow:73 | Traffic status: smooth (current: 23 km/h, free flow: 27 km/h)
2026-02-15 14:14:10 | traffic | [32mINFO[0m | get_traffic_flow:73 | Traffic status: smooth (current: 27 km/h, free flow: 27 km/h)
2026-02-15 14:14:37 | traffic | [32mINFO[0m | get_traffic_flow:73 | Traffic status: smooth (current: 27 km/h, free flow: 27 km/h)
2026-02-15 14:14:41 | traffic | [32mINFO[0m | get_traffic_flow:73 | Traffic status: smooth (current: 27 km/h, free flow: 27 km/h)
2026-02-15 14:15:05 | traffic | [32mINFO[0m | get_traffic_flow:73 | Traffic status: smooth (current: 27 km/h, free flow: 27 km/h)
2026-02-15 14:15:35 | traffic | [32mINFO[0m | get_traffic_flow:73 | Traffic status: smooth (current: 23 km/h, free flow: 27 km/h)
2026-02-15 14:16:00 | traffic | [32mINFO[0m | get_traffic_flow:73 | Traffic status: smooth (current: 22 km/h, free flow: 27 km/h)
2026-02-15 15:04:15 | traffic | [32mINFO[0m | get_traffic_flow:73 | Traffic status: smooth (current: 27 km/h, free flow: 27 km/h)
2026-02-15 15:04:42 | traffic | [32mINFO[0m | get_traffic_flow:73 | Traffic status: smooth (current: 27 km/h, free flow: 27 km/h)
2026-02-15 15:04:47 | traffic | [32mINFO[0m | get_traffic_flow:73 | Traffic status: smooth (current: 27 km/h, free flow: 27 km/h)
2026-02-15 15:04:59 | traffic | [32mINFO[0m | get_traffic_flow:73 | Traffic status: smooth (current: 27 km/h, free flow: 27 km/h)
2026-02-15 15:05:10 | traffic | [32mINFO[0m | get_traffic_flow:73 | Traffic status: smooth (current: 27 km/h, free flow: 27 km/h)
2026-02-15 15:05:27 | traffic | [32mINFO[0m | get_traffic_flow:73 | Traffic status: smooth (current: 23 km/h, free flow: 28 km/h)
2026-02-15 15:05:39 | traffic | [32mINFO[0m | get_traffic_flow:73 | Traffic status: smooth (current: 23 km/h, free flow: 28 km/h)
2026-02-15 15:05:52 | traffic | [32mINFO[0m | get_traffic_flow:73 | Traffic status: smooth (current: 27 km/h, free flow: 27 km/h)
2026-02-15 15:06:05 | traffic | [32mINFO[0m | get_traffic_flow:73 | Traffic status: smooth (current: 27 km/h, free flow: 27 km/h)
2026-02-15 15:06:27 | traffic | [32mINFO[0m | get_traffic_flow:73 | Traffic status: smooth (current: 23 km/h, free flow: 28 km/h)
2026-02-15 15:06:48 | traffic | [32mINFO[0m | get_traffic_flow:73 | Traffic status: smooth (current: 23 km/h, free flow: 28 km/h)
2026-02-15 15:07:12 | traffic | [32mINFO[0m | get_traffic_flow:73 | Traffic status: moderate (current: 22 km/h, free flow: 28 km/h)
2026-02-15 15:07:24 | traffic | [32mINFO[0m | get_traffic_flow:73 | Traffic status: smooth (current: 27 km/h, free flow: 27 km/h)
2026-02-15 20:44:54 | traffic | [32mINFO[0m | get_traffic_flow:73 | Traffic status: smooth (current: 27 km/h, free flow: 27 km/h)
2026-02-15 20:44:55 | traffic | [32mINFO[0m | get_traffic_flow:73 | Traffic status: smooth (current: 27 km/h, free flow: 27 km/h)
2026-02-15 20:45:00 | traffic | [32mINFO[0m | get_traffic_flow:73 | Traffic status: smooth (current: 27 km/h, free flow: 27 km/h)
2026-02-15 20:45:14 | traffic | [32mINFO[0m | get_traffic_flow:73 | Traffic status: smooth (current: 27 km/h, free flow: 27 km/h)
2026-02-15 20:45:34 | traffic | [32mINFO[0m | get_traffic_flow:73 | Traffic status: smooth (current: 27 km/h, free flow: 27 km/h)
2026-02-16 12:26:31 | traffic | [32mINFO[0m | get_traffic_flow:73 | Traffic status: moderate (current: 22 km/h, free flow: 28 km/h)
2026-02-16 12:27:42 | traffic | [32mINFO[0m | get_traffic_flow:73 | Traffic status: moderate (current: 21 km/h, free flow: 27 km/h)
2026-02-16 12:27:45 | traffic | [32mINFO[0m | get_traffic_flow:73 | Traffic status: moderate (current: 21 km/h, free flow: 27 km/h)
2026-02-16 12:27:51 | traffic | [32mINFO[0m | get_traffic_flow:73 | Traffic status: moderate (current: 21 km/h, free flow: 27 km/h)
2026-02-16 12:27:52 | traffic | [32mINFO[0m | get_traffic_flow:73 | Traffic status: moderate (current: 21 km/h, free flow: 27 km/h)
2026-02-16 12:29:01 | traffic | [32mINFO[0m | get_traffic_flow:73 | Traffic status: moderate (current: 20 km/h, free flow: 27 km/h)
2026-02-16 12:29:02 | traffic | [32mINFO[0m | get_traffic_flow:73 | Traffic status: moderate (current: 20 km/h, free flow: 27 km/h)
2026-02-16 12:29:03 | traffic | [32mINFO[0m | get_traffic_flow:73 | Traffic status: moderate (current: 20 km/h, free flow: 27 km/h)
2026-02-16 12:29:04 | traffic | [32mINFO[0m | get_traffic_flow:73 | Traffic status: moderate (current: 20 km/h, free flow: 27 km/h)
2026-02-16 12:29:11 | traffic | [32mINFO[0m | get_traffic_flow:73 | Traffic status: moderate (current: 20 km/h, free flow: 27 km/h)
2026-02-16 12:29:20 | traffic | [32mINFO[0m | get_traffic_flow:73 | Traffic status: moderate (current: 22 km/h, free flow: 28 km/h)
2026-02-16 12:29:38 | traffic | [32mINFO[0m | get_traffic_flow:73 | Traffic status: moderate (current: 22 km/h, free flow: 28 km/h)
2026-02-16 12:29:51 | traffic | [32mINFO[0m | get_traffic_flow:73 | Traffic status: moderate (current: 22 km/h, free flow: 28 km/h)
2026-02-16 12:53:38 | traffic | [32mINFO[0m | get_traffic_flow:73 | Traffic status: moderate (current: 20 km/h, free flow: 28 km/h)
2026-02-16 12:53:45 | traffic | [32mINFO[0m | get_traffic_flow:73 | Traffic status: moderate (current: 20 km/h, free flow: 28 km/h)
2026-02-16 12:54:18 | traffic | [32mINFO[0m | get_traffic_flow:73 | Traffic status: moderate (current: 17 km/h, free flow: 26 km/h)
2026-02-16 12:54:24 | traffic | [32mINFO[0m | get_traffic_flow:73 | Traffic status: moderate (current: 17 km/h, free flow: 26 km/h)
2026-02-16 12:54:48 | traffic | [32mINFO[0m | get_traffic_flow:73 | Traffic status: moderate (current: 19 km/h, free flow: 27 km/h)
2026-02-16 12:54:54 | traffic | [32mINFO[0m | get_traffic_flow:73 | Traffic status: moderate (current: 19 km/h, free flow: 27 km/h)
2026-02-16 12:58:15 | traffic | [32mINFO[0m | get_traffic_flow:73 | Traffic status: moderate (current: 19 km/h, free flow: 27 km/h)
2026-02-16 12:58:39 | traffic | [32mINFO[0m | get_traffic_flow:73 | Traffic status: moderate (current: 19 km/h, free flow: 26 km/h)
2026-02-16 12:59:09 | traffic | [32mINFO[0m | get_traffic_flow:73 | Traffic status: moderate (current: 19 km/h, free flow: 27 km/h)
2026-02-16 12:59:27 | traffic | [32mINFO[0m | get_traffic_flow:73 | Traffic status: moderate (current: 19 km/h, free flow: 27 km/h)
2026-02-16 12:59:40 | traffic | [32mINFO[0m | get_traffic_flow:73 | Traffic status: moderate (current: 20 km/h, free flow: 27 km/h)
2026-02-16 13:00:18 | traffic | [32mINFO[0m | get_traffic_flow:73 | Traffic status: moderate (current: 21 km/h, free flow: 28 km/h)
2026-02-16 13:00:21 | traffic | [32mINFO[0m | get_traffic_flow:73 | Traffic status: moderate (current: 21 km/h, free flow: 28 km/h)
2026-02-16 13:00:23 | traffic | [32mINFO[0m | get_traffic_flow:73 | Traffic status: moderate (current: 21 km/h, free flow: 28 km/h)
2026-02-16 13:00:25 | traffic | [32mINFO[0m | get_traffic_flow:73 | Traffic status: moderate (current: 21 km/h, free flow: 28 km/h)
2026-02-16 13:00:29 | traffic | [32mINFO[0m | get_traffic_flow:73 | Traffic status: moderate (current: 21 km/h, free flow: 28 km/h)
2026-02-16 13:00:55 | traffic | [32mINFO[0m | get_traffic_flow:73 | Traffic status: moderate (current: 20 km/h, free flow: 27 km/h)
2026-02-16 13:01:07 | traffic | [32mINFO[0m | get_traffic_flow:73 | Traffic status: moderate (current: 21 km/h, free flow: 27 km/h)
2026-02-16 13:01:20 | traffic | [32mINFO[0m | get_traffic_flow:73 | Traffic status: moderate (current: 21 km/h, free flow: 27 km/h)
2026-02-16 13:01:40 | traffic | [32mINFO[0m | get_traffic_flow:73 | Traffic status: moderate (current: 21 km/h, free flow: 27 km/h)
2026-02-16 13:01:52 | traffic | [32mINFO[0m | get_traffic_flow:73 | Traffic status: moderate (current: 21 km/h, free flow: 27 km/h)
2026-02-16 13:02:19 | traffic | [32mINFO[0m | get_traffic_flow:73 | Traffic status: moderate (current: 21 km/h, free flow: 27 km/h)
2026-02-16 13:02:31 | traffic | [32mINFO[0m | get_traffic_flow:73 | Traffic status: moderate (current: 21 km/h, free flow: 27 km/h)
2026-02-16 13:08:00 | traffic | [32mINFO[0m | get_traffic_flow:73 | Traffic status: moderate (current: 22 km/h, free flow: 28 km/h)
2026-02-16 13:08:12 | traffic | [32mINFO[0m | get_traffic_flow:73 | Traffic status: moderate (current: 22 km/h, free flow: 28 km/h)
2026-02-16 13:08:38 | traffic | [32mINFO[0m | get_traffic_flow:73 | Traffic status: moderate (current: 22 km/h, free flow: 28 km/h)
2026-02-16 13:08:44 | traffic | [32mINFO[0m | get_traffic_flow:73 | Traffic status: moderate (current: 22 km/h, free flow: 28 km/h)
2026-02-16 13:08:53 | traffic | [32mINFO[0m | get_traffic_flow:73 | Traffic status: moderate (current: 22 km/h, free flow: 28 km/h)
2026-02-16 13:08:59 | traffic | [32mINFO[0m | get_traffic_flow:73 | Traffic status: moderate (current: 22 km/h, free flow: 28 km/h)
2026-02-16 13:09:05 | traffic | [32mINFO[0m | get_traffic_flow:73 | Traffic status: moderate (current: 22 km/h, free flow: 28 km/h)
2026-02-16 13:09:17 | traffic | [32mINFO[0m | get_traffic_flow:73 | Traffic status: moderate (current: 22 km/h, free flow: 28 km/h)
2026-02-16 13:59:42 | traffic | [32mINFO[0m | get_traffic_flow:73 | Traffic status: moderate (current: 21 km/h, free flow: 28 km/h)
2026-02-16 13:59:44 | traffic | [32mINFO[0m | get_traffic_flow:73 | Traffic status: moderate (current: 21 km/h, free flow: 28 km/h)
2026-02-16 15:19:28 | traffic | [32mINFO[0m | get_traffic_flow:73 | Traffic status: moderate (current: 20 km/h, free flow: 28 km/h)
2026-02-16 15:20:57 | traffic | [32mINFO[0m | get_traffic_flow:73 | Traffic status: moderate (current: 21 km/h, free flow: 28 km/h)
2026-02-16 15:21:08 | traffic | [32mINFO[0m | get_traffic_flow:73 | Traffic status: moderate (current: 21 km/h, free flow: 28 km/h)
2026-02-16 15:21:10 | traffic | [32mINFO[0m | get_traffic_flow:73 | Traffic status: moderate (current: 21 km/h, free flow: 28 km/h)
2026-02-16 15:21:13 | traffic | [32mINFO[0m | get_traffic_flow:73 | Traffic status: moderate (current: 21 km/h, free flow: 28 km/h)
2026-02-16 15:21:16 | traffic | [32mINFO[0m | get_traffic_flow:73 | Traffic status: moderate (current: 21 km/h, free flow: 28 km/h)
2026-02-16 15:21:21 | traffic | [32mINFO[0m | get_traffic_flow:73 | Traffic status: moderate (current: 21 km/h, free flow: 28 km/h)
2026-02-16 15:22:13 | traffic | [32mINFO[0m | get_traffic_flow:73 | Traffic status: moderate (current: 21 km/h, free flow: 28 km/h)
2026-02-16 15:22:27 | traffic | [32mINFO[0m | get_traffic_flow:73 | Traffic status: moderate (current: 21 km/h, free flow: 28 km/h)
2026-02-16 15:22:33 | traffic | [32mINFO[0m | get_traffic_flow:73 | Traffic status: moderate (current: 22 km/h, free flow: 28 km/h)
2026-02-16 19:31:58 | traffic | [32mINFO[0m | get_traffic_flow:73 | Traffic status: moderate (current: 18 km/h, free flow: 27 km/h)
2026-02-16 19:32:01 | traffic | [32mINFO[0m | get_traffic_flow:73 | Traffic status: moderate (current: 19 km/h, free flow: 27 km/h)
2026-02-16 19:32:14 | traffic | [32mINFO[0m | get_traffic_flow:73 | Traffic status: moderate (current: 19 km/h, free flow: 27 km/h)
2026-02-16 19:57:54 | traffic | [32mINFO[0m | get_traffic_flow:73 | Traffic status: moderate (current: 18 km/h, free flow: 28 km/h)
2026-02-16 19:58:00 | traffic | [32mINFO[0m | get_traffic_flow:73 | Traffic status: moderate (current: 18 km/h, free flow: 28 km/h)
2026-02-16 19:58:01 | traffic | [32mINFO[0m | get_traffic_flow:73 | Traffic status: moderate (current: 18 km/h, free flow: 27 km/h)
2026-02-16 19:58:03 | traffic | [32mINFO[0m | get_traffic_flow:73 | Traffic status: moderate (current: 18 km/h, free flow: 27 km/h)
2026-02-16 20:03:04 | traffic | [32mINFO[0m | get_traffic_flow:73 | Traffic status: moderate (current: 20 km/h, free flow: 28 km/h)
2026-02-16 20:03:05 | traffic | [32mINFO[0m | get_traffic_flow:73 | Traffic status: moderate (current: 20 km/h, free flow: 28 km/h)
2026-02-16 20:03:13 | traffic | [32mINFO[0m | get_traffic_flow:73 | Traffic status: moderate (current: 20 km/h, free flow: 27 km/h)
2026-02-16 20:03:19 | traffic | [32mINFO[0m | get_traffic_flow:73 | Traffic status: moderate (current: 20 km/h, free flow: 27 km/h)
2026-02-16 20:03:21 | traffic | [32mINFO[0m | get_traffic_flow:73 | Traffic status: moderate (current: 20 km/h, free flow: 27 km/h)
2026-02-16 20:03:50 | traffic | [31mERROR[0m | get_traffic_flow:84 | Traffic fetch failed: ('Connection aborted.', ConnectionResetError(10054, 'An existing connection was forcibly closed by the remote host', None, 10054, None))
Traceback (most recent call last):
  File "C:\Users\chera\OneDrive\Desktop\projectbot1\venv\Lib\site-packages\urllib3\connectionpool.py", line 787, in urlopen
    response = self._make_request(
        conn,
    ...<10 lines>...
        **response_kw,
    )
  File "C:\Users\chera\OneDrive\Desktop\projectbot1\venv\Lib\site-packages\urllib3\connectionpool.py", line 488, in _make_request
    raise new_e
  File "C:\Users\chera\OneDrive\Desktop\projectbot1\venv\Lib\site-packages\urllib3\connectionpool.py", line 464, in _make_request
    self._validate_conn(conn)
    ~~~~~~~~~~~~~~~~~~~^^^^^^
  File "C:\Users\chera\OneDrive\Desktop\projectbot1\venv\Lib\site-packages\urllib3\connectionpool.py", line 1093, in _validate_conn
    conn.connect()
    ~~~~~~~~~~~~^^
  File "C:\Users\chera\OneDrive\Desktop\projectbot1\venv\Lib\site-packages\urllib3\connection.py", line 796, in connect
    sock_and_verified = _ssl_wrap_socket_and_match_hostname(
        sock=sock,
    ...<14 lines>...
        assert_fingerprint=self.assert_fingerprint,
    )
  File "C:\Users\chera\OneDrive\Desktop\projectbot1\venv\Lib\site-packages\urllib3\connection.py", line 975, in _ssl_wrap_socket_and_match_hostname
    ssl_sock = ssl_wrap_socket(
        sock=sock,
    ...<8 lines>...
        tls_in_tls=tls_in_tls,
    )
  File "C:\Users\chera\OneDrive\Desktop\projectbot1\venv\Lib\site-packages\urllib3\util\ssl_.py", line 483, in ssl_wrap_socket
    ssl_sock = _ssl_wrap_socket_impl(sock, context, tls_in_tls, server_hostname)
  File "C:\Users\chera\OneDrive\Desktop\projectbot1\venv\Lib\site-packages\urllib3\util\ssl_.py", line 527, in _ssl_wrap_socket_impl
    return ssl_context.wrap_socket(sock, server_hostname=server_hostname)
           ~~~~~~~~~~~~~~~~~~~~~~~^^^^^^^^^^^^^^^^^^^^^^^^^^^^^^^^^^^^^^^
  File "C:\Users\chera\AppData\Local\Programs\Python\Python314\Lib\ssl.py", line 455, in wrap_socket
    return self.sslsocket_class._create(
           ~~~~~~~~~~~~~~~~~~~~~~~~~~~~^
        sock=sock,
        ^^^^^^^^^^
    ...<5 lines>...
        session=session
        ^^^^^^^^^^^^^^^
    )
    ^
  File "C:\Users\chera\AppData\Local\Programs\Python\Python314\Lib\ssl.py", line 1076, in _create
    self.do_handshake()
    ~~~~~~~~~~~~~~~~~^^
  File "C:\Users\chera\AppData\Local\Programs\Python\Python314\Lib\ssl.py", line 1372, in do_handshake
    self._sslobj.do_handshake()
    ~~~~~~~~~~~~~~~~~~~~~~~~~^^
ConnectionResetError: [WinError 10054] An existing connection was forcibly closed by the remote host

During handling of the above exception, another exception occurred:

Traceback (most recent call last):
  File "C:\Users\chera\OneDrive\Desktop\projectbot1\venv\Lib\site-packages\requests\adapters.py", line 486, in send
    resp = conn.urlopen(
        method=request.method,
    ...<9 lines>...
        chunked=chunked,
    )
  File "C:\Users\chera\OneDrive\Desktop\projectbot1\venv\Lib\site-packages\urllib3\connectionpool.py", line 841, in urlopen
    retries = retries.increment(
        method, url, error=new_e, _pool=self, _stacktrace=sys.exc_info()[2]
    )
  File "C:\Users\chera\OneDrive\Desktop\projectbot1\venv\Lib\site-packages\urllib3\util\retry.py", line 490, in increment
    raise reraise(type(error), error, _stacktrace)
          ~~~~~~~^^^^^^^^^^^^^^^^^^^^^^^^^^^^^^^^^
  File "C:\Users\chera\OneDrive\Desktop\projectbot1\venv\Lib\site-packages\urllib3\util\util.py", line 38, in reraise
    raise value.with_traceback(tb)
  File "C:\Users\chera\OneDrive\Desktop\projectbot1\venv\Lib\site-packages\urllib3\connectionpool.py", line 787, in urlopen
    response = self._make_request(
        conn,
    ...<10 lines>...
        **response_kw,
    )
  File "C:\Users\chera\OneDrive\Desktop\projectbot1\venv\Lib\site-packages\urllib3\connectionpool.py", line 488, in _make_request
    raise new_e
  File "C:\Users\chera\OneDrive\Desktop\projectbot1\venv\Lib\site-packages\urllib3\connectionpool.py", line 464, in _make_request
    self._validate_conn(conn)
    ~~~~~~~~~~~~~~~~~~~^^^^^^
  File "C:\Users\chera\OneDrive\Desktop\projectbot1\venv\Lib\site-packages\urllib3\connectionpool.py", line 1093, in _validate_conn
    conn.connect()
    ~~~~~~~~~~~~^^
  File "C:\Users\chera\OneDrive\Desktop\projectbot1\venv\Lib\site-packages\urllib3\connection.py", line 796, in connect
    sock_and_verified = _ssl_wrap_socket_and_match_hostname(
        sock=sock,
    ...<14 lines>...
        assert_fingerprint=self.assert_fingerprint,
    )
  File "C:\Users\chera\OneDrive\Desktop\projectbot1\venv\Lib\site-packages\urllib3\connection.py", line 975, in _ssl_wrap_socket_and_match_hostname
    ssl_sock = ssl_wrap_socket(
        sock=sock,
    ...<8 lines>...
        tls_in_tls=tls_in_tls,
    )
  File "C:\Users\chera\OneDrive\Desktop\projectbot1\venv\Lib\site-packages\urllib3\util\ssl_.py", line 483, in ssl_wrap_socket
    ssl_sock = _ssl_wrap_socket_impl(sock, context, tls_in_tls, server_hostname)
  File "C:\Users\chera\OneDrive\Desktop\projectbot1\venv\Lib\site-packages\urllib3\util\ssl_.py", line 527, in _ssl_wrap_socket_impl
    return ssl_context.wrap_socket(sock, server_hostname=server_hostname)
           ~~~~~~~~~~~~~~~~~~~~~~~^^^^^^^^^^^^^^^^^^^^^^^^^^^^^^^^^^^^^^^
  File "C:\Users\chera\AppData\Local\Programs\Python\Python314\Lib\ssl.py", line 455, in wrap_socket
    return self.sslsocket_class._create(
           ~~~~~~~~~~~~~~~~~~~~~~~~~~~~^
        sock=sock,
        ^^^^^^^^^^
    ...<5 lines>...
        session=session
        ^^^^^^^^^^^^^^^
    )
    ^
  File "C:\Users\chera\AppData\Local\Programs\Python\Python314\Lib\ssl.py", line 1076, in _create
    self.do_handshake()
    ~~~~~~~~~~~~~~~~~^^
  File "C:\Users\chera\AppData\Local\Programs\Python\Python314\Lib\ssl.py", line 1372, in do_handshake
    self._sslobj.do_handshake()
    ~~~~~~~~~~~~~~~~~~~~~~~~~^^
urllib3.exceptions.ProtocolError: ('Connection aborted.', ConnectionResetError(10054, 'An existing connection was forcibly closed by the remote host', None, 10054, None))

During handling of the above exception, another exception occurred:

Traceback (most recent call last):
  File "C:\Users\chera\OneDrive\Desktop\projectbot1\services\traffic.py", line 61, in get_traffic_flow
    response = requests.get(url, timeout=config.api.TRAFFIC_TIMEOUT)
  File "C:\Users\chera\OneDrive\Desktop\projectbot1\venv\Lib\site-packages\requests\api.py", line 73, in get
    return request("get", url, params=params, **kwargs)
  File "C:\Users\chera\OneDrive\Desktop\projectbot1\venv\Lib\site-packages\requests\api.py", line 59, in request
    return session.request(method=method, url=url, **kwargs)
           ~~~~~~~~~~~~~~~^^^^^^^^^^^^^^^^^^^^^^^^^^^^^^^^^^
  File "C:\Users\chera\OneDrive\Desktop\projectbot1\venv\Lib\site-packages\requests\sessions.py", line 589, in request
    resp = self.send(prep, **send_kwargs)
  File "C:\Users\chera\OneDrive\Desktop\projectbot1\venv\Lib\site-packages\requests\sessions.py", line 703, in send
    r = adapter.send(request, **kwargs)
  File "C:\Users\chera\OneDrive\Desktop\projectbot1\venv\Lib\site-packages\requests\adapters.py", line 501, in send
    raise ConnectionError(err, request=request)
requests.exceptions.ConnectionError: ('Connection aborted.', ConnectionResetError(10054, 'An existing connection was forcibly closed by the remote host', None, 10054, None))
2026-02-16 20:04:33 | traffic | [32mINFO[0m | get_traffic_flow:73 | Traffic status: moderate (current: 19 km/h, free flow: 28 km/h)
2026-02-16 20:04:34 | traffic | [32mINFO[0m | get_traffic_flow:73 | Traffic status: moderate (current: 19 km/h, free flow: 28 km/h)
2026-02-16 20:04:50 | traffic | [32mINFO[0m | get_traffic_flow:73 | Traffic status: moderate (current: 20 km/h, free flow: 28 km/h)
2026-02-16 20:05:02 | traffic | [32mINFO[0m | get_traffic_flow:73 | Traffic status: moderate (current: 20 km/h, free flow: 28 km/h)
2026-02-16 20:05:04 | traffic | [32mINFO[0m | get_traffic_flow:73 | Traffic status: moderate (current: 20 km/h, free flow: 28 km/h)
2026-02-16 20:31:41 | traffic | [32mINFO[0m | get_traffic_flow:73 | Traffic status: moderate (current: 19 km/h, free flow: 27 km/h)
2026-02-16 20:31:43 | traffic | [32mINFO[0m | get_traffic_flow:73 | Traffic status: moderate (current: 19 km/h, free flow: 27 km/h)
2026-02-16 20:31:50 | traffic | [32mINFO[0m | get_traffic_flow:73 | Traffic status: moderate (current: 19 km/h, free flow: 27 km/h)
2026-02-16 20:31:55 | traffic | [32mINFO[0m | get_traffic_flow:73 | Traffic status: moderate (current: 19 km/h, free flow: 27 km/h)
2026-02-16 20:32:06 | traffic | [32mINFO[0m | get_traffic_flow:73 | Traffic status: moderate (current: 19 km/h, free flow: 27 km/h)
2026-02-16 20:37:42 | traffic | [32mINFO[0m | get_traffic_flow:73 | Traffic status: moderate (current: 18 km/h, free flow: 28 km/h)
2026-02-16 20:37:48 | traffic | [32mINFO[0m | get_traffic_flow:73 | Traffic status: moderate (current: 18 km/h, free flow: 28 km/h)
2026-02-16 20:37:58 | traffic | [32mINFO[0m | get_traffic_flow:73 | Traffic status: moderate (current: 18 km/h, free flow: 27 km/h)
2026-02-16 20:38:01 | traffic | [32mINFO[0m | get_traffic_flow:73 | Traffic status: moderate (current: 18 km/h, free flow: 27 km/h)
2026-02-16 20:38:19 | traffic | [32mINFO[0m | get_traffic_flow:73 | Traffic status: moderate (current: 18 km/h, free flow: 27 km/h)
2026-02-16 20:38:22 | traffic | [32mINFO[0m | get_traffic_flow:73 | Traffic status: moderate (current: 18 km/h, free flow: 27 km/h)
2026-02-16 20:40:18 | traffic | [32mINFO[0m | get_traffic_flow:73 | Traffic status: moderate (current: 18 km/h, free flow: 27 km/h)
2026-02-16 20:40:29 | traffic | [32mINFO[0m | get_traffic_flow:73 | Traffic status: moderate (current: 19 km/h, free flow: 28 km/h)
2026-02-16 20:40:30 | traffic | [32mINFO[0m | get_traffic_flow:73 | Traffic status: moderate (current: 19 km/h, free flow: 28 km/h)
2026-02-16 20:58:01 | traffic | [32mINFO[0m | get_traffic_flow:73 | Traffic status: moderate (current: 20 km/h, free flow: 26 km/h)
2026-02-16 20:58:04 | traffic | [32mINFO[0m | get_traffic_flow:73 | Traffic status: moderate (current: 20 km/h, free flow: 26 km/h)
2026-02-16 20:58:11 | traffic | [32mINFO[0m | get_traffic_flow:73 | Traffic status: moderate (current: 20 km/h, free flow: 26 km/h)
2026-02-16 20:58:19 | traffic | [32mINFO[0m | get_traffic_flow:73 | Traffic status: moderate (current: 20 km/h, free flow: 26 km/h)
2026-02-16 21:46:42 | traffic | [32mINFO[0m | get_traffic_flow:73 | Traffic status: moderate (current: 22 km/h, free flow: 28 km/h)
2026-02-16 21:47:01 | traffic | [32mINFO[0m | get_traffic_flow:73 | Traffic status: moderate (current: 22 km/h, free flow: 28 km/h)
2026-02-16 21:47:09 | traffic | [32mINFO[0m | get_traffic_flow:73 | Traffic status: moderate (current: 22 km/h, free flow: 28 km/h)
2026-02-16 21:47:12 | traffic | [32mINFO[0m | get_traffic_flow:73 | Traffic status: moderate (current: 22 km/h, free flow: 28 km/h)
2026-02-16 21:47:22 | traffic | [32mINFO[0m | get_traffic_flow:73 | Traffic status: moderate (current: 22 km/h, free flow: 28 km/h)
2026-02-16 21:47:24 | traffic | [32mINFO[0m | get_traffic_flow:73 | Traffic status: moderate (current: 22 km/h, free flow: 28 km/h)
2026-02-16 21:47:26 | traffic | [31mERROR[0m | get_traffic_flow:84 | Traffic fetch failed: HTTPSConnectionPool(host='api.tomtom.com', port=443): Max retries exceeded with url: /traffic/services/4/flowSegmentData/absolute/10/json?point=17.385,78.4867&key=Ri0LrJjjYgFqE3LToDzy2MAr8MCyYs9D (Caused by NewConnectionError("HTTPSConnection(host='api.tomtom.com', port=443): Failed to establish a new connection: [WinError 10053] An established connection was aborted by the software in your host machine"))
Traceback (most recent call last):
  File "C:\Users\chera\OneDrive\Desktop\projectbot1\venv\Lib\site-packages\urllib3\connection.py", line 204, in _new_conn
    sock = connection.create_connection(
        (self._dns_host, self.port),
    ...<2 lines>...
        socket_options=self.socket_options,
    )
  File "C:\Users\chera\OneDrive\Desktop\projectbot1\venv\Lib\site-packages\urllib3\util\connection.py", line 85, in create_connection
    raise err
  File "C:\Users\chera\OneDrive\Desktop\projectbot1\venv\Lib\site-packages\urllib3\util\connection.py", line 73, in create_connection
    sock.connect(sa)
    ~~~~~~~~~~~~^^^^
ConnectionAbortedError: [WinError 10053] An established connection was aborted by the software in your host machine

The above exception was the direct cause of the following exception:

Traceback (most recent call last):
  File "C:\Users\chera\OneDrive\Desktop\projectbot1\venv\Lib\site-packages\urllib3\connectionpool.py", line 787, in urlopen
    response = self._make_request(
        conn,
    ...<10 lines>...
        **response_kw,
    )
  File "C:\Users\chera\OneDrive\Desktop\projectbot1\venv\Lib\site-packages\urllib3\connectionpool.py", line 488, in _make_request
    raise new_e
  File "C:\Users\chera\OneDrive\Desktop\projectbot1\venv\Lib\site-packages\urllib3\connectionpool.py", line 464, in _make_request
    self._validate_conn(conn)
    ~~~~~~~~~~~~~~~~~~~^^^^^^
  File "C:\Users\chera\OneDrive\Desktop\projectbot1\venv\Lib\site-packages\urllib3\connectionpool.py", line 1093, in _validate_conn
    conn.connect()
    ~~~~~~~~~~~~^^
  File "C:\Users\chera\OneDrive\Desktop\projectbot1\venv\Lib\site-packages\urllib3\connection.py", line 759, in connect
    self.sock = sock = self._new_conn()
                       ~~~~~~~~~~~~~~^^
  File "C:\Users\chera\OneDrive\Desktop\projectbot1\venv\Lib\site-packages\urllib3\connection.py", line 219, in _new_conn
    raise NewConnectionError(
        self, f"Failed to establish a new connection: {e}"
    ) from e
urllib3.exceptions.NewConnectionError: HTTPSConnection(host='api.tomtom.com', port=443): Failed to establish a new connection: [WinError 10053] An established connection was aborted by the software in your host machine

The above exception was the direct cause of the following exception:

Traceback (most recent call last):
  File "C:\Users\chera\OneDrive\Desktop\projectbot1\venv\Lib\site-packages\requests\adapters.py", line 486, in send
    resp = conn.urlopen(
        method=request.method,
    ...<9 lines>...
        chunked=chunked,
    )
  File "C:\Users\chera\OneDrive\Desktop\projectbot1\venv\Lib\site-packages\urllib3\connectionpool.py", line 841, in urlopen
    retries = retries.increment(
        method, url, error=new_e, _pool=self, _stacktrace=sys.exc_info()[2]
    )
  File "C:\Users\chera\OneDrive\Desktop\projectbot1\venv\Lib\site-packages\urllib3\util\retry.py", line 535, in increment
    raise MaxRetryError(_pool, url, reason) from reason  # type: ignore[arg-type]
    ^^^^^^^^^^^^^^^^^^^^^^^^^^^^^^^^^^^^^^^^^^^^^^^^^^^
urllib3.exceptions.MaxRetryError: HTTPSConnectionPool(host='api.tomtom.com', port=443): Max retries exceeded with url: /traffic/services/4/flowSegmentData/absolute/10/json?point=17.385,78.4867&key=Ri0LrJjjYgFqE3LToDzy2MAr8MCyYs9D (Caused by NewConnectionError("HTTPSConnection(host='api.tomtom.com', port=443): Failed to establish a new connection: [WinError 10053] An established connection was aborted by the software in your host machine"))

During handling of the above exception, another exception occurred:

Traceback (most recent call last):
  File "C:\Users\chera\OneDrive\Desktop\projectbot1\services\traffic.py", line 61, in get_traffic_flow
    response = requests.get(url, timeout=config.api.TRAFFIC_TIMEOUT)
  File "C:\Users\chera\OneDrive\Desktop\projectbot1\venv\Lib\site-packages\requests\api.py", line 73, in get
    return request("get", url, params=params, **kwargs)
  File "C:\Users\chera\OneDrive\Desktop\projectbot1\venv\Lib\site-packages\requests\api.py", line 59, in request
    return session.request(method=method, url=url, **kwargs)
           ~~~~~~~~~~~~~~~^^^^^^^^^^^^^^^^^^^^^^^^^^^^^^^^^^
  File "C:\Users\chera\OneDrive\Desktop\projectbot1\venv\Lib\site-packages\requests\sessions.py", line 589, in request
    resp = self.send(prep, **send_kwargs)
  File "C:\Users\chera\OneDrive\Desktop\projectbot1\venv\Lib\site-packages\requests\sessions.py", line 703, in send
    r = adapter.send(request, **kwargs)
  File "C:\Users\chera\OneDrive\Desktop\projectbot1\venv\Lib\site-packages\requests\adapters.py", line 519, in send
    raise ConnectionError(e, request=request)
requests.exceptions.ConnectionError: HTTPSConnectionPool(host='api.tomtom.com', port=443): Max retries exceeded with url: /traffic/services/4/flowSegmentData/absolute/10/json?point=17.385,78.4867&key=Ri0LrJjjYgFqE3LToDzy2MAr8MCyYs9D (Caused by NewConnectionError("HTTPSConnection(host='api.tomtom.com', port=443): Failed to establish a new connection: [WinError 10053] An established connection was aborted by the software in your host machine"))
2026-02-16 21:49:20 | traffic | [31mERROR[0m | get_traffic_flow:84 | Traffic fetch failed: ('Connection aborted.', ConnectionResetError(10054, 'An existing connection was forcibly closed by the remote host', None, 10054, None))
Traceback (most recent call last):
  File "C:\Users\chera\OneDrive\Desktop\projectbot1\venv\Lib\site-packages\urllib3\connectionpool.py", line 787, in urlopen
    response = self._make_request(
        conn,
    ...<10 lines>...
        **response_kw,
    )
  File "C:\Users\chera\OneDrive\Desktop\projectbot1\venv\Lib\site-packages\urllib3\connectionpool.py", line 488, in _make_request
    raise new_e
  File "C:\Users\chera\OneDrive\Desktop\projectbot1\venv\Lib\site-packages\urllib3\connectionpool.py", line 464, in _make_request
    self._validate_conn(conn)
    ~~~~~~~~~~~~~~~~~~~^^^^^^
  File "C:\Users\chera\OneDrive\Desktop\projectbot1\venv\Lib\site-packages\urllib3\connectionpool.py", line 1093, in _validate_conn
    conn.connect()
    ~~~~~~~~~~~~^^
  File "C:\Users\chera\OneDrive\Desktop\projectbot1\venv\Lib\site-packages\urllib3\connection.py", line 796, in connect
    sock_and_verified = _ssl_wrap_socket_and_match_hostname(
        sock=sock,
    ...<14 lines>...
        assert_fingerprint=self.assert_fingerprint,
    )
  File "C:\Users\chera\OneDrive\Desktop\projectbot1\venv\Lib\site-packages\urllib3\connection.py", line 975, in _ssl_wrap_socket_and_match_hostname
    ssl_sock = ssl_wrap_socket(
        sock=sock,
    ...<8 lines>...
        tls_in_tls=tls_in_tls,
    )
  File "C:\Users\chera\OneDrive\Desktop\projectbot1\venv\Lib\site-packages\urllib3\util\ssl_.py", line 483, in ssl_wrap_socket
    ssl_sock = _ssl_wrap_socket_impl(sock, context, tls_in_tls, server_hostname)
  File "C:\Users\chera\OneDrive\Desktop\projectbot1\venv\Lib\site-packages\urllib3\util\ssl_.py", line 527, in _ssl_wrap_socket_impl
    return ssl_context.wrap_socket(sock, server_hostname=server_hostname)
           ~~~~~~~~~~~~~~~~~~~~~~~^^^^^^^^^^^^^^^^^^^^^^^^^^^^^^^^^^^^^^^
  File "C:\Users\chera\AppData\Local\Programs\Python\Python314\Lib\ssl.py", line 455, in wrap_socket
    return self.sslsocket_class._create(
           ~~~~~~~~~~~~~~~~~~~~~~~~~~~~^
        sock=sock,
        ^^^^^^^^^^
    ...<5 lines>...
        session=session
        ^^^^^^^^^^^^^^^
    )
    ^
  File "C:\Users\chera\AppData\Local\Programs\Python\Python314\Lib\ssl.py", line 1076, in _create
    self.do_handshake()
    ~~~~~~~~~~~~~~~~~^^
  File "C:\Users\chera\AppData\Local\Programs\Python\Python314\Lib\ssl.py", line 1372, in do_handshake
    self._sslobj.do_handshake()
    ~~~~~~~~~~~~~~~~~~~~~~~~~^^
ConnectionResetError: [WinError 10054] An existing connection was forcibly closed by the remote host

During handling of the above exception, another exception occurred:

Traceback (most recent call last):
  File "C:\Users\chera\OneDrive\Desktop\projectbot1\venv\Lib\site-packages\requests\adapters.py", line 486, in send
    resp = conn.urlopen(
        method=request.method,
    ...<9 lines>...
        chunked=chunked,
    )
  File "C:\Users\chera\OneDrive\Desktop\projectbot1\venv\Lib\site-packages\urllib3\connectionpool.py", line 841, in urlopen
    retries = retries.increment(
        method, url, error=new_e, _pool=self, _stacktrace=sys.exc_info()[2]
    )
  File "C:\Users\chera\OneDrive\Desktop\projectbot1\venv\Lib\site-packages\urllib3\util\retry.py", line 490, in increment
    raise reraise(type(error), error, _stacktrace)
          ~~~~~~~^^^^^^^^^^^^^^^^^^^^^^^^^^^^^^^^^
  File "C:\Users\chera\OneDrive\Desktop\projectbot1\venv\Lib\site-packages\urllib3\util\util.py", line 38, in reraise
    raise value.with_traceback(tb)
  File "C:\Users\chera\OneDrive\Desktop\projectbot1\venv\Lib\site-packages\urllib3\connectionpool.py", line 787, in urlopen
    response = self._make_request(
        conn,
    ...<10 lines>...
        **response_kw,
    )
  File "C:\Users\chera\OneDrive\Desktop\projectbot1\venv\Lib\site-packages\urllib3\connectionpool.py", line 488, in _make_request
    raise new_e
  File "C:\Users\chera\OneDrive\Desktop\projectbot1\venv\Lib\site-packages\urllib3\connectionpool.py", line 464, in _make_request
    self._validate_conn(conn)
    ~~~~~~~~~~~~~~~~~~~^^^^^^
  File "C:\Users\chera\OneDrive\Desktop\projectbot1\venv\Lib\site-packages\urllib3\connectionpool.py", line 1093, in _validate_conn
    conn.connect()
    ~~~~~~~~~~~~^^
  File "C:\Users\chera\OneDrive\Desktop\projectbot1\venv\Lib\site-packages\urllib3\connection.py", line 796, in connect
    sock_and_verified = _ssl_wrap_socket_and_match_hostname(
        sock=sock,
    ...<14 lines>...
        assert_fingerprint=self.assert_fingerprint,
    )
  File "C:\Users\chera\OneDrive\Desktop\projectbot1\venv\Lib\site-packages\urllib3\connection.py", line 975, in _ssl_wrap_socket_and_match_hostname
    ssl_sock = ssl_wrap_socket(
        sock=sock,
    ...<8 lines>...
        tls_in_tls=tls_in_tls,
    )
  File "C:\Users\chera\OneDrive\Desktop\projectbot1\venv\Lib\site-packages\urllib3\util\ssl_.py", line 483, in ssl_wrap_socket
    ssl_sock = _ssl_wrap_socket_impl(sock, context, tls_in_tls, server_hostname)
  File "C:\Users\chera\OneDrive\Desktop\projectbot1\venv\Lib\site-packages\urllib3\util\ssl_.py", line 527, in _ssl_wrap_socket_impl
    return ssl_context.wrap_socket(sock, server_hostname=server_hostname)
           ~~~~~~~~~~~~~~~~~~~~~~~^^^^^^^^^^^^^^^^^^^^^^^^^^^^^^^^^^^^^^^
  File "C:\Users\chera\AppData\Local\Programs\Python\Python314\Lib\ssl.py", line 455, in wrap_socket
    return self.sslsocket_class._create(
           ~~~~~~~~~~~~~~~~~~~~~~~~~~~~^
        sock=sock,
        ^^^^^^^^^^
    ...<5 lines>...
        session=session
        ^^^^^^^^^^^^^^^
    )
    ^
  File "C:\Users\chera\AppData\Local\Programs\Python\Python314\Lib\ssl.py", line 1076, in _create
    self.do_handshake()
    ~~~~~~~~~~~~~~~~~^^
  File "C:\Users\chera\AppData\Local\Programs\Python\Python314\Lib\ssl.py", line 1372, in do_handshake
    self._sslobj.do_handshake()
    ~~~~~~~~~~~~~~~~~~~~~~~~~^^
urllib3.exceptions.ProtocolError: ('Connection aborted.', ConnectionResetError(10054, 'An existing connection was forcibly closed by the remote host', None, 10054, None))

During handling of the above exception, another exception occurred:

Traceback (most recent call last):
  File "C:\Users\chera\OneDrive\Desktop\projectbot1\services\traffic.py", line 61, in get_traffic_flow
    response = requests.get(url, timeout=config.api.TRAFFIC_TIMEOUT)
  File "C:\Users\chera\OneDrive\Desktop\projectbot1\venv\Lib\site-packages\requests\api.py", line 73, in get
    return request("get", url, params=params, **kwargs)
  File "C:\Users\chera\OneDrive\Desktop\projectbot1\venv\Lib\site-packages\requests\api.py", line 59, in request
    return session.request(method=method, url=url, **kwargs)
           ~~~~~~~~~~~~~~~^^^^^^^^^^^^^^^^^^^^^^^^^^^^^^^^^^
  File "C:\Users\chera\OneDrive\Desktop\projectbot1\venv\Lib\site-packages\requests\sessions.py", line 589, in request
    resp = self.send(prep, **send_kwargs)
  File "C:\Users\chera\OneDrive\Desktop\projectbot1\venv\Lib\site-packages\requests\sessions.py", line 703, in send
    r = adapter.send(request, **kwargs)
  File "C:\Users\chera\OneDrive\Desktop\projectbot1\venv\Lib\site-packages\requests\adapters.py", line 501, in send
    raise ConnectionError(err, request=request)
requests.exceptions.ConnectionError: ('Connection aborted.', ConnectionResetError(10054, 'An existing connection was forcibly closed by the remote host', None, 10054, None))
2026-02-16 21:49:26 | traffic | [31mERROR[0m | get_traffic_flow:84 | Traffic fetch failed: HTTPSConnectionPool(host='api.tomtom.com', port=443): Max retries exceeded with url: /traffic/services/4/flowSegmentData/absolute/10/json?point=17.385,78.4867&key=Ri0LrJjjYgFqE3LToDzy2MAr8MCyYs9D (Caused by NameResolutionError("HTTPSConnection(host='api.tomtom.com', port=443): Failed to resolve 'api.tomtom.com' ([Errno 11001] getaddrinfo failed)"))
Traceback (most recent call last):
  File "C:\Users\chera\OneDrive\Desktop\projectbot1\venv\Lib\site-packages\urllib3\connection.py", line 204, in _new_conn
    sock = connection.create_connection(
        (self._dns_host, self.port),
    ...<2 lines>...
        socket_options=self.socket_options,
    )
  File "C:\Users\chera\OneDrive\Desktop\projectbot1\venv\Lib\site-packages\urllib3\util\connection.py", line 60, in create_connection
    for res in socket.getaddrinfo(host, port, family, socket.SOCK_STREAM):
               ~~~~~~~~~~~~~~~~~~^^^^^^^^^^^^^^^^^^^^^^^^^^^^^^^^^^^^^^^^
  File "C:\Users\chera\AppData\Local\Programs\Python\Python314\Lib\socket.py", line 983, in getaddrinfo
    for res in _socket.getaddrinfo(host, port, family, type, proto, flags):
               ~~~~~~~~~~~~~~~~~~~^^^^^^^^^^^^^^^^^^^^^^^^^^^^^^^^^^^^^^^^
socket.gaierror: [Errno 11001] getaddrinfo failed

The above exception was the direct cause of the following exception:

Traceback (most recent call last):
  File "C:\Users\chera\OneDrive\Desktop\projectbot1\venv\Lib\site-packages\urllib3\connectionpool.py", line 787, in urlopen
    response = self._make_request(
        conn,
    ...<10 lines>...
        **response_kw,
    )
  File "C:\Users\chera\OneDrive\Desktop\projectbot1\venv\Lib\site-packages\urllib3\connectionpool.py", line 488, in _make_request
    raise new_e
  File "C:\Users\chera\OneDrive\Desktop\projectbot1\venv\Lib\site-packages\urllib3\connectionpool.py", line 464, in _make_request
    self._validate_conn(conn)
    ~~~~~~~~~~~~~~~~~~~^^^^^^
  File "C:\Users\chera\OneDrive\Desktop\projectbot1\venv\Lib\site-packages\urllib3\connectionpool.py", line 1093, in _validate_conn
    conn.connect()
    ~~~~~~~~~~~~^^
  File "C:\Users\chera\OneDrive\Desktop\projectbot1\venv\Lib\site-packages\urllib3\connection.py", line 759, in connect
    self.sock = sock = self._new_conn()
                       ~~~~~~~~~~~~~~^^
  File "C:\Users\chera\OneDrive\Desktop\projectbot1\venv\Lib\site-packages\urllib3\connection.py", line 211, in _new_conn
    raise NameResolutionError(self.host, self, e) from e
urllib3.exceptions.NameResolutionError: HTTPSConnection(host='api.tomtom.com', port=443): Failed to resolve 'api.tomtom.com' ([Errno 11001] getaddrinfo failed)

The above exception was the direct cause of the following exception:

Traceback (most recent call last):
  File "C:\Users\chera\OneDrive\Desktop\projectbot1\venv\Lib\site-packages\requests\adapters.py", line 486, in send
    resp = conn.urlopen(
        method=request.method,
    ...<9 lines>...
        chunked=chunked,
    )
  File "C:\Users\chera\OneDrive\Desktop\projectbot1\venv\Lib\site-packages\urllib3\connectionpool.py", line 841, in urlopen
    retries = retries.increment(
        method, url, error=new_e, _pool=self, _stacktrace=sys.exc_info()[2]
    )
  File "C:\Users\chera\OneDrive\Desktop\projectbot1\venv\Lib\site-packages\urllib3\util\retry.py", line 535, in increment
    raise MaxRetryError(_pool, url, reason) from reason  # type: ignore[arg-type]
    ^^^^^^^^^^^^^^^^^^^^^^^^^^^^^^^^^^^^^^^^^^^^^^^^^^^
urllib3.exceptions.MaxRetryError: HTTPSConnectionPool(host='api.tomtom.com', port=443): Max retries exceeded with url: /traffic/services/4/flowSegmentData/absolute/10/json?point=17.385,78.4867&key=Ri0LrJjjYgFqE3LToDzy2MAr8MCyYs9D (Caused by NameResolutionError("HTTPSConnection(host='api.tomtom.com', port=443): Failed to resolve 'api.tomtom.com' ([Errno 11001] getaddrinfo failed)"))

During handling of the above exception, another exception occurred:

Traceback (most recent call last):
  File "C:\Users\chera\OneDrive\Desktop\projectbot1\services\traffic.py", line 61, in get_traffic_flow
    response = requests.get(url, timeout=config.api.TRAFFIC_TIMEOUT)
  File "C:\Users\chera\OneDrive\Desktop\projectbot1\venv\Lib\site-packages\requests\api.py", line 73, in get
    return request("get", url, params=params, **kwargs)
  File "C:\Users\chera\OneDrive\Desktop\projectbot1\venv\Lib\site-packages\requests\api.py", line 59, in request
    return session.request(method=method, url=url, **kwargs)
           ~~~~~~~~~~~~~~~^^^^^^^^^^^^^^^^^^^^^^^^^^^^^^^^^^
  File "C:\Users\chera\OneDrive\Desktop\projectbot1\venv\Lib\site-packages\requests\sessions.py", line 589, in request
    resp = self.send(prep, **send_kwargs)
  File "C:\Users\chera\OneDrive\Desktop\projectbot1\venv\Lib\site-packages\requests\sessions.py", line 703, in send
    r = adapter.send(request, **kwargs)
  File "C:\Users\chera\OneDrive\Desktop\projectbot1\venv\Lib\site-packages\requests\adapters.py", line 519, in send
    raise ConnectionError(e, request=request)
requests.exceptions.ConnectionError: HTTPSConnectionPool(host='api.tomtom.com', port=443): Max retries exceeded with url: /traffic/services/4/flowSegmentData/absolute/10/json?point=17.385,78.4867&key=Ri0LrJjjYgFqE3LToDzy2MAr8MCyYs9D (Caused by NameResolutionError("HTTPSConnection(host='api.tomtom.com', port=443): Failed to resolve 'api.tomtom.com' ([Errno 11001] getaddrinfo failed)"))
2026-02-16 21:49:30 | traffic | [32mINFO[0m | get_traffic_flow:73 | Traffic status: smooth (current: 22 km/h, free flow: 27 km/h)
2026-02-16 21:49:31 | traffic | [32mINFO[0m | get_traffic_flow:73 | Traffic status: smooth (current: 22 km/h, free flow: 27 km/h)
2026-02-16 21:49:40 | traffic | [32mINFO[0m | get_traffic_flow:73 | Traffic status: smooth (current: 22 km/h, free flow: 27 km/h)
2026-02-16 21:49:52 | traffic | [32mINFO[0m | get_traffic_flow:73 | Traffic status: moderate (current: 20 km/h, free flow: 26 km/h)
2026-02-17 14:54:13 | traffic | [32mINFO[0m | get_traffic_flow:74 | Traffic status: moderate (current: 19 km/h, free flow: 27 km/h)
2026-02-17 15:02:50 | traffic | [32mINFO[0m | get_traffic_flow:74 | Traffic status: moderate (current: 19 km/h, free flow: 27 km/h)
2026-02-17 15:09:34 | traffic | [32mINFO[0m | get_traffic_flow:74 | Traffic status: moderate (current: 18 km/h, free flow: 28 km/h)
2026-02-17 15:18:27 | traffic | [32mINFO[0m | get_traffic_flow:74 | Traffic status: moderate (current: 19 km/h, free flow: 28 km/h)
2026-02-17 15:27:16 | traffic | [32mINFO[0m | get_traffic_flow:74 | Traffic status: moderate (current: 16 km/h, free flow: 28 km/h)
2026-02-17 15:29:49 | traffic | [32mINFO[0m | get_traffic_flow:74 | Traffic status: moderate (current: 17 km/h, free flow: 27 km/h)
2026-02-17 15:32:27 | traffic | [32mINFO[0m | get_traffic_flow:74 | Traffic status: moderate (current: 18 km/h, free flow: 28 km/h)
2026-02-17 15:37:27 | traffic | [32mINFO[0m | get_traffic_flow:74 | Traffic status: moderate (current: 19 km/h, free flow: 28 km/h)
2026-02-17 15:44:45 | traffic | [32mINFO[0m | get_traffic_flow:74 | Traffic status: moderate (current: 19 km/h, free flow: 28 km/h)
2026-02-17 16:10:45 | traffic | [32mINFO[0m | get_traffic_flow:74 | Traffic status: moderate (current: 18 km/h, free flow: 28 km/h)
2026-02-17 16:20:33 | traffic | [32mINFO[0m | get_traffic_flow:74 | Traffic status: moderate (current: 17 km/h, free flow: 28 km/h)
2026-02-17 16:35:14 | traffic | [32mINFO[0m | get_traffic_flow:74 | Traffic status: moderate (current: 18 km/h, free flow: 27 km/h)
2026-02-17 16:37:47 | traffic | [32mINFO[0m | get_traffic_flow:74 | Traffic status: moderate (current: 18 km/h, free flow: 28 km/h)
2026-02-17 16:40:54 | traffic | [32mINFO[0m | get_traffic_flow:74 | Traffic status: moderate (current: 19 km/h, free flow: 28 km/h)
2026-02-17 16:44:03 | traffic | [32mINFO[0m | get_traffic_flow:74 | Traffic status: moderate (current: 18 km/h, free flow: 27 km/h)
2026-02-17 16:48:03 | traffic | [32mINFO[0m | get_traffic_flow:74 | Traffic status: moderate (current: 17 km/h, free flow: 28 km/h)
2026-02-17 16:50:58 | traffic | [32mINFO[0m | get_traffic_flow:74 | Traffic status: moderate (current: 18 km/h, free flow: 27 km/h)
2026-02-17 17:06:38 | traffic | [32mINFO[0m | get_traffic_flow:74 | Traffic status: moderate (current: 18 km/h, free flow: 27 km/h)
2026-02-17 17:09:17 | traffic | [32mINFO[0m | get_traffic_flow:74 | Traffic status: moderate (current: 21 km/h, free flow: 28 km/h)
2026-02-17 17:09:51 | traffic | [32mINFO[0m | get_traffic_flow:74 | Traffic status: moderate (current: 21 km/h, free flow: 28 km/h)
2026-02-17 17:10:11 | traffic | [32mINFO[0m | get_traffic_flow:74 | Traffic status: smooth (current: 32 km/h, free flow: 32 km/h)
2026-02-17 17:19:06 | traffic | [32mINFO[0m | get_traffic_flow:74 | Traffic status: smooth (current: 32 km/h, free flow: 32 km/h)
2026-02-17 17:19:36 | traffic | [32mINFO[0m | get_traffic_flow:74 | Traffic status: moderate (current: 18 km/h, free flow: 27 km/h)
2026-02-17 17:21:38 | traffic | [32mINFO[0m | get_traffic_flow:74 | Traffic status: smooth (current: 32 km/h, free flow: 32 km/h)
2026-02-17 17:24:47 | traffic | [32mINFO[0m | get_traffic_flow:74 | Traffic status: moderate (current: 19 km/h, free flow: 28 km/h)
2026-02-17 17:25:15 | traffic | [32mINFO[0m | get_traffic_flow:74 | Traffic status: smooth (current: 32 km/h, free flow: 32 km/h)
2026-02-17 17:27:47 | traffic | [32mINFO[0m | get_traffic_flow:74 | Traffic status: moderate (current: 19 km/h, free flow: 28 km/h)
2026-02-17 17:35:05 | traffic | [32mINFO[0m | get_traffic_flow:74 | Traffic status: moderate (current: 18 km/h, free flow: 28 km/h)
2026-02-17 17:42:41 | traffic | [32mINFO[0m | get_traffic_flow:74 | Traffic status: moderate (current: 20 km/h, free flow: 33 km/h)
2026-02-17 17:52:59 | traffic | [32mINFO[0m | get_traffic_flow:74 | Traffic status: moderate (current: 16 km/h, free flow: 27 km/h)
2026-02-17 18:01:47 | traffic | [32mINFO[0m | get_traffic_flow:74 | Traffic status: moderate (current: 19 km/h, free flow: 28 km/h)
2026-02-17 18:02:10 | traffic | [32mINFO[0m | get_traffic_flow:74 | Traffic status: moderate (current: 19 km/h, free flow: 28 km/h)
2026-02-17 18:19:46 | traffic | [32mINFO[0m | get_traffic_flow:74 | Traffic status: moderate (current: 18 km/h, free flow: 27 km/h)
2026-02-17 18:22:40 | traffic | [32mINFO[0m | get_traffic_flow:74 | Traffic status: moderate (current: 19 km/h, free flow: 28 km/h)
2026-02-17 18:27:36 | traffic | [32mINFO[0m | get_traffic_flow:74 | Traffic status: moderate (current: 17 km/h, free flow: 28 km/h)
2026-02-17 18:42:37 | traffic | [32mINFO[0m | get_traffic_flow:74 | Traffic status: moderate (current: 16 km/h, free flow: 27 km/h)
2026-02-17 18:47:18 | traffic | [32mINFO[0m | get_traffic_flow:74 | Traffic status: moderate (current: 16 km/h, free flow: 27 km/h)
2026-02-17 18:50:35 | traffic | [32mINFO[0m | get_traffic_flow:74 | Traffic status: moderate (current: 16 km/h, free flow: 28 km/h)
2026-02-17 18:56:33 | traffic | [32mINFO[0m | get_traffic_flow:74 | Traffic status: moderate (current: 17 km/h, free flow: 28 km/h)
2026-02-17 19:02:56 | traffic | [32mINFO[0m | get_traffic_flow:74 | Traffic status: moderate (current: 17 km/h, free flow: 27 km/h)
2026-02-17 19:06:26 | traffic | [32mINFO[0m | get_traffic_flow:74 | Traffic status: moderate (current: 16 km/h, free flow: 28 km/h)
2026-02-17 19:08:58 | traffic | [32mINFO[0m | get_traffic_flow:74 | Traffic status: moderate (current: 17 km/h, free flow: 28 km/h)
2026-02-17 19:14:34 | traffic | [32mINFO[0m | get_traffic_flow:74 | Traffic status: moderate (current: 15 km/h, free flow: 28 km/h)
2026-02-17 19:20:31 | traffic | [32mINFO[0m | get_traffic_flow:74 | Traffic status: moderate (current: 18 km/h, free flow: 27 km/h)
2026-02-17 19:26:15 | traffic | [32mINFO[0m | get_traffic_flow:74 | Traffic status: moderate (current: 18 km/h, free flow: 27 km/h)
2026-02-17 19:33:47 | traffic | [32mINFO[0m | get_traffic_flow:74 | Traffic status: moderate (current: 17 km/h, free flow: 28 km/h)
2026-02-17 19:37:30 | traffic | [32mINFO[0m | get_traffic_flow:74 | Traffic status: moderate (current: 16 km/h, free flow: 28 km/h)
2026-02-17 19:42:04 | traffic | [32mINFO[0m | get_traffic_flow:74 | Traffic status: moderate (current: 18 km/h, free flow: 28 km/h)
2026-02-17 19:44:45 | traffic | [32mINFO[0m | get_traffic_flow:74 | Traffic status: moderate (current: 17 km/h, free flow: 28 km/h)
2026-02-17 19:47:37 | traffic | [32mINFO[0m | get_traffic_flow:74 | Traffic status: moderate (current: 16 km/h, free flow: 28 km/h)
2026-02-17 19:54:26 | traffic | [32mINFO[0m | get_traffic_flow:74 | Traffic status: moderate (current: 16 km/h, free flow: 27 km/h)
2026-02-17 20:02:53 | traffic | [32mINFO[0m | get_traffic_flow:74 | Traffic status: moderate (current: 18 km/h, free flow: 28 km/h)
2026-02-17 20:05:39 | traffic | [32mINFO[0m | get_traffic_flow:74 | Traffic status: moderate (current: 17 km/h, free flow: 26 km/h)
2026-02-17 20:10:06 | traffic | [32mINFO[0m | get_traffic_flow:74 | Traffic status: moderate (current: 18 km/h, free flow: 28 km/h)
2026-02-17 20:12:50 | traffic | [32mINFO[0m | get_traffic_flow:74 | Traffic status: moderate (current: 18 km/h, free flow: 27 km/h)
2026-02-17 20:15:28 | traffic | [32mINFO[0m | get_traffic_flow:74 | Traffic status: moderate (current: 19 km/h, free flow: 28 km/h)
2026-02-17 20:32:52 | traffic | [32mINFO[0m | get_traffic_flow:74 | Traffic status: moderate (current: 17 km/h, free flow: 27 km/h)
2026-02-17 20:35:35 | traffic | [32mINFO[0m | get_traffic_flow:74 | Traffic status: moderate (current: 18 km/h, free flow: 28 km/h)
2026-02-17 20:38:36 | traffic | [32mINFO[0m | get_traffic_flow:74 | Traffic status: moderate (current: 20 km/h, free flow: 28 km/h)
2026-02-17 20:41:10 | traffic | [32mINFO[0m | get_traffic_flow:74 | Traffic status: moderate (current: 17 km/h, free flow: 28 km/h)
2026-02-17 20:44:45 | traffic | [32mINFO[0m | get_traffic_flow:74 | Traffic status: moderate (current: 18 km/h, free flow: 28 km/h)
2026-02-17 21:00:55 | traffic | [32mINFO[0m | get_traffic_flow:74 | Traffic status: moderate (current: 19 km/h, free flow: 28 km/h)
2026-02-17 21:03:29 | traffic | [32mINFO[0m | get_traffic_flow:74 | Traffic status: moderate (current: 18 km/h, free flow: 27 km/h)
2026-02-17 21:06:49 | traffic | [32mINFO[0m | get_traffic_flow:74 | Traffic status: moderate (current: 18 km/h, free flow: 27 km/h)
2026-02-17 21:09:43 | traffic | [32mINFO[0m | get_traffic_flow:74 | Traffic status: moderate (current: 21 km/h, free flow: 28 km/h)
2026-02-17 21:13:35 | traffic | [32mINFO[0m | get_traffic_flow:74 | Traffic status: moderate (current: 21 km/h, free flow: 27 km/h)
2026-02-17 21:58:52 | traffic | [32mINFO[0m | get_traffic_flow:74 | Traffic status: moderate (current: 22 km/h, free flow: 28 km/h)
2026-02-17 22:19:07 | traffic | [32mINFO[0m | get_traffic_flow:74 | Traffic status: smooth (current: 27 km/h, free flow: 27 km/h)
