2026-02-11 15:16:53 | weather | [31mERROR[0m | get_weather_by_coords:50 | Weather fetch failed: HTTPSConnectionPool(host='api.openweathermap.org', port=443): Max retries exceeded with url: /data/2.5/weather?lat=17.385&lon=78.4867&appid=ec0460708a63e6b4d155530d874ef808&units=metric (Caused by NameResolutionError("HTTPSConnection(host='api.openweathermap.org', port=443): Failed to resolve 'api.openweathermap.org' ([Errno 11001] getaddrinfo failed)"))
Traceback (most recent call last):
  File "C:\Users\chera\OneDrive\Desktop\projectbot1\venv\Lib\site-packages\urllib3\connection.py", line 204, in _new_conn
    sock = connection.create_connection(
        (self._dns_host, self.port),
    ...<2 lines>...
        socket_options=self.socket_options,
    )
  File "C:\Users\chera\OneDrive\Desktop\projectbot1\venv\Lib\site-packages\urllib3\util\connection.py", line 60, in create_connection
    for res in socket.getaddrinfo(host, port, family, socket.SOCK_STREAM):
               ~~~~~~~~~~~~~~~~~~^^^^^^^^^^^^^^^^^^^^^^^^^^^^^^^^^^^^^^^^
  File "C:\Users\chera\AppData\Local\Programs\Python\Python314\Lib\socket.py", line 983, in getaddrinfo
    for res in _socket.getaddrinfo(host, port, family, type, proto, flags):
               ~~~~~~~~~~~~~~~~~~~^^^^^^^^^^^^^^^^^^^^^^^^^^^^^^^^^^^^^^^^
socket.gaierror: [Errno 11001] getaddrinfo failed

The above exception was the direct cause of the following exception:

Traceback (most recent call last):
  File "C:\Users\chera\OneDrive\Desktop\projectbot1\venv\Lib\site-packages\urllib3\connectionpool.py", line 787, in urlopen
    response = self._make_request(
        conn,
    ...<10 lines>...
        **response_kw,
    )
  File "C:\Users\chera\OneDrive\Desktop\projectbot1\venv\Lib\site-packages\urllib3\connectionpool.py", line 488, in _make_request
    raise new_e
  File "C:\Users\chera\OneDrive\Desktop\projectbot1\venv\Lib\site-packages\urllib3\connectionpool.py", line 464, in _make_request
    self._validate_conn(conn)
    ~~~~~~~~~~~~~~~~~~~^^^^^^
  File "C:\Users\chera\OneDrive\Desktop\projectbot1\venv\Lib\site-packages\urllib3\connectionpool.py", line 1093, in _validate_conn
    conn.connect()
    ~~~~~~~~~~~~^^
  File "C:\Users\chera\OneDrive\Desktop\projectbot1\venv\Lib\site-packages\urllib3\connection.py", line 759, in connect
    self.sock = sock = self._new_conn()
                       ~~~~~~~~~~~~~~^^
  File "C:\Users\chera\OneDrive\Desktop\projectbot1\venv\Lib\site-packages\urllib3\connection.py", line 211, in _new_conn
    raise NameResolutionError(self.host, self, e) from e
urllib3.exceptions.NameResolutionError: HTTPSConnection(host='api.openweathermap.org', port=443): Failed to resolve 'api.openweathermap.org' ([Errno 11001] getaddrinfo failed)

The above exception was the direct cause of the following exception:

Traceback (most recent call last):
  File "C:\Users\chera\OneDrive\Desktop\projectbot1\venv\Lib\site-packages\requests\adapters.py", line 486, in send
    resp = conn.urlopen(
        method=request.method,
    ...<9 lines>...
        chunked=chunked,
    )
  File "C:\Users\chera\OneDrive\Desktop\projectbot1\venv\Lib\site-packages\urllib3\connectionpool.py", line 841, in urlopen
    retries = retries.increment(
        method, url, error=new_e, _pool=self, _stacktrace=sys.exc_info()[2]
    )
  File "C:\Users\chera\OneDrive\Desktop\projectbot1\venv\Lib\site-packages\urllib3\util\retry.py", line 535, in increment
    raise MaxRetryError(_pool, url, reason) from reason  # type: ignore[arg-type]
    ^^^^^^^^^^^^^^^^^^^^^^^^^^^^^^^^^^^^^^^^^^^^^^^^^^^
urllib3.exceptions.MaxRetryError: HTTPSConnectionPool(host='api.openweathermap.org', port=443): Max retries exceeded with url: /data/2.5/weather?lat=17.385&lon=78.4867&appid=ec0460708a63e6b4d155530d874ef808&units=metric (Caused by NameResolutionError("HTTPSConnection(host='api.openweathermap.org', port=443): Failed to resolve 'api.openweathermap.org' ([Errno 11001] getaddrinfo failed)"))

During handling of the above exception, another exception occurred:

Traceback (most recent call last):
  File "C:\Users\chera\OneDrive\Desktop\projectbot1\services\weatherapi.py", line 33, in get_weather_by_coords
    response = requests.get(url, timeout=config.api.WEATHER_TIMEOUT)
  File "C:\Users\chera\OneDrive\Desktop\projectbot1\venv\Lib\site-packages\requests\api.py", line 73, in get
    return request("get", url, params=params, **kwargs)
  File "C:\Users\chera\OneDrive\Desktop\projectbot1\venv\Lib\site-packages\requests\api.py", line 59, in request
    return session.request(method=method, url=url, **kwargs)
           ~~~~~~~~~~~~~~~^^^^^^^^^^^^^^^^^^^^^^^^^^^^^^^^^^
  File "C:\Users\chera\OneDrive\Desktop\projectbot1\venv\Lib\site-packages\requests\sessions.py", line 589, in request
    resp = self.send(prep, **send_kwargs)
  File "C:\Users\chera\OneDrive\Desktop\projectbot1\venv\Lib\site-packages\requests\sessions.py", line 703, in send
    r = adapter.send(request, **kwargs)
  File "C:\Users\chera\OneDrive\Desktop\projectbot1\venv\Lib\site-packages\requests\adapters.py", line 519, in send
    raise ConnectionError(e, request=request)
requests.exceptions.ConnectionError: HTTPSConnectionPool(host='api.openweathermap.org', port=443): Max retries exceeded with url: /data/2.5/weather?lat=17.385&lon=78.4867&appid=ec0460708a63e6b4d155530d874ef808&units=metric (Caused by NameResolutionError("HTTPSConnection(host='api.openweathermap.org', port=443): Failed to resolve 'api.openweathermap.org' ([Errno 11001] getaddrinfo failed)"))
2026-02-11 15:16:53 | weather | [31mERROR[0m | get_aqi_by_coords:252 | AQI fetch failed: HTTPSConnectionPool(host='api.openweathermap.org', port=443): Max retries exceeded with url: /data/2.5/air_pollution?lat=17.385&lon=78.4867&appid=ec0460708a63e6b4d155530d874ef808 (Caused by NameResolutionError("HTTPSConnection(host='api.openweathermap.org', port=443): Failed to resolve 'api.openweathermap.org' ([Errno 11001] getaddrinfo failed)"))
Traceback (most recent call last):
  File "C:\Users\chera\OneDrive\Desktop\projectbot1\venv\Lib\site-packages\urllib3\connection.py", line 204, in _new_conn
    sock = connection.create_connection(
        (self._dns_host, self.port),
    ...<2 lines>...
        socket_options=self.socket_options,
    )
  File "C:\Users\chera\OneDrive\Desktop\projectbot1\venv\Lib\site-packages\urllib3\util\connection.py", line 60, in create_connection
    for res in socket.getaddrinfo(host, port, family, socket.SOCK_STREAM):
               ~~~~~~~~~~~~~~~~~~^^^^^^^^^^^^^^^^^^^^^^^^^^^^^^^^^^^^^^^^
  File "C:\Users\chera\AppData\Local\Programs\Python\Python314\Lib\socket.py", line 983, in getaddrinfo
    for res in _socket.getaddrinfo(host, port, family, type, proto, flags):
               ~~~~~~~~~~~~~~~~~~~^^^^^^^^^^^^^^^^^^^^^^^^^^^^^^^^^^^^^^^^
socket.gaierror: [Errno 11001] getaddrinfo failed

The above exception was the direct cause of the following exception:

Traceback (most recent call last):
  File "C:\Users\chera\OneDrive\Desktop\projectbot1\venv\Lib\site-packages\urllib3\connectionpool.py", line 787, in urlopen
    response = self._make_request(
        conn,
    ...<10 lines>...
        **response_kw,
    )
  File "C:\Users\chera\OneDrive\Desktop\projectbot1\venv\Lib\site-packages\urllib3\connectionpool.py", line 488, in _make_request
    raise new_e
  File "C:\Users\chera\OneDrive\Desktop\projectbot1\venv\Lib\site-packages\urllib3\connectionpool.py", line 464, in _make_request
    self._validate_conn(conn)
    ~~~~~~~~~~~~~~~~~~~^^^^^^
  File "C:\Users\chera\OneDrive\Desktop\projectbot1\venv\Lib\site-packages\urllib3\connectionpool.py", line 1093, in _validate_conn
    conn.connect()
    ~~~~~~~~~~~~^^
  File "C:\Users\chera\OneDrive\Desktop\projectbot1\venv\Lib\site-packages\urllib3\connection.py", line 759, in connect
    self.sock = sock = self._new_conn()
                       ~~~~~~~~~~~~~~^^
  File "C:\Users\chera\OneDrive\Desktop\projectbot1\venv\Lib\site-packages\urllib3\connection.py", line 211, in _new_conn
    raise NameResolutionError(self.host, self, e) from e
urllib3.exceptions.NameResolutionError: HTTPSConnection(host='api.openweathermap.org', port=443): Failed to resolve 'api.openweathermap.org' ([Errno 11001] getaddrinfo failed)

The above exception was the direct cause of the following exception:

Traceback (most recent call last):
  File "C:\Users\chera\OneDrive\Desktop\projectbot1\venv\Lib\site-packages\requests\adapters.py", line 486, in send
    resp = conn.urlopen(
        method=request.method,
    ...<9 lines>...
        chunked=chunked,
    )
  File "C:\Users\chera\OneDrive\Desktop\projectbot1\venv\Lib\site-packages\urllib3\connectionpool.py", line 841, in urlopen
    retries = retries.increment(
        method, url, error=new_e, _pool=self, _stacktrace=sys.exc_info()[2]
    )
  File "C:\Users\chera\OneDrive\Desktop\projectbot1\venv\Lib\site-packages\urllib3\util\retry.py", line 535, in increment
    raise MaxRetryError(_pool, url, reason) from reason  # type: ignore[arg-type]
    ^^^^^^^^^^^^^^^^^^^^^^^^^^^^^^^^^^^^^^^^^^^^^^^^^^^
urllib3.exceptions.MaxRetryError: HTTPSConnectionPool(host='api.openweathermap.org', port=443): Max retries exceeded with url: /data/2.5/air_pollution?lat=17.385&lon=78.4867&appid=ec0460708a63e6b4d155530d874ef808 (Caused by NameResolutionError("HTTPSConnection(host='api.openweathermap.org', port=443): Failed to resolve 'api.openweathermap.org' ([Errno 11001] getaddrinfo failed)"))

During handling of the above exception, another exception occurred:

Traceback (most recent call last):
  File "C:\Users\chera\OneDrive\Desktop\projectbot1\services\weatherapi.py", line 236, in get_aqi_by_coords
    response = requests.get(url, timeout=config.api.WEATHER_TIMEOUT)
  File "C:\Users\chera\OneDrive\Desktop\projectbot1\venv\Lib\site-packages\requests\api.py", line 73, in get
    return request("get", url, params=params, **kwargs)
  File "C:\Users\chera\OneDrive\Desktop\projectbot1\venv\Lib\site-packages\requests\api.py", line 59, in request
    return session.request(method=method, url=url, **kwargs)
           ~~~~~~~~~~~~~~~^^^^^^^^^^^^^^^^^^^^^^^^^^^^^^^^^^
  File "C:\Users\chera\OneDrive\Desktop\projectbot1\venv\Lib\site-packages\requests\sessions.py", line 589, in request
    resp = self.send(prep, **send_kwargs)
  File "C:\Users\chera\OneDrive\Desktop\projectbot1\venv\Lib\site-packages\requests\sessions.py", line 703, in send
    r = adapter.send(request, **kwargs)
  File "C:\Users\chera\OneDrive\Desktop\projectbot1\venv\Lib\site-packages\requests\adapters.py", line 519, in send
    raise ConnectionError(e, request=request)
requests.exceptions.ConnectionError: HTTPSConnectionPool(host='api.openweathermap.org', port=443): Max retries exceeded with url: /data/2.5/air_pollution?lat=17.385&lon=78.4867&appid=ec0460708a63e6b4d155530d874ef808 (Caused by NameResolutionError("HTTPSConnection(host='api.openweathermap.org', port=443): Failed to resolve 'api.openweathermap.org' ([Errno 11001] getaddrinfo failed)"))
2026-02-11 15:19:01 | weather | [32mINFO[0m | get_weather_by_coords:40 | Weather: 28.3Â°C, Haze
2026-02-11 15:19:02 | weather | [32mINFO[0m | get_aqi_by_coords:242 | AQI fetched: 3
2026-02-11 15:19:04 | weather | [32mINFO[0m | get_forecast_by_coords:96 | Forecast fetched: 40 data points
2026-02-11 15:44:06 | weather | [32mINFO[0m | get_weather_by_coords:40 | Weather: 27.23Â°C, Haze
2026-02-11 15:44:07 | weather | [32mINFO[0m | get_aqi_by_coords:242 | AQI fetched: 4
2026-02-11 16:42:41 | weather | [32mINFO[0m | get_weather_by_coords:40 | Weather: 28.23Â°C, Haze
2026-02-11 16:42:42 | weather | [32mINFO[0m | get_aqi_by_coords:242 | AQI fetched: 4
2026-02-11 16:58:49 | weather | [32mINFO[0m | get_weather_by_coords:40 | Weather: 27.23Â°C, Haze
2026-02-11 16:58:50 | weather | [32mINFO[0m | get_aqi_by_coords:242 | AQI fetched: 4
2026-02-11 17:08:52 | weather | [32mINFO[0m | get_weather_by_coords:40 | Weather: 27.23Â°C, Haze
2026-02-11 17:08:53 | weather | [32mINFO[0m | get_aqi_by_coords:242 | AQI fetched: 4
2026-02-12 11:59:09 | weather | [32mINFO[0m | get_weather_by_coords:40 | Weather: 26.21Â°C, Haze
2026-02-12 11:59:10 | weather | [32mINFO[0m | get_aqi_by_coords:242 | AQI fetched: 4
2026-02-12 13:29:43 | weather | [32mINFO[0m | get_weather_by_coords:40 | Weather: 28.23Â°C, Haze
2026-02-12 13:29:44 | weather | [32mINFO[0m | get_aqi_by_coords:242 | AQI fetched: 4
2026-02-13 09:16:28 | weather | [32mINFO[0m | get_weather_by_coords:40 | Weather: 23.17Â°C, Haze
2026-02-13 09:16:30 | weather | [32mINFO[0m | get_aqi_by_coords:242 | AQI fetched: 4
2026-02-13 09:18:28 | weather | [32mINFO[0m | get_weather_by_coords:40 | Weather: 23.17Â°C, Haze
2026-02-13 09:18:29 | weather | [32mINFO[0m | get_aqi_by_coords:242 | AQI fetched: 4
2026-02-13 09:31:11 | weather | [32mINFO[0m | get_weather_by_coords:40 | Weather: 23.23Â°C, Haze
2026-02-13 09:31:12 | weather | [32mINFO[0m | get_aqi_by_coords:242 | AQI fetched: 4
2026-02-13 09:52:33 | weather | [32mINFO[0m | get_weather_by_coords:40 | Weather: 24.23Â°C, Haze
2026-02-13 09:52:39 | weather | [32mINFO[0m | get_aqi_by_coords:242 | AQI fetched: 4
2026-02-13 09:57:15 | weather | [32mINFO[0m | get_weather_by_coords:40 | Weather: 24.23Â°C, Haze
2026-02-13 09:57:16 | weather | [32mINFO[0m | get_aqi_by_coords:242 | AQI fetched: 4
2026-02-13 10:12:10 | weather | [32mINFO[0m | get_weather_by_coords:40 | Weather: 25.21Â°C, Haze
2026-02-13 10:12:11 | weather | [32mINFO[0m | get_aqi_by_coords:242 | AQI fetched: 4
2026-02-13 10:34:39 | weather | [32mINFO[0m | get_weather_by_coords:40 | Weather: 25.25Â°C, Haze
2026-02-13 10:34:41 | weather | [32mINFO[0m | get_aqi_by_coords:242 | AQI fetched: 4
