2026-02-11 15:16:53 | weather | [31mERROR[0m | get_weather_by_coords:50 | Weather fetch failed: HTTPSConnectionPool(host='api.openweathermap.org', port=443): Max retries exceeded with url: /data/2.5/weather?lat=17.385&lon=78.4867&appid=ec0460708a63e6b4d155530d874ef808&units=metric (Caused by NameResolutionError("HTTPSConnection(host='api.openweathermap.org', port=443): Failed to resolve 'api.openweathermap.org' ([Errno 11001] getaddrinfo failed)"))
Traceback (most recent call last):
  File "C:\Users\chera\OneDrive\Desktop\projectbot1\venv\Lib\site-packages\urllib3\connection.py", line 204, in _new_conn
    sock = connection.create_connection(
        (self._dns_host, self.port),
    ...<2 lines>...
        socket_options=self.socket_options,
    )
  File "C:\Users\chera\OneDrive\Desktop\projectbot1\venv\Lib\site-packages\urllib3\util\connection.py", line 60, in create_connection
    for res in socket.getaddrinfo(host, port, family, socket.SOCK_STREAM):
               ~~~~~~~~~~~~~~~~~~^^^^^^^^^^^^^^^^^^^^^^^^^^^^^^^^^^^^^^^^
  File "C:\Users\chera\AppData\Local\Programs\Python\Python314\Lib\socket.py", line 983, in getaddrinfo
    for res in _socket.getaddrinfo(host, port, family, type, proto, flags):
               ~~~~~~~~~~~~~~~~~~~^^^^^^^^^^^^^^^^^^^^^^^^^^^^^^^^^^^^^^^^
socket.gaierror: [Errno 11001] getaddrinfo failed

The above exception was the direct cause of the following exception:

Traceback (most recent call last):
  File "C:\Users\chera\OneDrive\Desktop\projectbot1\venv\Lib\site-packages\urllib3\connectionpool.py", line 787, in urlopen
    response = self._make_request(
        conn,
    ...<10 lines>...
        **response_kw,
    )
  File "C:\Users\chera\OneDrive\Desktop\projectbot1\venv\Lib\site-packages\urllib3\connectionpool.py", line 488, in _make_request
    raise new_e
  File "C:\Users\chera\OneDrive\Desktop\projectbot1\venv\Lib\site-packages\urllib3\connectionpool.py", line 464, in _make_request
    self._validate_conn(conn)
    ~~~~~~~~~~~~~~~~~~~^^^^^^
  File "C:\Users\chera\OneDrive\Desktop\projectbot1\venv\Lib\site-packages\urllib3\connectionpool.py", line 1093, in _validate_conn
    conn.connect()
    ~~~~~~~~~~~~^^
  File "C:\Users\chera\OneDrive\Desktop\projectbot1\venv\Lib\site-packages\urllib3\connection.py", line 759, in connect
    self.sock = sock = self._new_conn()
                       ~~~~~~~~~~~~~~^^
  File "C:\Users\chera\OneDrive\Desktop\projectbot1\venv\Lib\site-packages\urllib3\connection.py", line 211, in _new_conn
    raise NameResolutionError(self.host, self, e) from e
urllib3.exceptions.NameResolutionError: HTTPSConnection(host='api.openweathermap.org', port=443): Failed to resolve 'api.openweathermap.org' ([Errno 11001] getaddrinfo failed)

The above exception was the direct cause of the following exception:

Traceback (most recent call last):
  File "C:\Users\chera\OneDrive\Desktop\projectbot1\venv\Lib\site-packages\requests\adapters.py", line 486, in send
    resp = conn.urlopen(
        method=request.method,
    ...<9 lines>...
        chunked=chunked,
    )
  File "C:\Users\chera\OneDrive\Desktop\projectbot1\venv\Lib\site-packages\urllib3\connectionpool.py", line 841, in urlopen
    retries = retries.increment(
        method, url, error=new_e, _pool=self, _stacktrace=sys.exc_info()[2]
    )
  File "C:\Users\chera\OneDrive\Desktop\projectbot1\venv\Lib\site-packages\urllib3\util\retry.py", line 535, in increment
    raise MaxRetryError(_pool, url, reason) from reason  # type: ignore[arg-type]
    ^^^^^^^^^^^^^^^^^^^^^^^^^^^^^^^^^^^^^^^^^^^^^^^^^^^
urllib3.exceptions.MaxRetryError: HTTPSConnectionPool(host='api.openweathermap.org', port=443): Max retries exceeded with url: /data/2.5/weather?lat=17.385&lon=78.4867&appid=ec0460708a63e6b4d155530d874ef808&units=metric (Caused by NameResolutionError("HTTPSConnection(host='api.openweathermap.org', port=443): Failed to resolve 'api.openweathermap.org' ([Errno 11001] getaddrinfo failed)"))

During handling of the above exception, another exception occurred:

Traceback (most recent call last):
  File "C:\Users\chera\OneDrive\Desktop\projectbot1\services\weatherapi.py", line 33, in get_weather_by_coords
    response = requests.get(url, timeout=config.api.WEATHER_TIMEOUT)
  File "C:\Users\chera\OneDrive\Desktop\projectbot1\venv\Lib\site-packages\requests\api.py", line 73, in get
    return request("get", url, params=params, **kwargs)
  File "C:\Users\chera\OneDrive\Desktop\projectbot1\venv\Lib\site-packages\requests\api.py", line 59, in request
    return session.request(method=method, url=url, **kwargs)
           ~~~~~~~~~~~~~~~^^^^^^^^^^^^^^^^^^^^^^^^^^^^^^^^^^
  File "C:\Users\chera\OneDrive\Desktop\projectbot1\venv\Lib\site-packages\requests\sessions.py", line 589, in request
    resp = self.send(prep, **send_kwargs)
  File "C:\Users\chera\OneDrive\Desktop\projectbot1\venv\Lib\site-packages\requests\sessions.py", line 703, in send
    r = adapter.send(request, **kwargs)
  File "C:\Users\chera\OneDrive\Desktop\projectbot1\venv\Lib\site-packages\requests\adapters.py", line 519, in send
    raise ConnectionError(e, request=request)
requests.exceptions.ConnectionError: HTTPSConnectionPool(host='api.openweathermap.org', port=443): Max retries exceeded with url: /data/2.5/weather?lat=17.385&lon=78.4867&appid=ec0460708a63e6b4d155530d874ef808&units=metric (Caused by NameResolutionError("HTTPSConnection(host='api.openweathermap.org', port=443): Failed to resolve 'api.openweathermap.org' ([Errno 11001] getaddrinfo failed)"))
2026-02-11 15:16:53 | weather | [31mERROR[0m | get_aqi_by_coords:252 | AQI fetch failed: HTTPSConnectionPool(host='api.openweathermap.org', port=443): Max retries exceeded with url: /data/2.5/air_pollution?lat=17.385&lon=78.4867&appid=ec0460708a63e6b4d155530d874ef808 (Caused by NameResolutionError("HTTPSConnection(host='api.openweathermap.org', port=443): Failed to resolve 'api.openweathermap.org' ([Errno 11001] getaddrinfo failed)"))
Traceback (most recent call last):
  File "C:\Users\chera\OneDrive\Desktop\projectbot1\venv\Lib\site-packages\urllib3\connection.py", line 204, in _new_conn
    sock = connection.create_connection(
        (self._dns_host, self.port),
    ...<2 lines>...
        socket_options=self.socket_options,
    )
  File "C:\Users\chera\OneDrive\Desktop\projectbot1\venv\Lib\site-packages\urllib3\util\connection.py", line 60, in create_connection
    for res in socket.getaddrinfo(host, port, family, socket.SOCK_STREAM):
               ~~~~~~~~~~~~~~~~~~^^^^^^^^^^^^^^^^^^^^^^^^^^^^^^^^^^^^^^^^
  File "C:\Users\chera\AppData\Local\Programs\Python\Python314\Lib\socket.py", line 983, in getaddrinfo
    for res in _socket.getaddrinfo(host, port, family, type, proto, flags):
               ~~~~~~~~~~~~~~~~~~~^^^^^^^^^^^^^^^^^^^^^^^^^^^^^^^^^^^^^^^^
socket.gaierror: [Errno 11001] getaddrinfo failed

The above exception was the direct cause of the following exception:

Traceback (most recent call last):
  File "C:\Users\chera\OneDrive\Desktop\projectbot1\venv\Lib\site-packages\urllib3\connectionpool.py", line 787, in urlopen
    response = self._make_request(
        conn,
    ...<10 lines>...
        **response_kw,
    )
  File "C:\Users\chera\OneDrive\Desktop\projectbot1\venv\Lib\site-packages\urllib3\connectionpool.py", line 488, in _make_request
    raise new_e
  File "C:\Users\chera\OneDrive\Desktop\projectbot1\venv\Lib\site-packages\urllib3\connectionpool.py", line 464, in _make_request
    self._validate_conn(conn)
    ~~~~~~~~~~~~~~~~~~~^^^^^^
  File "C:\Users\chera\OneDrive\Desktop\projectbot1\venv\Lib\site-packages\urllib3\connectionpool.py", line 1093, in _validate_conn
    conn.connect()
    ~~~~~~~~~~~~^^
  File "C:\Users\chera\OneDrive\Desktop\projectbot1\venv\Lib\site-packages\urllib3\connection.py", line 759, in connect
    self.sock = sock = self._new_conn()
                       ~~~~~~~~~~~~~~^^
  File "C:\Users\chera\OneDrive\Desktop\projectbot1\venv\Lib\site-packages\urllib3\connection.py", line 211, in _new_conn
    raise NameResolutionError(self.host, self, e) from e
urllib3.exceptions.NameResolutionError: HTTPSConnection(host='api.openweathermap.org', port=443): Failed to resolve 'api.openweathermap.org' ([Errno 11001] getaddrinfo failed)

The above exception was the direct cause of the following exception:

Traceback (most recent call last):
  File "C:\Users\chera\OneDrive\Desktop\projectbot1\venv\Lib\site-packages\requests\adapters.py", line 486, in send
    resp = conn.urlopen(
        method=request.method,
    ...<9 lines>...
        chunked=chunked,
    )
  File "C:\Users\chera\OneDrive\Desktop\projectbot1\venv\Lib\site-packages\urllib3\connectionpool.py", line 841, in urlopen
    retries = retries.increment(
        method, url, error=new_e, _pool=self, _stacktrace=sys.exc_info()[2]
    )
  File "C:\Users\chera\OneDrive\Desktop\projectbot1\venv\Lib\site-packages\urllib3\util\retry.py", line 535, in increment
    raise MaxRetryError(_pool, url, reason) from reason  # type: ignore[arg-type]
    ^^^^^^^^^^^^^^^^^^^^^^^^^^^^^^^^^^^^^^^^^^^^^^^^^^^
urllib3.exceptions.MaxRetryError: HTTPSConnectionPool(host='api.openweathermap.org', port=443): Max retries exceeded with url: /data/2.5/air_pollution?lat=17.385&lon=78.4867&appid=ec0460708a63e6b4d155530d874ef808 (Caused by NameResolutionError("HTTPSConnection(host='api.openweathermap.org', port=443): Failed to resolve 'api.openweathermap.org' ([Errno 11001] getaddrinfo failed)"))

During handling of the above exception, another exception occurred:

Traceback (most recent call last):
  File "C:\Users\chera\OneDrive\Desktop\projectbot1\services\weatherapi.py", line 236, in get_aqi_by_coords
    response = requests.get(url, timeout=config.api.WEATHER_TIMEOUT)
  File "C:\Users\chera\OneDrive\Desktop\projectbot1\venv\Lib\site-packages\requests\api.py", line 73, in get
    return request("get", url, params=params, **kwargs)
  File "C:\Users\chera\OneDrive\Desktop\projectbot1\venv\Lib\site-packages\requests\api.py", line 59, in request
    return session.request(method=method, url=url, **kwargs)
           ~~~~~~~~~~~~~~~^^^^^^^^^^^^^^^^^^^^^^^^^^^^^^^^^^
  File "C:\Users\chera\OneDrive\Desktop\projectbot1\venv\Lib\site-packages\requests\sessions.py", line 589, in request
    resp = self.send(prep, **send_kwargs)
  File "C:\Users\chera\OneDrive\Desktop\projectbot1\venv\Lib\site-packages\requests\sessions.py", line 703, in send
    r = adapter.send(request, **kwargs)
  File "C:\Users\chera\OneDrive\Desktop\projectbot1\venv\Lib\site-packages\requests\adapters.py", line 519, in send
    raise ConnectionError(e, request=request)
requests.exceptions.ConnectionError: HTTPSConnectionPool(host='api.openweathermap.org', port=443): Max retries exceeded with url: /data/2.5/air_pollution?lat=17.385&lon=78.4867&appid=ec0460708a63e6b4d155530d874ef808 (Caused by NameResolutionError("HTTPSConnection(host='api.openweathermap.org', port=443): Failed to resolve 'api.openweathermap.org' ([Errno 11001] getaddrinfo failed)"))
2026-02-11 15:19:01 | weather | [32mINFO[0m | get_weather_by_coords:40 | Weather: 28.3Â°C, Haze
2026-02-11 15:19:02 | weather | [32mINFO[0m | get_aqi_by_coords:242 | AQI fetched: 3
2026-02-11 15:19:04 | weather | [32mINFO[0m | get_forecast_by_coords:96 | Forecast fetched: 40 data points
2026-02-11 15:44:06 | weather | [32mINFO[0m | get_weather_by_coords:40 | Weather: 27.23Â°C, Haze
2026-02-11 15:44:07 | weather | [32mINFO[0m | get_aqi_by_coords:242 | AQI fetched: 4
2026-02-11 16:42:41 | weather | [32mINFO[0m | get_weather_by_coords:40 | Weather: 28.23Â°C, Haze
2026-02-11 16:42:42 | weather | [32mINFO[0m | get_aqi_by_coords:242 | AQI fetched: 4
2026-02-11 16:58:49 | weather | [32mINFO[0m | get_weather_by_coords:40 | Weather: 27.23Â°C, Haze
2026-02-11 16:58:50 | weather | [32mINFO[0m | get_aqi_by_coords:242 | AQI fetched: 4
2026-02-11 17:08:52 | weather | [32mINFO[0m | get_weather_by_coords:40 | Weather: 27.23Â°C, Haze
2026-02-11 17:08:53 | weather | [32mINFO[0m | get_aqi_by_coords:242 | AQI fetched: 4
2026-02-12 11:59:09 | weather | [32mINFO[0m | get_weather_by_coords:40 | Weather: 26.21Â°C, Haze
2026-02-12 11:59:10 | weather | [32mINFO[0m | get_aqi_by_coords:242 | AQI fetched: 4
2026-02-12 13:29:43 | weather | [32mINFO[0m | get_weather_by_coords:40 | Weather: 28.23Â°C, Haze
2026-02-12 13:29:44 | weather | [32mINFO[0m | get_aqi_by_coords:242 | AQI fetched: 4
2026-02-13 09:16:28 | weather | [32mINFO[0m | get_weather_by_coords:40 | Weather: 23.17Â°C, Haze
2026-02-13 09:16:30 | weather | [32mINFO[0m | get_aqi_by_coords:242 | AQI fetched: 4
2026-02-13 09:18:28 | weather | [32mINFO[0m | get_weather_by_coords:40 | Weather: 23.17Â°C, Haze
2026-02-13 09:18:29 | weather | [32mINFO[0m | get_aqi_by_coords:242 | AQI fetched: 4
2026-02-13 09:31:11 | weather | [32mINFO[0m | get_weather_by_coords:40 | Weather: 23.23Â°C, Haze
2026-02-13 09:31:12 | weather | [32mINFO[0m | get_aqi_by_coords:242 | AQI fetched: 4
2026-02-13 09:52:33 | weather | [32mINFO[0m | get_weather_by_coords:40 | Weather: 24.23Â°C, Haze
2026-02-13 09:52:39 | weather | [32mINFO[0m | get_aqi_by_coords:242 | AQI fetched: 4
2026-02-13 09:57:15 | weather | [32mINFO[0m | get_weather_by_coords:40 | Weather: 24.23Â°C, Haze
2026-02-13 09:57:16 | weather | [32mINFO[0m | get_aqi_by_coords:242 | AQI fetched: 4
2026-02-13 10:12:10 | weather | [32mINFO[0m | get_weather_by_coords:40 | Weather: 25.21Â°C, Haze
2026-02-13 10:12:11 | weather | [32mINFO[0m | get_aqi_by_coords:242 | AQI fetched: 4
2026-02-13 10:34:39 | weather | [32mINFO[0m | get_weather_by_coords:40 | Weather: 25.25Â°C, Haze
2026-02-13 10:34:41 | weather | [32mINFO[0m | get_aqi_by_coords:242 | AQI fetched: 4
2026-02-14 11:49:26 | weather | [32mINFO[0m | get_weather_by_coords:40 | Weather: 28.23Â°C, Haze
2026-02-14 11:49:28 | weather | [32mINFO[0m | get_aqi_by_coords:242 | AQI fetched: 4
2026-02-14 11:59:32 | weather | [32mINFO[0m | get_weather_by_coords:40 | Weather: 28.25Â°C, Haze
2026-02-14 11:59:33 | weather | [32mINFO[0m | get_aqi_by_coords:242 | AQI fetched: 4
2026-02-14 12:04:58 | weather | [32mINFO[0m | get_weather_by_coords:40 | Weather: 28.25Â°C, Haze
2026-02-14 12:04:59 | weather | [32mINFO[0m | get_aqi_by_coords:242 | AQI fetched: 4
2026-02-14 12:08:21 | weather | [32mINFO[0m | get_weather_by_coords:40 | Weather: 29.23Â°C, Haze
2026-02-14 12:08:21 | weather | [32mINFO[0m | get_aqi_by_coords:242 | AQI fetched: 4
2026-02-14 12:13:25 | weather | [32mINFO[0m | get_weather_by_coords:40 | Weather: 29.23Â°C, Haze
2026-02-14 12:13:26 | weather | [32mINFO[0m | get_aqi_by_coords:242 | AQI fetched: 4
2026-02-14 12:14:53 | weather | [32mINFO[0m | get_weather_by_coords:40 | Weather: 29.3Â°C, Haze
2026-02-14 12:14:54 | weather | [32mINFO[0m | get_aqi_by_coords:242 | AQI fetched: 4
2026-02-14 12:14:55 | weather | [32mINFO[0m | get_forecast_by_coords:96 | Forecast fetched: 40 data points
2026-02-14 12:19:31 | weather | [32mINFO[0m | get_weather_by_coords:40 | Weather: 29.23Â°C, Haze
2026-02-14 12:19:32 | weather | [32mINFO[0m | get_aqi_by_coords:242 | AQI fetched: 4
2026-02-15 13:55:40 | weather | [32mINFO[0m | get_weather_by_coords:40 | Weather: 31.21Â°C, Haze
2026-02-15 13:55:42 | weather | [32mINFO[0m | get_aqi_by_coords:242 | AQI fetched: 5
2026-02-15 14:14:07 | weather | [32mINFO[0m | get_weather_by_coords:40 | Weather: 31.21Â°C, Haze
2026-02-15 14:14:08 | weather | [32mINFO[0m | get_aqi_by_coords:242 | AQI fetched: 5
2026-02-15 15:04:12 | weather | [32mINFO[0m | get_weather_by_coords:40 | Weather: 21.23Â°C, Haze
2026-02-15 15:04:13 | weather | [32mINFO[0m | get_aqi_by_coords:242 | AQI fetched: 5
2026-02-15 20:44:49 | weather | [32mINFO[0m | get_weather_by_coords:40 | Weather: 26.23Â°C, Haze
2026-02-15 20:44:51 | weather | [32mINFO[0m | get_aqi_by_coords:242 | AQI fetched: 5
2026-02-16 12:26:29 | weather | [32mINFO[0m | get_weather_by_coords:40 | Weather: 29.23Â°C, Haze
2026-02-16 12:26:29 | weather | [32mINFO[0m | get_aqi_by_coords:242 | AQI fetched: 5
2026-02-16 12:29:02 | weather | [32mINFO[0m | get_weather_by_coords:40 | Weather: 29.15Â°C, Haze
2026-02-16 12:29:21 | weather | [32mINFO[0m | get_weather_by_coords:40 | Weather: 29.18Â°C, Haze
2026-02-16 12:53:36 | weather | [32mINFO[0m | get_weather_by_coords:40 | Weather: 29.23Â°C, Haze
2026-02-16 12:53:37 | weather | [32mINFO[0m | get_aqi_by_coords:242 | AQI fetched: 5
2026-02-16 12:53:39 | weather | [32mINFO[0m | get_weather_by_coords:40 | Weather: 29.18Â°C, Haze
2026-02-16 13:00:16 | weather | [32mINFO[0m | get_weather_by_coords:40 | Weather: 29.23Â°C, Haze
2026-02-16 13:00:16 | weather | [32mINFO[0m | get_aqi_by_coords:242 | AQI fetched: 5
2026-02-16 13:00:19 | weather | [32mINFO[0m | get_weather_by_coords:40 | Weather: 29.15Â°C, Haze
2026-02-16 13:00:21 | weather | [32mINFO[0m | get_weather_by_coords:40 | Weather: 29.18Â°C, Haze
2026-02-16 13:08:47 | weather | [32mINFO[0m | get_weather_by_coords:40 | Weather: 29.3Â°C, Clear
2026-02-16 13:59:40 | weather | [32mINFO[0m | get_weather_by_coords:40 | Weather: 31.23Â°C, Clear
2026-02-16 13:59:41 | weather | [32mINFO[0m | get_aqi_by_coords:242 | AQI fetched: 5
2026-02-16 13:59:42 | weather | [32mINFO[0m | get_weather_by_coords:40 | Weather: 31.15Â°C, Clear
2026-02-16 13:59:45 | weather | [32mINFO[0m | get_weather_by_coords:40 | Weather: 31.18Â°C, Clear
2026-02-16 15:19:27 | weather | [32mINFO[0m | get_weather_by_coords:40 | Weather: 30.23Â°C, Clear
2026-02-16 15:19:27 | weather | [32mINFO[0m | get_aqi_by_coords:242 | AQI fetched: 5
2026-02-16 15:19:30 | weather | [32mINFO[0m | get_weather_by_coords:40 | Weather: 30.14Â°C, Clear
2026-02-16 15:22:35 | weather | [32mINFO[0m | get_weather_by_coords:40 | Weather: 30.3Â°C, Clear
2026-02-16 19:31:55 | weather | [32mINFO[0m | get_weather_by_coords:40 | Weather: 27.23Â°C, Clear
2026-02-16 19:31:56 | weather | [32mINFO[0m | get_aqi_by_coords:242 | AQI fetched: 5
2026-02-16 19:31:59 | weather | [32mINFO[0m | get_weather_by_coords:40 | Weather: 27.15Â°C, Clear
2026-02-16 19:32:01 | weather | [32mINFO[0m | get_weather_by_coords:40 | Weather: 27.27Â°C, Clear
2026-02-16 19:57:52 | weather | [32mINFO[0m | get_weather_by_coords:40 | Weather: 26.23Â°C, Clear
2026-02-16 19:57:52 | weather | [32mINFO[0m | get_aqi_by_coords:242 | AQI fetched: 5
2026-02-16 19:57:55 | weather | [32mINFO[0m | get_weather_by_coords:40 | Weather: 26.3Â°C, Clear
2026-02-16 19:58:04 | weather | [32mINFO[0m | get_weather_by_coords:40 | Weather: 26.18Â°C, Clear
2026-02-16 20:31:37 | weather | [32mINFO[0m | get_weather_by_coords:40 | Weather: 26.23Â°C, Haze
2026-02-16 20:31:38 | weather | [32mINFO[0m | get_aqi_by_coords:242 | AQI fetched: 5
2026-02-16 20:31:42 | weather | [32mINFO[0m | get_weather_by_coords:40 | Weather: 26.15Â°C, Haze
2026-02-16 20:31:44 | weather | [32mINFO[0m | get_weather_by_coords:40 | Weather: 26.18Â°C, Haze
2026-02-16 20:57:59 | weather | [32mINFO[0m | get_weather_by_coords:40 | Weather: 26.21Â°C, Haze
2026-02-16 20:58:00 | weather | [32mINFO[0m | get_aqi_by_coords:242 | AQI fetched: 5
2026-02-16 20:58:02 | weather | [32mINFO[0m | get_weather_by_coords:40 | Weather: 26.15Â°C, Haze
2026-02-16 20:58:05 | weather | [32mINFO[0m | get_weather_by_coords:40 | Weather: 26.18Â°C, Haze
2026-02-16 21:46:36 | weather | [32mINFO[0m | get_weather_by_coords:40 | Weather: 25.23Â°C, Haze
2026-02-16 21:46:41 | weather | [32mINFO[0m | get_aqi_by_coords:242 | AQI fetched: 5
2026-02-16 21:46:43 | weather | [32mINFO[0m | get_weather_by_coords:40 | Weather: 25.18Â°C, Haze
2026-02-16 21:47:23 | weather | [32mINFO[0m | get_weather_by_coords:40 | Weather: 25.15Â°C, Haze
2026-02-17 14:54:10 | weather | [32mINFO[0m | get_weather_by_coords:40 | Weather: 29.21Â°C, Clear
2026-02-17 14:54:12 | weather | [32mINFO[0m | get_aqi_by_coords:242 | AQI fetched: 5
2026-02-17 14:54:14 | weather | [32mINFO[0m | get_weather_by_coords:40 | Weather: 29.15Â°C, Clear
2026-02-17 14:54:15 | weather | [32mINFO[0m | get_weather_by_coords:40 | Weather: 29.18Â°C, Clear
2026-02-17 15:02:48 | weather | [32mINFO[0m | get_weather_by_coords:40 | Weather: 29.23Â°C, Clear
2026-02-17 15:02:48 | weather | [32mINFO[0m | get_aqi_by_coords:242 | AQI fetched: 5
2026-02-17 15:02:51 | weather | [32mINFO[0m | get_weather_by_coords:40 | Weather: 29.15Â°C, Clear
2026-02-17 15:02:51 | weather | [32mINFO[0m | get_weather_by_coords:40 | Weather: 29.18Â°C, Clear
2026-02-17 15:18:24 | weather | [32mINFO[0m | get_weather_by_coords:40 | Weather: 29.23Â°C, Clear
2026-02-17 15:18:25 | weather | [32mINFO[0m | get_aqi_by_coords:242 | AQI fetched: 5
2026-02-17 15:18:28 | weather | [32mINFO[0m | get_weather_by_coords:40 | Weather: 29.15Â°C, Clear
2026-02-17 15:18:29 | weather | [32mINFO[0m | get_weather_by_coords:40 | Weather: 29.2Â°C, Clear
2026-02-17 15:28:26 | weather | [32mINFO[0m | get_weather_by_coords:40 | Weather: 29.23Â°C, Clear
2026-02-17 15:28:27 | weather | [32mINFO[0m | get_aqi_by_coords:242 | AQI fetched: 5
2026-02-17 15:28:35 | weather | [32mINFO[0m | get_weather_by_coords:40 | Weather: 29.15Â°C, Clear
2026-02-17 15:28:36 | weather | [32mINFO[0m | get_weather_by_coords:40 | Weather: 29.18Â°C, Clear
2026-02-17 15:37:24 | weather | [32mINFO[0m | get_weather_by_coords:40 | Weather: 29.23Â°C, Clear
2026-02-17 15:37:25 | weather | [32mINFO[0m | get_aqi_by_coords:242 | AQI fetched: 5
2026-02-17 15:44:43 | weather | [32mINFO[0m | get_weather_by_coords:40 | Weather: 29.23Â°C, Clear
2026-02-17 15:44:44 | weather | [32mINFO[0m | get_aqi_by_coords:242 | AQI fetched: 5
2026-02-17 16:10:42 | weather | [32mINFO[0m | get_weather_by_coords:40 | Weather: 29.23Â°C, Clear
2026-02-17 16:10:43 | weather | [32mINFO[0m | get_aqi_by_coords:242 | AQI fetched: 5
2026-02-17 16:20:34 | weather | [32mINFO[0m | get_weather_by_coords:40 | Weather: 29.15Â°C, Clear
2026-02-17 16:20:35 | weather | [32mINFO[0m | get_weather_by_coords:40 | Weather: 29.25Â°C, Clear
2026-02-17 16:20:44 | weather | [32mINFO[0m | get_weather_by_coords:40 | Weather: 29.23Â°C, Clear
2026-02-17 16:20:45 | weather | [32mINFO[0m | get_aqi_by_coords:242 | AQI fetched: 5
2026-02-17 16:35:12 | weather | [32mINFO[0m | get_weather_by_coords:40 | Weather: 29.23Â°C, Clear
2026-02-17 16:35:13 | weather | [32mINFO[0m | get_aqi_by_coords:242 | AQI fetched: 5
2026-02-17 16:35:15 | weather | [32mINFO[0m | get_weather_by_coords:40 | Weather: 29.15Â°C, Clear
2026-02-17 16:35:16 | weather | [32mINFO[0m | get_weather_by_coords:40 | Weather: 29.18Â°C, Clear
2026-02-17 16:45:19 | weather | [32mINFO[0m | get_weather_by_coords:40 | Weather: 29.23Â°C, Clear
2026-02-17 16:45:20 | weather | [32mINFO[0m | get_aqi_by_coords:242 | AQI fetched: 5
2026-02-17 16:45:25 | weather | [32mINFO[0m | get_weather_by_coords:40 | Weather: 29.18Â°C, Clear
2026-02-17 17:06:36 | weather | [32mINFO[0m | get_weather_by_coords:40 | Weather: 28.23Â°C, Clear
2026-02-17 17:06:36 | weather | [32mINFO[0m | get_aqi_by_coords:242 | AQI fetched: 5
2026-02-17 17:06:44 | weather | [32mINFO[0m | get_weather_by_coords:40 | Weather: 29.25Â°C, Clear
2026-02-17 17:07:26 | weather | [32mINFO[0m | get_weather_by_coords:40 | Weather: 29.15Â°C, Clear
2026-02-17 17:09:48 | weather | [32mINFO[0m | get_weather_by_coords:40 | Weather: 28.23Â°C, Clear
2026-02-17 17:09:49 | weather | [32mINFO[0m | get_aqi_by_coords:242 | AQI fetched: 5
2026-02-17 17:09:52 | weather | [32mINFO[0m | get_weather_by_coords:40 | Weather: 29.15Â°C, Clear
2026-02-17 17:09:53 | weather | [32mINFO[0m | get_weather_by_coords:40 | Weather: 28.18Â°C, Clear
2026-02-17 17:10:07 | weather | [32mINFO[0m | get_weather_by_coords:40 | Weather: 28.3Â°C, Clear
2026-02-17 17:10:09 | weather | [32mINFO[0m | get_aqi_by_coords:242 | AQI fetched: 5
2026-02-17 17:10:10 | weather | [32mINFO[0m | get_forecast_by_coords:96 | Forecast fetched: 40 data points
2026-02-17 17:10:40 | weather | [32mINFO[0m | get_forecast_by_coords:96 | Forecast fetched: 40 data points
2026-02-17 17:19:51 | weather | [32mINFO[0m | get_weather_by_coords:40 | Weather: 28.23Â°C, Clear
2026-02-17 17:19:52 | weather | [32mINFO[0m | get_aqi_by_coords:242 | AQI fetched: 5
2026-02-17 17:19:58 | weather | [32mINFO[0m | get_weather_by_coords:40 | Weather: 28.18Â°C, Clear
2026-02-17 17:21:36 | weather | [32mINFO[0m | get_weather_by_coords:40 | Weather: 28.3Â°C, Clear
2026-02-17 17:21:37 | weather | [32mINFO[0m | get_aqi_by_coords:242 | AQI fetched: 5
2026-02-17 17:24:52 | weather | [32mINFO[0m | get_weather_by_coords:40 | Weather: 28.15Â°C, Clear
2026-02-17 17:35:03 | weather | [32mINFO[0m | get_weather_by_coords:40 | Weather: 28.23Â°C, Clear
2026-02-17 17:35:04 | weather | [32mINFO[0m | get_aqi_by_coords:242 | AQI fetched: 5
2026-02-17 17:35:06 | weather | [32mINFO[0m | get_weather_by_coords:40 | Weather: 28.15Â°C, Clear
2026-02-17 17:35:06 | weather | [32mINFO[0m | get_weather_by_coords:40 | Weather: 28.18Â°C, Clear
2026-02-17 17:42:38 | weather | [32mINFO[0m | get_weather_by_coords:40 | Weather: 28.3Â°C, Clear
2026-02-17 17:42:39 | weather | [32mINFO[0m | get_aqi_by_coords:242 | AQI fetched: 5
2026-02-17 17:52:57 | weather | [32mINFO[0m | get_weather_by_coords:40 | Weather: 28.23Â°C, Clear
2026-02-17 17:52:58 | weather | [32mINFO[0m | get_aqi_by_coords:242 | AQI fetched: 5
2026-02-17 17:53:00 | weather | [32mINFO[0m | get_weather_by_coords:40 | Weather: 28.15Â°C, Clear
2026-02-17 17:53:01 | weather | [32mINFO[0m | get_weather_by_coords:40 | Weather: 28.18Â°C, Clear
2026-02-17 18:02:08 | weather | [32mINFO[0m | get_weather_by_coords:40 | Weather: 28.23Â°C, Clear
2026-02-17 18:02:09 | weather | [32mINFO[0m | get_aqi_by_coords:242 | AQI fetched: 5
2026-02-17 18:02:12 | weather | [32mINFO[0m | get_weather_by_coords:40 | Weather: 28.15Â°C, Clear
2026-02-17 18:02:13 | weather | [32mINFO[0m | get_weather_by_coords:40 | Weather: 28.18Â°C, Clear
2026-02-17 18:19:41 | weather | [32mINFO[0m | get_weather_by_coords:40 | Weather: 27.17Â°C, Clear
2026-02-17 18:19:45 | weather | [32mINFO[0m | get_aqi_by_coords:242 | AQI fetched: 5
2026-02-17 18:19:48 | weather | [32mINFO[0m | get_weather_by_coords:40 | Weather: 27.2Â°C, Clear
2026-02-17 18:21:32 | weather | [32mINFO[0m | get_weather_by_coords:40 | Weather: 27.15Â°C, Clear
2026-02-17 18:42:32 | weather | [32mINFO[0m | get_weather_by_coords:40 | Weather: 27.23Â°C, Clear
2026-02-17 18:42:35 | weather | [32mINFO[0m | get_aqi_by_coords:242 | AQI fetched: 5
2026-02-17 18:42:38 | weather | [32mINFO[0m | get_weather_by_coords:40 | Weather: 27.25Â°C, Clear
2026-02-17 18:43:58 | weather | [32mINFO[0m | get_weather_by_coords:40 | Weather: 27.15Â°C, Clear
2026-02-17 18:50:33 | weather | [32mINFO[0m | get_weather_by_coords:40 | Weather: 27.21Â°C, Clear
2026-02-17 18:50:34 | weather | [32mINFO[0m | get_aqi_by_coords:242 | AQI fetched: 5
2026-02-17 18:50:36 | weather | [32mINFO[0m | get_weather_by_coords:40 | Weather: 27.15Â°C, Clear
2026-02-17 18:50:37 | weather | [32mINFO[0m | get_weather_by_coords:40 | Weather: 27.18Â°C, Clear
2026-02-17 19:02:54 | weather | [32mINFO[0m | get_weather_by_coords:40 | Weather: 27.23Â°C, Clear
2026-02-17 19:02:55 | weather | [32mINFO[0m | get_aqi_by_coords:242 | AQI fetched: 5
2026-02-17 19:02:57 | weather | [32mINFO[0m | get_weather_by_coords:40 | Weather: 27.18Â°C, Clear
2026-02-17 19:14:32 | weather | [32mINFO[0m | get_weather_by_coords:40 | Weather: 26.21Â°C, Clear
2026-02-17 19:14:33 | weather | [32mINFO[0m | get_aqi_by_coords:242 | AQI fetched: 5
2026-02-17 19:14:36 | weather | [32mINFO[0m | get_weather_by_coords:40 | Weather: 26.18Â°C, Clear
2026-02-17 19:14:43 | weather | [32mINFO[0m | get_weather_by_coords:40 | Weather: 26.15Â°C, Clear
2026-02-17 19:26:12 | weather | [32mINFO[0m | get_weather_by_coords:40 | Weather: 26.23Â°C, Clear
2026-02-17 19:26:13 | weather | [32mINFO[0m | get_aqi_by_coords:242 | AQI fetched: 5
2026-02-17 19:26:15 | weather | [32mINFO[0m | get_weather_by_coords:40 | Weather: 26.15Â°C, Clear
2026-02-17 19:26:16 | weather | [32mINFO[0m | get_weather_by_coords:40 | Weather: 26.18Â°C, Clear
2026-02-17 19:37:25 | weather | [32mINFO[0m | get_weather_by_coords:40 | Weather: 26.23Â°C, Clear
2026-02-17 19:37:27 | weather | [32mINFO[0m | get_aqi_by_coords:242 | AQI fetched: 5
2026-02-17 19:37:32 | weather | [32mINFO[0m | get_weather_by_coords:40 | Weather: 26.18Â°C, Clear
2026-02-17 19:42:10 | weather | [32mINFO[0m | get_weather_by_coords:40 | Weather: 26.15Â°C, Clear
2026-02-17 19:47:35 | weather | [32mINFO[0m | get_weather_by_coords:40 | Weather: 26.23Â°C, Clear
2026-02-17 19:47:36 | weather | [32mINFO[0m | get_aqi_by_coords:242 | AQI fetched: 5
2026-02-17 19:47:39 | weather | [32mINFO[0m | get_weather_by_coords:40 | Weather: 26.18Â°C, Clear
2026-02-17 19:55:17 | weather | [32mINFO[0m | get_weather_by_coords:40 | Weather: 26.15Â°C, Clear
2026-02-17 20:02:51 | weather | [32mINFO[0m | get_weather_by_coords:40 | Weather: 26.21Â°C, Clear
2026-02-17 20:02:52 | weather | [32mINFO[0m | get_aqi_by_coords:242 | AQI fetched: 5
2026-02-17 20:02:54 | weather | [32mINFO[0m | get_weather_by_coords:40 | Weather: 26.18Â°C, Clear
2026-02-17 20:13:03 | weather | [32mINFO[0m | get_weather_by_coords:40 | Weather: 25.23Â°C, Haze
2026-02-17 20:13:04 | weather | [32mINFO[0m | get_aqi_by_coords:242 | AQI fetched: 5
2026-02-17 20:13:05 | weather | [32mINFO[0m | get_weather_by_coords:40 | Weather: 25.18Â°C, Haze
2026-02-17 20:14:32 | weather | [32mINFO[0m | get_weather_by_coords:40 | Weather: 25.15Â°C, Haze
2026-02-17 20:15:26 | weather | [32mINFO[0m | get_weather_by_coords:40 | Weather: 25.23Â°C, Haze
2026-02-17 20:15:26 | weather | [32mINFO[0m | get_aqi_by_coords:242 | AQI fetched: 5
2026-02-17 20:15:28 | weather | [32mINFO[0m | get_weather_by_coords:40 | Weather: 25.15Â°C, Haze
2026-02-17 20:15:29 | weather | [32mINFO[0m | get_weather_by_coords:40 | Weather: 25.18Â°C, Haze
2026-02-17 20:32:49 | weather | [32mINFO[0m | get_weather_by_coords:40 | Weather: 25.23Â°C, Haze
2026-02-17 20:32:50 | weather | [32mINFO[0m | get_aqi_by_coords:242 | AQI fetched: 5
2026-02-17 20:32:53 | weather | [32mINFO[0m | get_weather_by_coords:40 | Weather: 25.15Â°C, Haze
2026-02-17 20:32:54 | weather | [32mINFO[0m | get_weather_by_coords:40 | Weather: 25.18Â°C, Haze
2026-02-17 20:43:11 | weather | [32mINFO[0m | get_weather_by_coords:40 | Weather: 25.23Â°C, Haze
2026-02-17 20:43:11 | weather | [32mINFO[0m | get_aqi_by_coords:242 | AQI fetched: 5
2026-02-17 20:43:12 | weather | [32mINFO[0m | get_weather_by_coords:40 | Weather: 25.15Â°C, Haze
2026-02-17 20:43:13 | weather | [32mINFO[0m | get_weather_by_coords:40 | Weather: 25.18Â°C, Haze
2026-02-17 21:00:53 | weather | [32mINFO[0m | get_weather_by_coords:40 | Weather: 25.23Â°C, Haze
2026-02-17 21:00:53 | weather | [32mINFO[0m | get_aqi_by_coords:242 | AQI fetched: 5
2026-02-17 21:00:55 | weather | [32mINFO[0m | get_weather_by_coords:40 | Weather: 25.15Â°C, Haze
2026-02-17 21:00:56 | weather | [32mINFO[0m | get_weather_by_coords:40 | Weather: 25.18Â°C, Haze
2026-02-17 21:13:33 | weather | [32mINFO[0m | get_weather_by_coords:40 | Weather: 25.23Â°C, Haze
2026-02-17 21:13:34 | weather | [32mINFO[0m | get_aqi_by_coords:242 | AQI fetched: 5
2026-02-17 21:13:36 | weather | [32mINFO[0m | get_weather_by_coords:40 | Weather: 25.18Â°C, Haze
2026-02-17 21:58:50 | weather | [32mINFO[0m | get_weather_by_coords:40 | Weather: 25.25Â°C, Haze
2026-02-17 21:58:51 | weather | [32mINFO[0m | get_aqi_by_coords:242 | AQI fetched: 5
2026-02-17 21:58:53 | weather | [32mINFO[0m | get_weather_by_coords:40 | Weather: 25.15Â°C, Haze
2026-02-17 21:58:54 | weather | [32mINFO[0m | get_weather_by_coords:40 | Weather: 25.18Â°C, Haze
2026-02-17 22:19:03 | weather | [32mINFO[0m | get_weather_by_coords:40 | Weather: 24.23Â°C, Haze
2026-02-17 22:19:04 | weather | [32mINFO[0m | get_aqi_by_coords:242 | AQI fetched: 5
2026-02-17 22:19:08 | weather | [32mINFO[0m | get_weather_by_coords:40 | Weather: 24.15Â°C, Haze
2026-02-17 22:19:10 | weather | [32mINFO[0m | get_weather_by_coords:40 | Weather: 24.18Â°C, Haze
2026-02-17 22:21:48 | weather | [32mINFO[0m | get_weather_by_coords:40 | Weather: 24.23Â°C, Haze
2026-02-17 22:21:51 | weather | [32mINFO[0m | get_aqi_by_coords:242 | AQI fetched: 5
2026-02-17 22:21:55 | weather | [32mINFO[0m | get_weather_by_coords:40 | Weather: 24.15Â°C, Haze
2026-02-17 22:21:57 | weather | [32mINFO[0m | get_weather_by_coords:40 | Weather: 24.18Â°C, Haze
